TN:
SF:src/App.tsx
FN:21,App
FNF:1
FNH:1
FNDA:2,App
DA:22,2
LF:1
LH:1
BRF:0
BRH:0
end_of_record
TN:
SF:src/api/httpClient.ts
FN:36,(anonymous_0)
FN:58,isDemoSession
FN:76,(anonymous_2)
FN:77,(anonymous_3)
FNF:4
FNH:1
FNDA:7,(anonymous_0)
FNDA:0,isDemoSession
FNDA:0,(anonymous_2)
FNDA:0,(anonymous_3)
DA:35,7
DA:36,7
DA:37,7
DA:38,7
DA:41,7
DA:48,7
DA:49,7
DA:59,0
DA:60,0
DA:61,0
DA:63,0
DA:75,7
DA:76,0
DA:78,0
DA:79,0
DA:81,0
DA:82,0
DA:84,0
DA:86,0
DA:91,0
DA:93,0
DA:95,0
DA:97,0
DA:98,0
DA:100,0
LF:25
LH:8
BRDA:37,0,0,7
BRDA:37,0,1,0
BRDA:38,1,0,7
BRDA:38,1,1,0
BRDA:61,2,0,0
BRDA:61,2,1,0
BRDA:79,3,0,0
BRDA:79,3,1,0
BRDA:81,4,0,0
BRDA:81,4,1,0
BRDA:82,5,0,0
BRDA:82,5,1,0
BRDA:86,6,0,0
BRDA:86,6,1,0
BRDA:86,6,2,0
BRDA:86,6,3,0
BRDA:91,7,0,0
BRDA:91,7,1,0
BRDA:93,8,0,0
BRDA:93,8,1,0
BRDA:93,8,2,0
BRDA:95,9,0,0
BRDA:95,9,1,0
BRDA:95,10,0,0
BRDA:95,10,1,0
BRF:25
BRH:2
end_of_record
TN:
SF:src/api/analytics/employees.ts
FN:54,getEmployeeActivity
FN:67,(anonymous_1)
FN:78,(anonymous_2)
FN:121,getEmployeeChanges
FN:140,(anonymous_4)
FN:153,(anonymous_5)
FNF:6
FNH:6
FNDA:3,getEmployeeActivity
FNDA:2,(anonymous_1)
FNDA:2,(anonymous_2)
FNDA:3,getEmployeeChanges
FNDA:1,(anonymous_4)
FNDA:1,(anonymous_5)
DA:55,3
DA:56,3
DA:63,3
DA:64,2
DA:66,2
DA:68,2
DA:69,2
DA:70,2
DA:71,2
DA:78,2
DA:80,1
DA:122,3
DA:123,3
DA:132,3
DA:133,2
DA:135,2
DA:136,2
DA:137,2
DA:139,1
DA:141,1
DA:142,1
DA:143,1
DA:144,1
DA:153,1
DA:155,1
DA:157,1
LF:26
LH:26
BRDA:57,0,0,3
BRDA:57,0,1,2
BRDA:58,1,0,3
BRDA:58,1,1,2
BRDA:59,2,0,3
BRDA:59,2,1,2
BRDA:60,3,0,3
BRDA:60,3,1,3
BRDA:64,4,0,0
BRDA:64,4,1,2
BRDA:70,5,0,0
BRDA:70,5,1,2
BRDA:70,6,0,2
BRDA:70,6,1,2
BRDA:74,7,0,2
BRDA:74,7,1,1
BRDA:124,8,0,3
BRDA:124,8,1,3
BRDA:125,9,0,3
BRDA:125,9,1,3
BRDA:126,10,0,3
BRDA:126,10,1,2
BRDA:127,11,0,3
BRDA:127,11,1,2
BRDA:128,12,0,3
BRDA:128,12,1,3
BRDA:129,13,0,3
BRDA:129,13,1,3
BRDA:133,14,0,0
BRDA:133,14,1,2
BRDA:133,15,0,2
BRDA:133,15,1,2
BRDA:137,16,0,1
BRDA:137,16,1,1
BRDA:143,17,0,0
BRDA:143,17,1,1
BRDA:143,18,0,1
BRDA:143,18,1,1
BRF:38
BRH:34
end_of_record
TN:
SF:src/api/analytics/finance.ts
FN:53,getFinancialSummary
FN:64,(anonymous_1)
FNF:2
FNH:2
FNDA:6,getFinancialSummary
FNDA:5,(anonymous_1)
DA:39,1
DA:56,6
DA:57,6
DA:58,6
DA:59,6
DA:60,6
DA:62,6
DA:64,5
DA:65,5
DA:66,5
DA:67,4
DA:68,4
DA:71,5
DA:72,5
DA:74,5
DA:84,1
LF:16
LH:16
BRDA:58,0,0,4
BRDA:58,0,1,2
BRDA:59,1,0,4
BRDA:59,1,1,2
BRDA:60,2,0,3
BRDA:60,2,1,3
BRDA:65,3,0,0
BRDA:65,3,1,5
BRDA:66,4,0,1
BRDA:66,4,1,4
BRDA:67,5,0,0
BRDA:67,5,1,4
BRDA:72,6,0,0
BRDA:72,6,1,5
BRF:14
BRH:11
end_of_record
TN:
SF:src/api/analytics/frequency.ts
FN:25,getItemUpdateFrequency
FN:37,(anonymous_1)
FN:44,(anonymous_2)
FNF:3
FNH:3
FNDA:6,getItemUpdateFrequency
FNDA:8,(anonymous_1)
FNDA:8,(anonymous_2)
DA:29,6
DA:30,5
DA:31,5
DA:34,4
DA:36,3
DA:38,8
DA:39,8
DA:40,7
DA:41,8
DA:42,8
DA:44,8
DA:47,1
LF:12
LH:12
BRDA:27,0,0,6
BRDA:29,1,0,1
BRDA:29,1,1,5
BRDA:34,2,0,1
BRDA:34,2,1,3
BRDA:39,3,0,1
BRDA:39,3,1,7
BRDA:40,4,0,7
BRDA:40,4,1,5
BRF:9
BRH:9
end_of_record
TN:
SF:src/api/analytics/lowStock.ts
FN:20,getLowStockItems
FN:33,(anonymous_1)
FN:39,(anonymous_2)
FN:42,(anonymous_3)
FNF:4
FNH:4
FNDA:6,getLowStockItems
FNDA:5,(anonymous_1)
FNDA:5,(anonymous_2)
FNDA:5,(anonymous_3)
DA:21,6
DA:22,5
DA:23,5
DA:28,4
DA:29,4
DA:30,1
DA:32,4
DA:34,5
DA:35,5
DA:36,5
DA:37,5
DA:39,5
DA:42,5
DA:43,4
DA:45,1
LF:15
LH:15
BRDA:21,0,0,1
BRDA:21,0,1,5
BRDA:29,1,0,2
BRDA:29,1,1,2
BRDA:29,2,0,1
BRDA:29,2,1,1
BRDA:29,3,0,2
BRDA:29,3,1,2
BRDA:37,4,0,5
BRDA:37,4,1,0
BRF:10
BRH:9
end_of_record
TN:
SF:src/api/analytics/metrics.ts
FN:19,getItemCount
FN:33,getSupplierCount
FN:47,getLowStockCount
FNF:3
FNH:3
FNDA:5,getItemCount
FNDA:2,getSupplierCount
FNDA:2,getLowStockCount
DA:20,5
DA:21,5
DA:22,4
DA:24,1
DA:34,2
DA:35,2
DA:36,1
DA:38,1
DA:48,2
DA:49,2
DA:50,1
DA:52,1
LF:12
LH:12
BRDA:22,0,0,4
BRDA:22,0,1,2
BRDA:36,1,0,1
BRDA:36,1,1,0
BRDA:50,2,0,1
BRDA:50,2,1,0
BRF:6
BRH:4
end_of_record
TN:
SF:src/api/analytics/priceTrend.ts
FN:37,getPriceTrend
FN:44,(anonymous_1)
FN:48,(anonymous_2)
FNF:3
FNH:3
FNDA:5,getPriceTrend
FNDA:3,(anonymous_1)
FNDA:4,(anonymous_2)
DA:38,5
DA:39,4
DA:40,4
DA:43,3
DA:44,3
DA:48,4
DA:49,2
DA:51,1
LF:8
LH:8
BRDA:38,0,0,1
BRDA:38,0,1,4
BRDA:43,1,0,1
BRDA:43,1,1,2
BRDA:45,2,0,3
BRDA:45,2,1,0
BRF:6
BRH:5
end_of_record
TN:
SF:src/api/analytics/reasonBreakdown.ts
FN:49,getReasonBreakdown
FN:62,(anonymous_1)
FN:71,(anonymous_2)
FNF:3
FNH:3
FNDA:5,getReasonBreakdown
FNDA:4,(anonymous_1)
FNDA:4,(anonymous_2)
DA:50,5
DA:51,5
DA:58,5
DA:59,4
DA:61,3
DA:63,4
DA:64,4
DA:65,3
DA:71,4
DA:73,1
LF:10
LH:10
BRDA:52,0,0,5
BRDA:52,0,1,4
BRDA:53,1,0,5
BRDA:53,1,1,4
BRDA:54,2,0,5
BRDA:54,2,1,4
BRDA:55,3,0,5
BRDA:55,3,1,4
BRDA:59,4,0,1
BRDA:59,4,1,3
BRDA:64,5,0,1
BRDA:64,5,1,3
BRF:12
BRH:12
end_of_record
TN:
SF:src/api/analytics/stock.ts
FN:31,getStockValueOverTime
FN:35,(anonymous_1)
FN:39,(anonymous_2)
FN:47,getMonthlyStockMovement
FN:51,(anonymous_4)
FN:62,getStockPerSupplier
FN:67,(anonymous_6)
FN:68,(anonymous_7)
FNF:8
FNH:8
FNDA:3,getStockValueOverTime
FNDA:3,(anonymous_1)
FNDA:4,(anonymous_2)
FNDA:3,getMonthlyStockMovement
FNDA:2,(anonymous_4)
FNDA:3,getStockPerSupplier
FNDA:4,(anonymous_6)
FNDA:4,(anonymous_7)
DA:32,3
DA:33,3
DA:34,2
DA:35,3
DA:39,4
DA:40,1
DA:42,1
DA:48,3
DA:49,3
DA:50,2
DA:51,2
DA:57,1
DA:63,3
DA:64,3
DA:65,2
DA:66,1
DA:67,4
DA:68,4
DA:70,1
LF:19
LH:19
BRDA:34,0,0,1
BRDA:34,0,1,1
BRDA:36,1,0,3
BRDA:36,1,1,0
BRDA:50,2,0,1
BRDA:50,2,1,1
BRDA:52,3,0,2
BRDA:52,3,1,0
BRDA:65,4,0,1
BRDA:65,4,1,1
BRDA:67,5,0,4
BRDA:67,5,1,1
BRF:12
BRH:10
end_of_record
TN:
SF:src/api/analytics/suppliers.ts
FN:23,getSuppliersLite
FN:28,(anonymous_1)
FN:29,(anonymous_2)
FNF:3
FNH:0
FNDA:0,getSuppliersLite
FNDA:0,(anonymous_1)
FNDA:0,(anonymous_2)
DA:24,0
DA:25,0
DA:26,0
DA:27,0
DA:28,0
DA:29,0
DA:31,0
LF:7
LH:0
BRDA:26,0,0,0
BRDA:26,0,1,0
BRDA:28,1,0,0
BRDA:28,1,1,0
BRDA:28,2,0,0
BRDA:28,2,1,0
BRDA:29,3,0,0
BRDA:29,3,1,0
BRF:8
BRH:0
end_of_record
TN:
SF:src/api/analytics/types.ts
FNF:0
FNH:0
LF:0
LH:0
BRF:0
BRH:0
end_of_record
TN:
SF:src/api/analytics/updates.ts
FN:48,getStockUpdates
FN:50,(anonymous_1)
FN:67,(anonymous_2)
FN:85,(anonymous_3)
FNF:4
FNH:4
FNDA:6,getStockUpdates
FNDA:12,(anonymous_1)
FNDA:5,(anonymous_2)
FNDA:5,(anonymous_3)
DA:49,6
DA:50,6
DA:51,12
DA:52,8
DA:53,12
DA:56,6
DA:64,6
DA:65,5
DA:66,4
DA:68,5
DA:69,5
DA:70,5
DA:72,3
DA:73,3
DA:74,3
DA:76,3
DA:83,5
DA:85,5
DA:86,4
DA:89,1
LF:20
LH:20
BRDA:51,0,0,4
BRDA:51,0,1,8
BRDA:52,1,0,4
BRDA:52,1,1,4
BRDA:57,2,0,6
BRDA:57,2,1,2
BRDA:58,3,0,6
BRDA:58,3,1,2
BRDA:59,4,0,6
BRDA:59,4,1,5
BRDA:60,5,0,6
BRDA:60,5,1,5
BRDA:61,6,0,6
BRDA:61,6,1,5
BRDA:65,7,0,1
BRDA:65,7,1,4
BRDA:70,8,0,2
BRDA:70,8,1,3
BRDA:70,9,0,5
BRDA:70,9,1,4
BRDA:80,10,0,3
BRDA:80,10,1,1
BRDA:81,11,0,5
BRDA:81,11,1,1
BRF:24
BRH:24
end_of_record
TN:
SF:src/api/analytics/util.ts
FN:21,asNumber
FN:34,isArrayOfRecords
FN:39,pickString
FN:49,pickNumber
FN:61,paramClean
FNF:5
FNH:5
FNDA:77,asNumber
FNDA:29,isArrayOfRecords
FNDA:55,pickString
FNDA:64,pickNumber
FNDA:18,paramClean
DA:22,77
DA:23,32
DA:24,22
DA:25,22
DA:27,10
DA:35,29
DA:40,55
DA:41,87
DA:42,87
DA:43,44
DA:45,11
DA:50,64
DA:51,139
DA:53,19
DA:62,18
DA:63,18
DA:64,18
DA:65,18
DA:66,18
DA:67,18
DA:68,18
LF:21
LH:21
BRDA:22,0,0,45
BRDA:22,0,1,32
BRDA:22,1,0,42
BRDA:22,1,1,3
BRDA:23,2,0,22
BRDA:23,2,1,10
BRDA:23,3,0,32
BRDA:23,3,1,24
BRDA:25,4,0,19
BRDA:25,4,1,3
BRDA:35,5,0,29
BRDA:35,5,1,20
BRDA:42,6,0,43
BRDA:42,6,1,44
BRDA:43,7,0,1
BRDA:43,7,1,43
BRDA:51,8,0,45
BRDA:51,8,1,94
BRDA:63,9,0,18
BRDA:63,9,1,11
BRDA:64,10,0,18
BRDA:64,10,1,11
BRDA:67,11,0,3
BRDA:67,11,1,15
BRF:24
BRH:24
end_of_record
TN:
SF:src/api/analytics/validation.ts
FN:35,(anonymous_0)
FN:51,(anonymous_1)
FN:67,(anonymous_2)
FNF:3
FNH:3
FNDA:6,(anonymous_0)
FNDA:3,(anonymous_1)
FNDA:4,(anonymous_2)
DA:16,4
DA:29,4
DA:35,6
DA:46,4
DA:51,3
DA:62,4
DA:67,4
LF:7
LH:7
BRF:0
BRH:0
end_of_record
TN:
SF:src/api/analytics/hooks/useDashboardMetrics.ts
FN:45,useDashboardMetrics
FN:48,(anonymous_1)
FNF:2
FNH:2
FNDA:5,useDashboardMetrics
FNDA:2,(anonymous_1)
DA:46,5
DA:49,2
DA:55,1
LF:3
LH:3
BRDA:45,0,0,5
BRF:1
BRH:1
end_of_record
TN:
SF:src/api/analytics/hooks/useLowStockAlerts.ts
FN:35,useItemFrequencyQuery
FN:38,(anonymous_1)
FN:60,useLowStockQuery
FN:63,(anonymous_3)
FNF:4
FNH:4
FNDA:4,useItemFrequencyQuery
FNDA:1,(anonymous_1)
FNDA:4,useLowStockQuery
FNDA:1,(anonymous_3)
DA:36,4
DA:38,1
DA:61,4
DA:63,1
LF:4
LH:4
BRDA:35,0,0,4
BRDA:39,1,0,4
BRDA:39,1,1,3
BRDA:60,2,0,4
BRDA:64,3,0,4
BRDA:64,3,1,3
BRF:6
BRH:6
end_of_record
TN:
SF:src/api/analytics/hooks/usePriceAndFinancials.ts
FN:40,usePriceTrendQuery
FN:43,(anonymous_1)
FN:68,useFinancialSummaryQuery
FN:71,(anonymous_3)
FNF:4
FNH:4
FNDA:3,usePriceTrendQuery
FNDA:1,(anonymous_1)
FNDA:3,useFinancialSummaryQuery
FNDA:1,(anonymous_3)
DA:41,3
DA:43,1
DA:69,3
DA:71,1
LF:4
LH:4
BRDA:40,0,0,3
BRDA:68,1,0,3
BRF:2
BRH:2
end_of_record
TN:
SF:src/api/analytics/hooks/useStockAnalytics.ts
FN:39,useStockValueQuery
FN:42,(anonymous_1)
FN:67,useMonthlyMovementQuery
FN:70,(anonymous_3)
FN:91,useStockPerSupplierQuery
FN:94,(anonymous_5)
FNF:6
FNH:6
FNDA:3,useStockValueQuery
FNDA:1,(anonymous_1)
FNDA:3,useMonthlyMovementQuery
FNDA:1,(anonymous_3)
FNDA:3,useStockPerSupplierQuery
FNDA:1,(anonymous_5)
DA:40,3
DA:42,1
DA:68,3
DA:70,1
DA:92,3
DA:94,1
LF:6
LH:6
BRDA:39,0,0,3
BRDA:67,1,0,3
BRDA:91,2,0,3
BRF:3
BRH:3
end_of_record
TN:
SF:src/api/inventory/itemMutations.ts
FN:45,upsertItem
FN:84,renameItem
FN:115,deleteItem
FNF:3
FNH:3
FNDA:4,upsertItem
FNDA:2,renameItem
FNDA:2,deleteItem
DA:46,4
DA:47,4
DA:48,1
DA:49,1
DA:50,1
DA:52,3
DA:53,1
DA:54,3
DA:57,2
DA:58,2
DA:85,2
DA:86,2
DA:91,1
DA:92,2
DA:94,1
DA:95,1
DA:116,2
DA:117,2
DA:118,1
DA:120,1
DA:121,1
LF:21
LH:21
BRDA:47,0,0,1
BRDA:47,0,1,3
BRDA:50,1,0,1
BRDA:50,1,1,0
BRDA:54,2,0,3
BRDA:54,2,1,0
BRDA:92,3,0,2
BRDA:92,3,1,0
BRF:8
BRH:5
end_of_record
TN:
SF:src/api/inventory/listFetcher.ts
FN:40,(anonymous_0)
FN:51,(anonymous_1)
FN:58,(anonymous_2)
FN:75,(anonymous_3)
FN:102,(anonymous_4)
FNF:5
FNH:5
FNDA:6,(anonymous_0)
FNDA:5,(anonymous_1)
FNDA:5,(anonymous_2)
FNDA:6,(anonymous_3)
FNDA:2,(anonymous_4)
DA:27,1
DA:40,1
DA:41,6
DA:42,6
DA:43,6
DA:44,6
DA:51,1
DA:52,5
DA:53,5
DA:54,5
DA:58,1
DA:59,5
DA:60,5
DA:61,5
DA:75,1
DA:78,6
DA:79,6
DA:81,6
DA:93,5
DA:97,6
DA:100,6
DA:102,2
DA:104,6
DA:112,1
DA:113,1
LF:25
LH:25
BRDA:41,0,0,0
BRDA:41,0,1,6
BRDA:42,1,0,6
BRDA:44,2,0,5
BRDA:44,2,1,1
BRDA:52,3,0,0
BRDA:52,3,1,5
BRDA:52,4,0,5
BRDA:52,4,1,5
BRDA:54,5,0,4
BRDA:54,5,1,1
BRDA:59,6,0,0
BRDA:59,6,1,5
BRDA:59,7,0,5
BRDA:59,7,1,5
BRDA:61,8,0,4
BRDA:61,8,1,1
BRDA:61,9,0,5
BRDA:61,9,1,4
BRDA:83,10,0,6
BRDA:83,10,1,5
BRDA:85,11,0,6
BRDA:85,11,1,5
BRDA:93,12,0,5
BRDA:93,12,1,0
BRDA:93,13,0,5
BRDA:93,13,1,5
BRDA:93,13,2,5
BRF:28
BRH:24
end_of_record
TN:
SF:src/api/inventory/normalizers.ts
FN:30,normalizeInventoryRow
FNF:1
FNH:1
FNDA:6,normalizeInventoryRow
DA:31,6
DA:33,5
DA:34,5
DA:36,3
DA:37,3
DA:39,3
LF:6
LH:6
BRDA:31,0,0,1
BRDA:31,0,1,5
BRDA:34,1,0,2
BRDA:34,1,1,3
BRF:4
BRH:4
end_of_record
TN:
SF:src/api/inventory/priceMutations.ts
FN:33,changePrice
FNF:1
FNH:1
FNDA:2,changePrice
DA:34,2
DA:35,2
DA:40,1
DA:42,1
DA:43,1
LF:5
LH:5
BRF:0
BRH:0
end_of_record
TN:
SF:src/api/inventory/rowFieldExtractors.ts
FN:4,extractId
FN:13,extractName
FN:23,extractCode
FN:33,extractSupplier
FN:53,extractQuantities
FN:65,extractCreatedAt
FNF:6
FNH:6
FNDA:9,extractId
FNDA:6,extractName
FNDA:8,extractCode
FNDA:8,extractSupplier
FNDA:6,extractQuantities
FNDA:5,extractCreatedAt
DA:5,9
DA:14,6
DA:24,8
DA:37,8
DA:40,8
DA:42,8
DA:44,8
DA:49,8
DA:57,6
DA:59,6
DA:61,6
DA:66,5
LF:12
LH:12
BRDA:5,0,0,9
BRDA:5,0,1,6
BRDA:5,0,2,4
BRDA:14,1,0,6
BRDA:14,1,1,3
BRDA:14,1,2,2
BRDA:14,1,3,1
BRDA:24,2,0,8
BRDA:24,2,1,6
BRDA:24,2,2,4
BRDA:24,2,3,3
BRDA:37,3,0,8
BRDA:37,3,1,6
BRDA:42,4,0,8
BRDA:42,4,1,5
BRDA:42,5,0,2
BRDA:42,5,1,3
BRDA:44,6,0,8
BRDA:44,6,1,6
BRDA:44,6,2,5
BRDA:57,7,0,6
BRDA:57,7,1,2
BRDA:59,8,0,6
BRDA:59,8,1,4
BRDA:66,9,0,5
BRDA:66,9,1,2
BRF:26
BRH:26
end_of_record
TN:
SF:src/api/inventory/rowNormalizers.ts
FN:38,(anonymous_0)
FNF:1
FNH:1
FNDA:7,(anonymous_0)
DA:38,1
DA:39,7
DA:41,4
DA:44,4
DA:45,4
DA:47,3
DA:49,7
DA:51,7
DA:52,7
DA:54,7
DA:57,7
DA:60,7
DA:63,7
DA:64,7
DA:67,7
DA:69,7
LF:16
LH:16
BRDA:39,0,0,3
BRDA:39,0,1,4
BRDA:39,1,0,7
BRDA:39,1,1,5
BRDA:45,2,0,1
BRDA:45,2,1,3
BRDA:47,3,0,3
BRDA:47,3,1,1
BRDA:52,4,0,7
BRDA:52,4,1,1
BRDA:54,5,0,7
BRDA:54,5,1,2
BRDA:57,6,0,7
BRDA:57,6,1,1
BRDA:60,7,0,7
BRDA:60,7,1,2
BRDA:63,8,0,7
BRDA:63,8,1,2
BRDA:64,9,0,7
BRDA:64,9,1,2
BRDA:64,10,0,0
BRDA:64,10,1,2
BRDA:67,11,0,7
BRDA:67,11,1,2
BRF:24
BRH:23
end_of_record
TN:
SF:src/api/inventory/stockMutations.ts
FN:40,adjustQuantity
FNF:1
FNH:1
FNDA:3,adjustQuantity
DA:41,3
DA:42,3
DA:47,1
DA:49,2
DA:50,2
LF:5
LH:5
BRF:0
BRH:0
end_of_record
TN:
SF:src/api/inventory/supplierQueries.ts
FN:35,listSuppliers
FNF:1
FNH:1
FNDA:2,listSuppliers
DA:19,1
DA:36,2
DA:37,2
DA:38,1
DA:40,2
DA:41,2
DA:42,4
DA:44,4
DA:49,4
DA:50,4
DA:52,4
DA:57,4
DA:59,1
DA:61,1
LF:14
LH:14
BRDA:38,0,0,1
BRDA:38,0,1,0
BRDA:42,1,0,0
BRDA:42,1,1,4
BRDA:44,2,0,4
BRDA:44,2,1,4
BRDA:44,2,2,3
BRDA:50,3,0,4
BRDA:50,3,1,2
BRDA:50,4,0,1
BRDA:50,4,1,1
BRDA:52,5,0,4
BRDA:52,5,1,2
BRDA:52,5,2,1
BRDA:57,6,0,3
BRDA:57,6,1,1
BRDA:57,7,0,4
BRDA:57,7,1,3
BRF:18
BRH:16
end_of_record
TN:
SF:src/api/inventory/types.ts
FNF:0
FNH:0
LF:0
LH:0
BRF:0
BRH:0
end_of_record
TN:
SF:src/api/inventory/hooks/useItemDetailsQuery.ts
FN:36,useItemDetailsQuery
FN:39,(anonymous_1)
FNF:2
FNH:2
FNDA:3,useItemDetailsQuery
FNDA:3,(anonymous_1)
DA:37,3
DA:40,3
DA:42,2
DA:43,2
DA:44,1
DA:48,3
DA:49,3
DA:51,3
DA:62,1
DA:63,1
LF:10
LH:10
BRDA:40,0,0,1
BRDA:40,0,1,2
BRDA:44,1,0,1
BRDA:44,1,1,0
BRDA:44,2,0,1
BRDA:44,2,1,1
BRDA:45,3,0,0
BRDA:45,3,1,0
BRDA:48,4,0,3
BRDA:48,4,1,0
BRDA:49,5,0,3
BRDA:49,5,1,0
BRDA:52,6,0,3
BRDA:52,6,1,0
BRDA:53,7,0,1
BRDA:53,7,1,0
BRDA:56,8,0,1
BRDA:56,8,1,0
BRDA:57,9,0,1
BRDA:57,9,1,0
BRDA:57,10,0,3
BRDA:57,10,1,1
BRF:22
BRH:13
end_of_record
TN:
SF:src/api/inventory/hooks/useItemSearchQuery.ts
FN:33,useItemSearchQuery
FN:41,(anonymous_1)
FN:54,(anonymous_2)
FNF:3
FNH:3
FNDA:3,useItemSearchQuery
FNDA:2,(anonymous_1)
FNDA:2,(anonymous_2)
DA:37,3
DA:42,2
DA:46,1
DA:54,2
LF:4
LH:4
BRDA:42,0,0,1
BRDA:42,0,1,1
BRDA:62,1,0,3
BRDA:62,1,1,2
BRF:4
BRH:4
end_of_record
TN:
SF:src/api/inventory/hooks/useSuppliersQuery.ts
FN:31,useSuppliersQuery
FN:36,(anonymous_1)
FN:38,(anonymous_2)
FNF:3
FNH:3
FNDA:2,useSuppliersQuery
FNDA:1,(anonymous_1)
FNDA:1,(anonymous_2)
DA:32,2
DA:37,1
DA:38,1
LF:3
LH:3
BRF:0
BRH:0
end_of_record
TN:
SF:src/api/shared/constants.ts
FNF:0
FNH:0
DA:15,11
LF:1
LH:1
BRF:0
BRH:0
end_of_record
TN:
SF:src/api/shared/errorHandling.ts
FN:32,(anonymous_0)
FN:89,(anonymous_1)
FN:102,(anonymous_2)
FNF:3
FNH:3
FNDA:17,(anonymous_0)
FNDA:17,(anonymous_1)
FNDA:3,(anonymous_2)
DA:32,7
DA:34,17
DA:35,9
DA:36,9
DA:38,9
DA:39,8
DA:40,8
DA:41,8
DA:45,5
DA:46,4
DA:47,3
DA:48,2
DA:49,1
DA:51,8
DA:52,5
DA:89,7
DA:90,17
DA:91,8
DA:92,8
DA:93,8
DA:94,8
DA:95,8
DA:96,8
DA:97,7
DA:98,7
DA:99,7
DA:100,7
DA:101,3
DA:102,3
DA:104,3
DA:107,8
DA:114,9
DA:115,3
LF:33
LH:33
BRDA:34,0,0,9
BRDA:34,0,1,8
BRDA:34,1,0,17
BRDA:34,1,1,14
BRDA:38,2,0,8
BRDA:38,2,1,1
BRDA:40,3,0,8
BRDA:40,3,1,5
BRDA:41,4,0,4
BRDA:41,4,1,4
BRDA:45,5,0,1
BRDA:45,5,1,4
BRDA:46,6,0,1
BRDA:46,6,1,3
BRDA:47,7,0,1
BRDA:47,7,1,2
BRDA:48,8,0,1
BRDA:48,8,1,1
BRDA:49,9,0,1
BRDA:49,9,1,0
BRDA:51,10,0,3
BRDA:51,10,1,5
BRDA:90,11,0,8
BRDA:90,11,1,9
BRDA:90,12,0,17
BRDA:90,12,1,14
BRDA:96,13,0,7
BRDA:96,13,1,1
BRDA:98,14,0,7
BRDA:98,14,1,0
BRDA:99,15,0,7
BRDA:99,15,1,3
BRDA:99,15,2,0
BRDA:100,16,0,3
BRDA:100,16,1,4
BRDA:104,17,0,2
BRDA:104,17,1,1
BRDA:109,18,0,8
BRDA:109,18,1,0
BRDA:110,19,0,8
BRDA:110,19,1,1
BRDA:114,20,0,6
BRDA:114,20,1,3
BRF:43
BRH:39
end_of_record
TN:
SF:src/api/shared/fieldPickers.ts
FN:27,(anonymous_0)
FN:45,(anonymous_1)
FN:72,(anonymous_2)
FN:93,(anonymous_3)
FNF:4
FNH:4
FNDA:207,(anonymous_0)
FNDA:78,(anonymous_1)
FNDA:4,(anonymous_2)
FNDA:9,(anonymous_3)
DA:27,14
DA:28,207
DA:29,207
DA:45,14
DA:46,78
DA:47,78
DA:48,39
DA:50,39
DA:51,13
DA:52,13
DA:53,11
DA:54,11
DA:56,26
DA:72,14
DA:73,4
DA:74,6
DA:75,6
DA:77,2
DA:93,14
DA:94,9
DA:95,21
DA:96,21
DA:98,4
LF:23
LH:23
BRDA:29,0,0,80
BRDA:29,0,1,127
BRDA:47,1,0,39
BRDA:47,1,1,39
BRDA:48,2,0,36
BRDA:48,2,1,3
BRDA:50,3,0,13
BRDA:50,3,1,26
BRDA:52,4,0,2
BRDA:52,4,1,11
BRDA:54,5,0,8
BRDA:54,5,1,3
BRDA:75,6,0,2
BRDA:75,6,1,4
BRDA:96,7,0,5
BRDA:96,7,1,16
BRF:16
BRH:16
end_of_record
TN:
SF:src/api/shared/itemSearch.ts
FN:30,normalizeItemsList
FN:33,(anonymous_1)
FN:38,(anonymous_2)
FN:42,extractPageContent
FN:52,searchItems
FN:66,searchItemsGlobal
FN:71,searchItemsForSupplier
FNF:7
FNH:7
FNDA:11,normalizeItemsList
FNDA:10,(anonymous_1)
FNDA:10,(anonymous_2)
FNDA:3,extractPageContent
FNDA:5,searchItems
FNDA:4,searchItemsGlobal
FNDA:2,searchItemsForSupplier
DA:31,11
DA:32,7
DA:33,10
DA:38,10
DA:43,3
DA:44,3
DA:45,3
DA:53,5
DA:54,5
DA:55,4
DA:56,4
DA:57,4
DA:58,4
DA:59,3
DA:61,1
DA:67,4
DA:76,2
DA:77,1
LF:18
LH:18
BRDA:31,0,0,4
BRDA:31,0,1,7
BRDA:34,1,0,10
BRDA:34,1,1,2
BRDA:34,1,2,1
BRDA:35,2,0,10
BRDA:35,2,1,1
BRDA:35,2,2,0
BRDA:36,3,0,3
BRDA:36,3,1,7
BRDA:36,4,0,10
BRDA:36,4,1,7
BRDA:38,5,0,10
BRDA:38,5,1,8
BRDA:43,6,0,0
BRDA:43,6,1,3
BRDA:43,7,0,3
BRDA:43,7,1,3
BRDA:45,8,0,2
BRDA:45,8,1,1
BRDA:54,9,0,1
BRDA:54,9,1,4
BRDA:57,10,0,1
BRDA:57,10,1,3
BRDA:66,11,0,4
BRDA:74,12,0,2
BRDA:76,13,0,1
BRDA:76,13,1,1
BRF:28
BRH:26
end_of_record
TN:
SF:src/api/shared/responseExtraction.ts
FN:28,(anonymous_0)
FN:51,(anonymous_1)
FNF:2
FNH:2
FNDA:4,(anonymous_0)
FNDA:4,(anonymous_1)
DA:28,2
DA:29,4
DA:30,2
DA:31,2
DA:33,2
DA:51,2
DA:52,4
DA:53,3
DA:54,3
DA:55,3
DA:57,1
LF:11
LH:11
BRDA:29,0,0,2
BRDA:29,0,1,2
BRDA:29,1,0,4
BRDA:29,1,1,3
BRDA:31,2,0,2
BRDA:31,2,1,0
BRDA:52,3,0,1
BRDA:52,3,1,3
BRDA:55,4,0,2
BRDA:55,4,1,1
BRF:10
BRH:9
end_of_record
TN:
SF:src/api/shared/typeGuards.ts
FN:24,(anonymous_0)
FNF:1
FNH:1
FNDA:174,(anonymous_0)
DA:24,24
DA:25,174
LF:2
LH:2
BRDA:25,0,0,174
BRDA:25,0,1,136
BRDA:25,0,2,127
BRF:3
BRH:3
end_of_record
TN:
SF:src/api/shared/types.ts
FNF:0
FNH:0
LF:0
LH:0
BRF:0
BRH:0
end_of_record
TN:
SF:src/api/suppliers/supplierListFetcher.ts
FN:34,(anonymous_0)
FN:60,(anonymous_1)
FN:72,(anonymous_2)
FN:92,(anonymous_3)
FN:105,(anonymous_4)
FN:128,(anonymous_5)
FNF:6
FNH:3
FNDA:1,(anonymous_0)
FNDA:0,(anonymous_1)
FNDA:0,(anonymous_2)
FNDA:0,(anonymous_3)
FNDA:2,(anonymous_4)
FNDA:2,(anonymous_5)
DA:20,2
DA:34,2
DA:60,2
DA:61,0
DA:62,0
DA:64,0
DA:68,0
DA:70,0
DA:72,0
DA:74,0
DA:75,0
DA:92,2
DA:93,0
DA:94,0
DA:95,0
DA:98,0
DA:100,0
DA:101,0
DA:105,2
DA:108,2
DA:109,2
DA:119,1
DA:123,2
DA:126,2
DA:128,2
DA:131,2
DA:133,2
DA:141,1
DA:142,1
LF:29
LH:15
BRDA:34,0,0,1
BRDA:34,0,1,0
BRDA:64,1,0,0
BRDA:64,1,1,0
BRDA:64,2,0,0
BRDA:64,2,1,0
BRDA:64,2,2,0
BRDA:95,3,0,0
BRDA:95,3,1,0
BRDA:95,4,0,0
BRDA:95,4,1,0
BRDA:95,4,2,0
BRDA:113,5,0,2
BRDA:113,5,1,1
BRDA:114,6,0,2
BRDA:114,6,1,1
BRDA:119,7,0,1
BRDA:119,7,1,0
BRDA:119,8,0,1
BRDA:119,8,1,1
BRDA:119,8,2,1
BRF:21
BRH:9
end_of_record
TN:
SF:src/api/suppliers/supplierMutations.ts
FN:35,(anonymous_0)
FN:74,(anonymous_1)
FN:111,(anonymous_2)
FNF:3
FNH:3
FNDA:3,(anonymous_0)
FNDA:2,(anonymous_1)
FNDA:2,(anonymous_2)
DA:35,1
DA:38,3
DA:39,3
DA:42,2
DA:46,3
DA:47,3
DA:52,1
DA:74,1
DA:78,2
DA:79,2
DA:82,1
DA:86,2
DA:87,2
DA:92,1
DA:111,1
DA:114,2
DA:115,2
DA:116,1
DA:118,1
LF:19
LH:19
BRDA:42,0,0,2
BRDA:42,0,1,0
BRDA:42,1,0,2
BRDA:42,1,1,2
BRDA:42,1,2,2
BRDA:49,2,0,1
BRDA:49,2,1,1
BRDA:82,3,0,1
BRDA:82,3,1,0
BRDA:82,4,0,1
BRDA:82,4,1,1
BRDA:82,4,2,1
BRDA:89,5,0,1
BRDA:89,5,1,0
BRF:14
BRH:11
end_of_record
TN:
SF:src/api/suppliers/supplierNormalizers.ts
FN:31,(anonymous_0)
FNF:1
FNH:1
FNDA:12,(anonymous_0)
DA:31,1
DA:32,12
DA:34,8
DA:37,8
DA:38,12
DA:39,4
DA:40,4
DA:42,8
DA:44,6
DA:45,6
DA:47,5
LF:11
LH:11
BRDA:32,0,0,4
BRDA:32,0,1,8
BRDA:32,1,0,12
BRDA:32,1,1,9
BRDA:37,2,0,8
BRDA:37,2,1,4
BRDA:38,3,0,4
BRDA:38,3,1,8
BRDA:40,4,0,2
BRDA:40,4,1,2
BRDA:42,5,0,2
BRDA:42,5,1,6
BRDA:45,6,0,1
BRDA:45,6,1,5
BRDA:50,7,0,5
BRDA:50,7,1,3
BRDA:51,8,0,12
BRDA:51,8,1,2
BRDA:52,9,0,12
BRDA:52,9,1,3
BRDA:53,10,0,12
BRDA:53,10,1,4
BRDA:54,11,0,12
BRDA:54,11,1,4
BRF:24
BRH:24
end_of_record
TN:
SF:src/api/suppliers/types.ts
FNF:0
FNH:0
LF:0
LH:0
BRF:0
BRH:0
end_of_record
TN:
SF:src/api/suppliers/validation.ts
FN:28,(anonymous_0)
FN:32,(anonymous_1)
FN:37,(anonymous_2)
FNF:3
FNH:3
FNDA:8,(anonymous_0)
FNDA:8,(anonymous_1)
FNDA:6,(anonymous_2)
DA:20,2
DA:28,8
DA:32,8
DA:37,6
DA:50,2
LF:5
LH:5
BRDA:28,0,0,8
BRDA:28,0,1,6
BRDA:32,1,0,8
BRDA:32,1,1,7
BRDA:37,2,0,6
BRDA:37,2,1,5
BRF:6
BRH:6
end_of_record
TN:
SF:src/api/suppliers/hooks/useSupplierByIdQuery.ts
FN:32,(anonymous_0)
FN:38,(anonymous_1)
FNF:2
FNH:2
FNDA:3,(anonymous_0)
FNDA:1,(anonymous_1)
DA:32,1
DA:36,3
DA:39,1
DA:41,1
LF:4
LH:4
BRDA:34,0,0,3
BRDA:39,1,0,0
BRDA:39,1,1,1
BRDA:43,2,0,3
BRDA:43,2,1,2
BRF:5
BRH:4
end_of_record
TN:
SF:src/api/suppliers/hooks/useSupplierPageQuery.ts
FN:34,(anonymous_0)
FN:40,(anonymous_1)
FNF:2
FNH:2
FNDA:2,(anonymous_0)
FNDA:1,(anonymous_1)
DA:34,1
DA:38,2
DA:40,1
LF:3
LH:3
BRDA:36,0,0,2
BRF:1
BRH:1
end_of_record
TN:
SF:src/api/suppliers/hooks/useSupplierSearchQuery.ts
FN:34,(anonymous_0)
FN:40,(anonymous_1)
FNF:2
FNH:2
FNDA:3,(anonymous_0)
FNDA:2,(anonymous_1)
DA:34,1
DA:38,3
DA:41,2
DA:42,2
DA:44,1
LF:5
LH:5
BRDA:36,0,0,3
BRDA:42,1,0,1
BRDA:42,1,1,1
BRDA:46,2,0,3
BRDA:46,2,1,3
BRF:5
BRH:5
end_of_record
TN:
SF:src/app/HamburgerMenu/AppearanceMenuSection.tsx
FN:31,AppearanceMenuSection
FN:38,(anonymous_1)
FNF:2
FNH:2
FNDA:8,AppearanceMenuSection
FNDA:1,(anonymous_1)
DA:35,8
DA:36,8
DA:38,8
DA:39,1
DA:42,8
LF:5
LH:5
BRF:0
BRH:0
end_of_record
TN:
SF:src/app/HamburgerMenu/HamburgerMenu.tsx
FN:53,HamburgerMenu
FN:64,(anonymous_1)
FN:68,(anonymous_2)
FNF:3
FNH:3
FNDA:18,HamburgerMenu
FNDA:7,(anonymous_1)
FNDA:1,(anonymous_2)
DA:60,18
DA:61,18
DA:62,18
DA:64,18
DA:65,7
DA:68,18
DA:69,1
DA:72,18
LF:8
LH:8
BRF:0
BRH:0
end_of_record
TN:
SF:src/app/HamburgerMenu/HelpDocsMenuSection.tsx
FN:26,HelpDocsMenuSection
FN:54,(anonymous_1)
FNF:2
FNH:2
FNDA:8,HelpDocsMenuSection
FNDA:24,(anonymous_1)
DA:27,8
DA:29,8
DA:47,8
DA:55,24
LF:4
LH:4
BRF:0
BRH:0
end_of_record
TN:
SF:src/app/HamburgerMenu/LanguageRegionMenuSection.tsx
FN:34,LanguageRegionMenuSection
FN:41,(anonymous_1)
FN:45,(anonymous_2)
FNF:3
FNH:3
FNDA:11,LanguageRegionMenuSection
FNDA:1,(anonymous_1)
FNDA:1,(anonymous_2)
DA:38,11
DA:39,11
DA:41,11
DA:42,1
DA:45,11
DA:46,1
DA:49,11
LF:7
LH:7
BRF:0
BRH:0
end_of_record
TN:
SF:src/app/HamburgerMenu/NotificationsMenuSection.tsx
FN:6,NotificationsMenuSection
FNF:1
FNH:1
FNDA:10,NotificationsMenuSection
DA:7,10
DA:9,10
DA:10,10
DA:12,10
DA:13,1
DA:16,9
LF:6
LH:6
BRDA:9,0,0,10
BRDA:9,0,1,2
BRDA:10,1,0,10
BRDA:10,1,1,9
BRDA:12,2,0,1
BRDA:12,2,1,9
BRDA:16,3,0,5
BRDA:16,3,1,4
BRF:8
BRH:8
end_of_record
TN:
SF:src/app/HamburgerMenu/ProfileMenuSection.tsx
FN:22,ProfileMenuSection
FNF:1
FNH:1
FNDA:8,ProfileMenuSection
DA:23,8
DA:24,8
DA:25,8
DA:27,8
LF:4
LH:4
BRF:0
BRH:0
end_of_record
TN:
SF:src/app/HamburgerMenu/SystemInfoMenuSection.tsx
FN:28,SystemInfoMenuSection
FNF:1
FNH:1
FNDA:6,SystemInfoMenuSection
DA:29,6
DA:30,6
DA:32,6
DA:33,6
DA:34,6
DA:36,6
LF:6
LH:6
BRDA:55,0,0,5
BRDA:55,0,1,1
BRF:2
BRH:2
end_of_record
TN:
SF:src/app/HamburgerMenu/AppearanceSettings/TableDensitySetting.tsx
FN:28,TableDensitySetting
FN:42,(anonymous_1)
FNF:2
FNH:2
FNDA:11,TableDensitySetting
FNDA:5,(anonymous_1)
DA:32,11
DA:34,11
DA:43,5
LF:3
LH:3
BRDA:40,0,0,10
BRDA:40,0,1,1
BRDA:40,1,0,11
BRDA:40,1,1,8
BRDA:43,2,0,4
BRDA:43,2,1,1
BRF:6
BRH:6
end_of_record
TN:
SF:src/app/HamburgerMenu/AppearanceSettings/ThemeToggle.tsx
FN:31,ThemeToggle
FN:45,(anonymous_1)
FN:59,(anonymous_2)
FNF:3
FNH:3
FNDA:10,ThemeToggle
FNDA:2,(anonymous_1)
FNDA:2,(anonymous_2)
DA:35,10
DA:37,10
DA:45,2
DA:59,2
LF:4
LH:4
BRDA:47,0,0,7
BRDA:47,0,1,3
BRDA:55,1,0,7
BRDA:55,1,1,3
BRDA:61,2,0,3
BRDA:61,2,1,7
BRF:6
BRH:6
end_of_record
TN:
SF:src/app/HamburgerMenu/LanguageRegionSettings/DateFormatSetting.tsx
FN:33,DateFormatSetting
FN:48,(anonymous_1)
FNF:2
FNH:2
FNDA:11,DateFormatSetting
FNDA:4,(anonymous_1)
DA:37,11
DA:39,11
DA:48,4
LF:3
LH:3
BRDA:47,0,0,10
BRDA:47,0,1,1
BRDA:47,1,0,11
BRDA:47,1,1,4
BRF:4
BRH:4
end_of_record
TN:
SF:src/app/HamburgerMenu/LanguageRegionSettings/LanguageToggle.tsx
FN:39,LanguageToggle
FN:45,(anonymous_1)
FN:58,(anonymous_2)
FNF:3
FNH:3
FNDA:12,LanguageToggle
FNDA:5,(anonymous_1)
FNDA:6,(anonymous_2)
DA:31,1
DA:32,1
DA:43,12
DA:45,12
DA:46,5
DA:47,5
DA:50,12
DA:59,6
DA:60,5
LF:9
LH:9
BRDA:59,0,0,5
BRDA:59,0,1,1
BRF:2
BRH:2
end_of_record
TN:
SF:src/app/HamburgerMenu/LanguageRegionSettings/NumberFormatSetting.tsx
FN:33,NumberFormatSetting
FN:48,(anonymous_1)
FNF:2
FNH:2
FNDA:11,NumberFormatSetting
FNDA:4,(anonymous_1)
DA:37,11
DA:39,11
DA:48,4
LF:3
LH:3
BRDA:47,0,0,10
BRDA:47,0,1,1
BRDA:47,1,0,11
BRDA:47,1,1,4
BRF:4
BRH:4
end_of_record
TN:
SF:src/app/HamburgerMenu/MenuContent/LogoutMenuAction.tsx
FN:27,LogoutMenuAction
FN:33,(anonymous_1)
FNF:2
FNH:2
FNDA:7,LogoutMenuAction
FNDA:3,(anonymous_1)
DA:31,7
DA:33,7
DA:34,3
DA:35,3
DA:38,7
LF:5
LH:5
BRF:0
BRH:0
end_of_record
TN:
SF:src/app/HamburgerMenu/MenuContent/MenuSectionsRenderer.tsx
FN:42,MenuSectionsRenderer
FNF:1
FNH:1
FNDA:10,MenuSectionsRenderer
DA:49,10
LF:1
LH:1
BRF:0
BRH:0
end_of_record
TN:
SF:src/app/HamburgerMenu/NotificationSettings/AllClearNotificationSection.tsx
FN:21,AllClearNotificationSection
FNF:1
FNH:1
FNDA:8,AllClearNotificationSection
DA:22,8
DA:24,8
LF:2
LH:2
BRF:0
BRH:0
end_of_record
TN:
SF:src/app/HamburgerMenu/NotificationSettings/LowStockAlertSection.tsx
FN:26,LowStockAlertSection
FN:31,(anonymous_1)
FNF:2
FNH:2
FNDA:13,LowStockAlertSection
FNDA:13,(anonymous_1)
DA:27,13
DA:29,13
DA:31,13
LF:3
LH:3
BRF:0
BRH:0
end_of_record
TN:
SF:src/app/HamburgerMenu/NotificationSettings/NotificationLoadingState.tsx
FN:19,NotificationLoadingState
FNF:1
FNH:1
FNDA:4,NotificationLoadingState
DA:20,4
LF:1
LH:1
BRF:0
BRH:0
end_of_record
TN:
SF:src/app/HamburgerMenu/ProfileSettings/ProfileEmailDisplay.tsx
FN:30,ProfileEmailDisplay
FNF:1
FNH:1
FNDA:9,ProfileEmailDisplay
DA:31,9
DA:33,9
LF:2
LH:2
BRDA:39,0,0,3
BRDA:39,0,1,6
BRDA:41,1,0,6
BRDA:41,1,1,2
BRF:4
BRH:4
end_of_record
TN:
SF:src/app/HamburgerMenu/ProfileSettings/ProfileNameDisplay.tsx
FN:25,ProfileNameDisplay
FNF:1
FNH:1
FNDA:7,ProfileNameDisplay
DA:26,7
DA:28,7
LF:2
LH:2
BRDA:34,0,0,7
BRDA:34,0,1,2
BRF:2
BRH:2
end_of_record
TN:
SF:src/app/HamburgerMenu/ProfileSettings/ProfileRoleDisplay.tsx
FN:28,ProfileRoleDisplay
FNF:1
FNH:1
FNDA:9,ProfileRoleDisplay
DA:29,9
DA:32,9
DA:33,9
DA:35,9
LF:4
LH:4
BRDA:32,0,0,9
BRDA:32,0,1,2
BRDA:33,1,0,9
BRDA:33,1,1,2
BRDA:44,2,0,9
BRDA:44,2,1,3
BRF:6
BRH:6
end_of_record
TN:
SF:src/app/footer/AppFooter.tsx
FN:31,AppFooter
FNF:1
FNH:1
FNDA:6,AppFooter
DA:32,6
DA:34,6
LF:2
LH:2
BRF:0
BRH:0
end_of_record
TN:
SF:src/app/footer/FooterLinks.tsx
FN:45,FooterLinks
FN:91,(anonymous_1)
FNF:2
FNH:2
FNDA:15,FooterLinks
FNDA:105,(anonymous_1)
DA:46,15
DA:48,15
DA:84,15
DA:92,105
LF:4
LH:4
BRDA:92,0,0,30
BRDA:92,0,1,75
BRDA:107,1,0,60
BRDA:107,1,1,15
BRDA:108,2,0,60
BRDA:108,2,1,15
BRF:6
BRH:6
end_of_record
TN:
SF:src/app/footer/FooterMetaInfo.tsx
FN:57,FooterMetaInfo
FNF:1
FNH:1
FNDA:15,FooterMetaInfo
DA:64,15
DA:66,15
LF:2
LH:2
BRF:0
BRH:0
end_of_record
TN:
SF:src/app/footer/HealthStatusDisplay.tsx
FN:42,HealthStatusDisplay
FNF:1
FNH:1
FNDA:17,HealthStatusDisplay
DA:43,17
DA:45,17
DA:46,17
DA:47,17
DA:48,17
DA:50,17
LF:6
LH:6
BRDA:47,0,0,15
BRDA:47,0,1,2
BRDA:48,1,0,16
BRDA:48,1,1,1
BRDA:70,2,0,15
BRDA:70,2,1,2
BRDA:74,3,0,15
BRDA:74,3,1,2
BRDA:79,4,0,17
BRDA:79,4,1,15
BRDA:104,5,0,16
BRDA:104,5,1,1
BRDA:108,6,0,16
BRDA:108,6,1,1
BRF:14
BRH:14
end_of_record
TN:
SF:src/app/footer/useFooterState.ts
FN:39,useFooterState
FNF:1
FNH:1
FNDA:4,useFooterState
DA:40,4
DA:41,4
DA:43,4
DA:51,4
LF:4
LH:4
BRF:0
BRH:0
end_of_record
TN:
SF:src/app/layout/AppHeader.tsx
FN:65,AppHeader
FN:81,(anonymous_1)
FNF:2
FNH:2
FNDA:3,AppHeader
FNDA:3,(anonymous_1)
DA:75,3
DA:77,3
DA:81,3
LF:3
LH:3
BRF:0
BRH:0
end_of_record
TN:
SF:src/app/layout/AppMain.tsx
FN:31,AppMain
FNF:1
FNH:1
FNDA:4,AppMain
DA:32,4
LF:1
LH:1
BRF:0
BRH:0
end_of_record
TN:
SF:src/app/layout/AppShell.tsx
FN:57,AppShell
FN:75,(anonymous_1)
FN:114,(anonymous_2)
FN:114,(anonymous_3)
FN:129,(anonymous_4)
FN:135,(anonymous_5)
FN:153,(anonymous_6)
FN:153,(anonymous_7)
FN:163,(anonymous_8)
FNF:9
FNH:4
FNDA:9,AppShell
FNDA:2,(anonymous_1)
FNDA:1,(anonymous_2)
FNDA:1,(anonymous_3)
FNDA:0,(anonymous_4)
FNDA:0,(anonymous_5)
FNDA:0,(anonymous_6)
FNDA:0,(anonymous_7)
FNDA:0,(anonymous_8)
DA:58,9
DA:59,9
DA:60,9
DA:61,9
DA:62,9
DA:65,9
DA:68,9
DA:75,9
DA:76,2
DA:79,9
DA:83,9
DA:87,9
DA:95,9
DA:96,9
DA:98,9
DA:114,1
DA:129,0
DA:135,0
DA:153,0
DA:163,0
LF:20
LH:16
BRDA:75,0,0,2
BRDA:136,1,0,9
BRDA:136,1,1,0
BRDA:153,2,0,0
BRDA:153,2,1,0
BRDA:157,3,0,9
BRDA:157,3,1,7
BRF:7
BRH:4
end_of_record
TN:
SF:src/app/layout/AppSidebar.tsx
FN:64,AppSidebar
FNF:1
FNH:1
FNDA:11,AppSidebar
DA:20,2
DA:76,11
DA:87,11
LF:3
LH:3
BRF:0
BRH:0
end_of_record
TN:
SF:src/app/layout/AppToolbarActions.tsx
FN:54,AppToolbarActions
FN:68,(anonymous_1)
FNF:2
FNH:2
FNDA:12,AppToolbarActions
FNDA:2,(anonymous_1)
DA:22,2
DA:23,2
DA:62,12
DA:64,12
DA:68,2
LF:5
LH:5
BRDA:68,0,0,1
BRDA:68,0,1,1
BRDA:70,1,0,2
BRDA:70,1,1,10
BRDA:71,2,0,2
BRDA:71,2,1,10
BRF:6
BRH:6
end_of_record
TN:
SF:src/app/layout/SidebarDrawerContent.tsx
FN:49,SidebarDrawerContent
FNF:1
FNH:1
FNDA:22,SidebarDrawerContent
DA:58,22
DA:59,22
DA:60,22
DA:62,22
LF:4
LH:4
BRF:0
BRH:0
end_of_record
TN:
SF:src/app/layout/navConfig.ts
FN:112,getHelpTopicForRoute
FNF:1
FNH:0
FNDA:0,getHelpTopicForRoute
DA:25,0
DA:38,0
DA:76,0
DA:113,0
DA:114,0
DA:115,0
DA:116,0
DA:117,0
LF:8
LH:0
BRDA:113,0,0,0
BRDA:113,0,1,0
BRDA:114,1,0,0
BRDA:114,1,1,0
BRDA:115,2,0,0
BRDA:115,2,1,0
BRDA:116,3,0,0
BRDA:116,3,1,0
BRF:8
BRH:0
end_of_record
TN:
SF:src/app/layout/useShellLogout.ts
FN:22,useShellLogout
FN:28,(anonymous_1)
FNF:2
FNH:2
FNDA:9,useShellLogout
FNDA:1,(anonymous_1)
DA:28,9
DA:30,1
DA:31,1
DA:32,1
DA:33,1
DA:34,1
DA:38,0
DA:39,0
DA:40,0
DA:41,0
DA:42,0
DA:43,0
DA:44,0
LF:13
LH:6
BRDA:30,0,0,1
BRDA:30,0,1,0
BRF:2
BRH:1
end_of_record
TN:
SF:src/app/layout/useShellSettings.ts
FN:28,normalizeLocale
FN:42,useShellSettings
FN:49,(anonymous_2)
FN:50,(anonymous_3)
FN:52,(anonymous_4)
FN:58,(anonymous_5)
FN:64,(anonymous_6)
FN:66,(anonymous_7)
FN:67,(anonymous_8)
FN:82,(anonymous_9)
FNF:10
FNH:9
FNDA:9,normalizeLocale
FNDA:9,useShellSettings
FNDA:6,(anonymous_2)
FNDA:0,(anonymous_3)
FNDA:6,(anonymous_4)
FNDA:6,(anonymous_5)
FNDA:8,(anonymous_6)
FNDA:1,(anonymous_7)
FNDA:1,(anonymous_8)
FNDA:1,(anonymous_9)
DA:24,1
DA:25,1
DA:29,9
DA:43,9
DA:46,9
DA:47,9
DA:49,9
DA:50,6
DA:51,6
DA:52,6
DA:53,6
DA:58,9
DA:59,6
DA:60,6
DA:64,9
DA:66,9
DA:67,1
DA:68,1
DA:69,0
DA:71,1
DA:72,1
DA:78,1
DA:82,9
DA:83,1
DA:84,1
DA:85,1
DA:87,1
DA:90,9
LF:28
LH:27
BRDA:29,0,0,1
BRDA:29,0,1,8
BRDA:46,1,0,9
BRDA:46,1,1,8
BRDA:46,1,2,0
BRDA:60,2,0,6
BRDA:60,2,1,6
BRDA:68,3,0,0
BRDA:68,3,1,1
BRDA:73,4,0,1
BRDA:73,4,1,0
BRF:11
BRH:8
end_of_record
TN:
SF:src/app/layout/header/HeaderDemoBadge.tsx
FN:37,HeaderDemoBadge
FNF:1
FNH:1
FNDA:7,HeaderDemoBadge
DA:38,7
DA:40,7
DA:41,3
DA:44,4
LF:4
LH:4
BRDA:40,0,0,3
BRDA:40,0,1,4
BRF:2
BRH:2
end_of_record
TN:
SF:src/app/layout/header/HealthBadge.tsx
FN:36,HealthBadge
FNF:1
FNH:1
FNDA:5,HealthBadge
DA:37,5
DA:38,5
DA:41,5
DA:42,5
DA:43,5
DA:47,5
DA:50,5
DA:57,5
DA:63,5
LF:9
LH:9
BRDA:43,0,0,5
BRDA:43,0,1,2
BRDA:47,1,0,1
BRDA:47,1,1,4
BRDA:47,2,0,1
BRDA:47,2,1,3
BRDA:50,3,0,1
BRDA:50,3,1,4
BRDA:52,4,0,1
BRDA:52,4,1,3
BRDA:57,5,0,1
BRDA:57,5,1,4
BRDA:59,6,0,1
BRDA:59,6,1,3
BRDA:59,7,0,4
BRDA:59,7,1,1
BRDA:83,8,0,1
BRDA:83,8,1,4
BRDA:85,9,0,1
BRDA:85,9,1,3
BRF:20
BRH:20
end_of_record
TN:
SF:src/app/layout/sidebar/NavItem.tsx
FN:59,NavItem
FN:70,(anonymous_1)
FNF:2
FNH:1
FNDA:11,NavItem
FNDA:0,(anonymous_1)
DA:66,11
DA:68,11
DA:70,11
DA:71,0
DA:72,0
DA:73,0
DA:74,0
DA:81,11
DA:96,11
LF:9
LH:5
BRDA:68,0,0,11
BRDA:68,0,1,10
BRDA:68,0,2,9
BRDA:71,1,0,0
BRDA:71,1,1,0
BRDA:96,2,0,1
BRDA:96,2,1,10
BRF:7
BRH:5
end_of_record
TN:
SF:src/app/layout/sidebar/SidebarActions.tsx
FN:74,SidebarActions
FN:102,(anonymous_1)
FN:118,(anonymous_2)
FNF:3
FNH:3
FNDA:12,SidebarActions
FNDA:1,(anonymous_1)
FNDA:1,(anonymous_2)
DA:30,1
DA:31,1
DA:82,12
DA:83,12
DA:84,12
DA:86,12
DA:102,1
DA:118,1
LF:8
LH:8
BRDA:83,0,0,10
BRDA:83,0,1,2
BRDA:84,1,0,2
BRDA:84,1,1,10
BRDA:99,2,0,10
BRDA:99,2,1,2
BRDA:104,3,0,10
BRDA:104,3,1,2
BRDA:108,4,0,10
BRDA:108,4,1,2
BRDA:120,5,0,2
BRDA:120,5,1,10
BRDA:121,6,0,2
BRDA:121,6,1,10
BRF:14
BRH:14
end_of_record
TN:
SF:src/app/layout/sidebar/SidebarEnvironment.tsx
FN:32,SidebarEnvironment
FNF:1
FNH:1
FNDA:1,SidebarEnvironment
DA:33,1
DA:35,1
LF:2
LH:2
BRF:0
BRH:0
end_of_record
TN:
SF:src/app/layout/sidebar/SidebarNavList.tsx
FN:47,SidebarNavList
FN:55,(anonymous_1)
FNF:2
FNH:2
FNDA:4,SidebarNavList
FNDA:16,(anonymous_1)
DA:48,4
DA:50,4
DA:58,16
DA:59,16
LF:4
LH:4
BRF:0
BRH:0
end_of_record
TN:
SF:src/app/layout/sidebar/SidebarUserProfile.tsx
FN:40,SidebarUserProfile
FNF:1
FNH:1
FNDA:8,SidebarUserProfile
DA:41,8
DA:43,8
LF:2
LH:2
BRDA:49,0,0,8
BRDA:49,0,1,3
BRDA:55,1,0,8
BRDA:55,1,1,3
BRF:4
BRH:4
end_of_record
TN:
SF:src/app/public-shell/AppPublicShell.tsx
FN:36,(anonymous_0)
FN:43,(anonymous_1)
FN:45,(anonymous_2)
FN:51,(anonymous_3)
FN:65,(anonymous_4)
FNF:5
FNH:5
FNDA:9,(anonymous_0)
FNDA:9,(anonymous_1)
FNDA:2,(anonymous_2)
FNDA:2,(anonymous_3)
FNDA:1,(anonymous_4)
DA:36,1
DA:37,9
DA:39,9
DA:40,9
DA:41,9
DA:43,9
DA:45,9
DA:46,2
DA:48,2
DA:51,9
DA:52,2
DA:53,2
DA:61,9
DA:65,1
LF:14
LH:14
BRDA:48,0,0,1
BRDA:48,0,1,1
BRDA:54,1,0,1
BRDA:54,1,1,1
BRDA:65,2,0,1
BRF:5
BRH:5
end_of_record
TN:
SF:src/app/public-shell/PublicShellContent.tsx
FN:21,(anonymous_0)
FN:32,(anonymous_1)
FNF:2
FNH:1
FNDA:0,(anonymous_0)
FNDA:4,(anonymous_1)
DA:21,1
DA:22,0
DA:23,0
DA:32,1
DA:33,4
LF:5
LH:3
BRF:0
BRH:0
end_of_record
TN:
SF:src/app/public-shell/PublicShellToastContainer.tsx
FN:29,(anonymous_0)
FN:32,(anonymous_1)
FNF:2
FNH:2
FNDA:8,(anonymous_0)
FNDA:1,(anonymous_1)
DA:29,1
DA:30,8
DA:31,8
DA:33,1
DA:34,0
DA:37,1
DA:42,8
LF:7
LH:6
BRDA:33,0,0,0
BRDA:33,0,1,1
BRDA:50,1,0,8
BRDA:50,1,1,0
BRF:4
BRH:2
end_of_record
TN:
SF:src/app/public-shell/header/LanguageToggle.tsx
FN:34,(anonymous_0)
FNF:1
FNH:1
FNDA:13,(anonymous_0)
DA:25,2
DA:26,2
DA:34,2
DA:35,13
LF:4
LH:4
BRDA:38,0,0,10
BRDA:38,0,1,3
BRDA:39,1,0,10
BRDA:39,1,1,3
BRF:4
BRH:4
end_of_record
TN:
SF:src/app/public-shell/header/PublicShellHeader.tsx
FN:38,(anonymous_0)
FN:46,(anonymous_1)
FNF:2
FNH:2
FNDA:6,(anonymous_0)
FNDA:6,(anonymous_1)
DA:38,2
DA:46,6
LF:2
LH:2
BRF:0
BRH:0
end_of_record
TN:
SF:src/app/public-shell/header/ThemeToggle.tsx
FN:31,(anonymous_0)
FNF:1
FNH:1
FNDA:10,(anonymous_0)
DA:31,1
DA:32,10
DA:33,10
DA:35,10
LF:4
LH:4
BRDA:33,0,0,7
BRDA:33,0,1,3
BRDA:41,1,0,7
BRDA:41,1,1,3
BRDA:45,2,0,7
BRDA:45,2,1,3
BRF:6
BRH:6
end_of_record
TN:
SF:src/app/public-shell/hooks/useLocale.ts
FN:26,(anonymous_0)
FN:34,(anonymous_1)
FN:38,(anonymous_2)
FN:39,(anonymous_3)
FN:41,(anonymous_4)
FN:46,(anonymous_5)
FN:52,(anonymous_6)
FNF:7
FNH:7
FNDA:12,(anonymous_0)
FNDA:9,(anonymous_1)
FNDA:6,(anonymous_2)
FNDA:3,(anonymous_3)
FNDA:6,(anonymous_4)
FNDA:2,(anonymous_5)
FNDA:1,(anonymous_6)
DA:24,1
DA:26,12
DA:34,1
DA:35,9
DA:36,9
DA:38,9
DA:39,6
DA:40,6
DA:41,6
DA:42,6
DA:46,9
DA:47,2
DA:48,2
DA:49,2
DA:52,9
DA:53,1
DA:54,1
DA:57,9
LF:18
LH:18
BRDA:26,0,0,7
BRDA:26,0,1,5
BRDA:35,1,0,9
BRDA:35,1,1,6
BRDA:35,1,2,0
BRDA:53,2,0,1
BRDA:53,2,1,0
BRF:7
BRH:5
end_of_record
TN:
SF:src/app/public-shell/hooks/usePublicShellToast.ts
FN:31,(anonymous_0)
FN:34,(anonymous_1)
FN:38,(anonymous_2)
FN:39,(anonymous_3)
FNF:4
FNH:4
FNDA:9,(anonymous_0)
FNDA:4,(anonymous_1)
FNDA:1,(anonymous_2)
FNDA:1,(anonymous_3)
DA:31,1
DA:32,9
DA:34,9
DA:35,4
DA:38,9
DA:39,1
DA:42,9
LF:7
LH:7
BRDA:34,0,0,4
BRDA:39,1,0,1
BRDA:39,1,1,0
BRF:3
BRH:2
end_of_record
TN:
SF:src/app/public-shell/hooks/useThemeMode.ts
FN:29,(anonymous_0)
FN:30,(anonymous_1)
FN:35,(anonymous_2)
FN:40,(anonymous_3)
FNF:4
FNH:4
FNDA:7,(anonymous_0)
FNDA:4,(anonymous_1)
FNDA:3,(anonymous_2)
FNDA:2,(anonymous_3)
DA:21,1
DA:29,1
DA:30,7
DA:31,4
DA:32,4
DA:35,7
DA:36,3
DA:37,3
DA:40,7
DA:41,2
DA:44,7
LF:11
LH:11
BRDA:32,0,0,4
BRDA:32,0,1,3
BRDA:41,1,0,1
BRDA:41,1,1,1
BRF:4
BRH:4
end_of_record
TN:
SF:src/app/settings/AppSettingsDialog.tsx
FN:52,AppSettingsDialog
FNF:1
FNH:1
FNDA:7,AppSettingsDialog
DA:56,7
DA:65,7
DA:67,7
LF:3
LH:3
BRF:0
BRH:0
end_of_record
TN:
SF:src/app/settings/AppSettingsForm.tsx
FN:76,AppSettingsForm
FNF:1
FNH:1
FNDA:3,AppSettingsForm
DA:86,3
DA:88,3
LF:2
LH:2
BRF:0
BRH:0
end_of_record
TN:
SF:src/app/settings/SettingsSectionCard.tsx
FN:14,SettingsSectionCard
FNF:1
FNH:1
FNDA:7,SettingsSectionCard
DA:21,7
LF:1
LH:1
BRF:0
BRH:0
end_of_record
TN:
SF:src/app/settings/hooks/useAppSettingsForm.ts
FN:36,useAppSettingsForm
FN:51,(anonymous_1)
FN:60,(anonymous_2)
FN:69,(anonymous_3)
FN:73,(anonymous_4)
FNF:5
FNH:5
FNDA:6,useAppSettingsForm
FNDA:1,(anonymous_1)
FNDA:1,(anonymous_2)
FNDA:1,(anonymous_3)
FNDA:1,(anonymous_4)
DA:37,6
DA:40,6
DA:51,6
DA:52,1
DA:60,6
DA:61,1
DA:69,6
DA:70,1
DA:73,6
DA:74,1
DA:77,6
LF:11
LH:11
BRF:0
BRH:0
end_of_record
TN:
SF:src/app/settings/sections/AppearanceSettingsSection.tsx
FN:49,AppearanceSettingsSection
FN:62,(anonymous_1)
FNF:2
FNH:2
FNDA:7,AppearanceSettingsSection
FNDA:2,(anonymous_1)
DA:53,7
DA:55,7
DA:62,2
LF:3
LH:3
BRF:0
BRH:0
end_of_record
TN:
SF:src/app/settings/sections/LanguageRegionSettingsSection.tsx
FN:62,LanguageRegionSettingsSection
FN:78,(anonymous_1)
FN:125,(anonymous_2)
FNF:3
FNH:3
FNDA:8,LanguageRegionSettingsSection
FNDA:1,(anonymous_1)
FNDA:1,(anonymous_2)
DA:68,8
DA:70,8
DA:78,1
DA:125,1
LF:4
LH:4
BRF:0
BRH:0
end_of_record
TN:
SF:src/app/settings/sections/SystemPreferencesSection.tsx
FN:50,SystemPreferencesSection
FNF:1
FNH:1
FNDA:8,SystemPreferencesSection
DA:54,8
DA:56,8
DA:57,2
DA:64,6
DA:65,1
DA:72,5
LF:6
LH:6
BRDA:56,0,0,2
BRDA:56,0,1,6
BRDA:64,1,0,1
BRDA:64,1,1,5
BRDA:90,2,0,4
BRDA:90,2,1,1
BRF:6
BRH:6
end_of_record
TN:
SF:src/components/help/HelpPanel.tsx
FN:51,(anonymous_0)
FN:58,(anonymous_1)
FN:75,(anonymous_2)
FNF:3
FNH:3
FNDA:10,(anonymous_0)
FNDA:23,(anonymous_1)
FNDA:8,(anonymous_2)
DA:42,1
DA:51,1
DA:52,10
DA:53,10
DA:58,23
DA:60,10
DA:61,1
DA:64,9
DA:65,9
DA:66,1
DA:69,8
DA:75,8
LF:12
LH:12
BRDA:51,0,0,10
BRDA:51,1,0,10
BRDA:60,2,0,1
BRDA:60,2,1,9
BRDA:60,3,0,10
BRDA:60,3,1,9
BRDA:65,4,0,1
BRDA:65,4,1,8
BRDA:116,5,0,8
BRDA:116,5,1,7
BRF:10
BRH:10
end_of_record
TN:
SF:src/components/ui/StatCard.tsx
FN:24,(anonymous_0)
FNF:1
FNH:1
FNDA:6,(anonymous_0)
DA:24,1
DA:25,6
LF:2
LH:2
BRDA:31,0,0,1
BRDA:31,0,1,5
BRDA:35,1,0,5
BRDA:35,1,1,2
BRF:4
BRH:4
end_of_record
TN:
SF:src/config/appMeta.ts
FNF:0
FNH:0
DA:17,1
DA:20,1
DA:23,1
LF:3
LH:3
BRDA:17,0,0,1
BRDA:17,0,1,1
BRDA:20,1,0,1
BRDA:20,1,1,1
BRDA:23,2,0,1
BRDA:23,2,1,1
BRF:6
BRH:6
end_of_record
TN:
SF:src/config/inventoryPolicy.ts
FNF:0
FNH:0
DA:16,2
DA:19,2
LF:2
LH:2
BRF:0
BRH:0
end_of_record
TN:
SF:src/context/auth/AuthContext.ts
FN:50,(anonymous_0)
FN:57,(anonymous_1)
FN:73,(anonymous_2)
FN:83,(anonymous_3)
FN:86,(anonymous_4)
FN:92,(anonymous_5)
FN:107,(anonymous_6)
FN:123,(anonymous_7)
FN:127,(anonymous_8)
FN:138,(anonymous_9)
FN:138,(anonymous_10)
FN:145,(anonymous_11)
FNF:12
FNH:11
FNDA:18,(anonymous_0)
FNDA:6,(anonymous_1)
FNDA:4,(anonymous_2)
FNDA:4,(anonymous_3)
FNDA:0,(anonymous_4)
FNDA:1,(anonymous_5)
FNDA:1,(anonymous_6)
FNDA:1,(anonymous_7)
FNDA:12,(anonymous_8)
FNDA:6,(anonymous_9)
FNDA:6,(anonymous_10)
FNDA:14,(anonymous_11)
DA:40,3
DA:42,3
DA:48,3
DA:50,3
DA:51,18
DA:52,18
DA:53,18
DA:54,18
DA:57,18
DA:58,6
DA:59,6
DA:60,6
DA:61,2
DA:62,2
DA:63,2
DA:64,2
DA:65,2
DA:72,4
DA:73,4
DA:74,4
DA:75,4
DA:76,2
DA:80,3
DA:83,4
DA:86,18
DA:87,0
DA:88,0
DA:89,0
DA:92,18
DA:93,1
DA:99,1
DA:100,1
DA:104,1
DA:107,18
DA:108,1
DA:109,1
DA:110,0
DA:111,0
DA:113,1
DA:115,1
DA:116,1
DA:117,1
DA:121,1
DA:123,1
DA:127,18
DA:128,12
DA:129,5
DA:130,5
DA:131,0
DA:132,0
DA:138,18
DA:139,6
DA:140,1
DA:144,18
DA:145,14
DA:149,18
LF:56
LH:49
BRDA:60,0,0,2
BRDA:60,0,1,4
BRDA:62,1,0,2
BRDA:62,1,1,0
BRDA:62,2,0,2
BRDA:62,2,1,2
BRDA:109,3,0,0
BRDA:109,3,1,1
BRDA:128,4,0,5
BRDA:128,4,1,7
BRDA:130,5,0,0
BRDA:130,5,1,5
BRDA:139,6,0,1
BRDA:139,6,1,5
BRF:14
BRH:11
end_of_record
TN:
SF:src/context/auth/AuthProvider.tsx
FNF:0
FNH:0
LF:0
LH:0
BRF:0
BRH:0
end_of_record
TN:
SF:src/context/auth/authTypes.ts
FNF:0
FNH:0
LF:0
LH:0
BRF:0
BRH:0
end_of_record
TN:
SF:src/context/auth/storageKeys.ts
FNF:0
FNH:0
DA:15,4
LF:1
LH:1
BRF:0
BRH:0
end_of_record
TN:
SF:src/context/help/HelpContext.tsx
FN:34,(anonymous_0)
FN:38,(anonymous_1)
FN:43,(anonymous_2)
FN:46,(anonymous_3)
FNF:4
FNH:4
FNDA:13,(anonymous_0)
FNDA:2,(anonymous_1)
FNDA:1,(anonymous_2)
FNDA:1,(anonymous_3)
DA:28,2
DA:34,2
DA:35,13
DA:36,13
DA:38,13
DA:39,2
DA:40,2
DA:43,13
DA:44,1
DA:46,1
DA:47,1
DA:51,13
DA:58,13
LF:13
LH:13
BRF:0
BRH:0
end_of_record
TN:
SF:src/context/help/HelpContext.types.ts
FNF:0
FNH:0
DA:29,2
LF:1
LH:1
BRF:0
BRH:0
end_of_record
TN:
SF:src/context/settings/SettingsContext.tsx
FN:46,(anonymous_0)
FN:51,(anonymous_1)
FN:56,(anonymous_2)
FN:57,(anonymous_3)
FN:84,(anonymous_4)
FN:85,(anonymous_5)
FN:102,(anonymous_6)
FN:103,(anonymous_7)
FN:113,(anonymous_8)
FNF:9
FNH:9
FNDA:30,(anonymous_0)
FNDA:9,(anonymous_1)
FNDA:9,(anonymous_2)
FNDA:9,(anonymous_3)
FNDA:10,(anonymous_4)
FNDA:10,(anonymous_5)
FNDA:1,(anonymous_6)
FNDA:1,(anonymous_7)
FNDA:1,(anonymous_8)
DA:46,3
DA:47,30
DA:49,30
DA:50,30
DA:51,30
DA:56,30
DA:57,9
DA:58,9
DA:59,9
DA:60,6
DA:65,9
DA:67,2
DA:70,2
DA:76,8
DA:80,9
DA:84,30
DA:85,10
DA:86,10
DA:89,10
DA:90,1
DA:91,1
DA:93,9
DA:94,9
DA:97,10
DA:102,30
DA:103,1
DA:104,1
DA:106,1
DA:108,1
DA:113,30
DA:114,1
DA:115,1
DA:118,30
DA:126,30
LF:34
LH:34
BRDA:61,0,0,6
BRDA:61,0,1,4
BRDA:62,1,0,9
BRDA:62,1,1,5
BRDA:63,2,0,9
BRDA:63,2,1,4
BRDA:89,3,0,1
BRDA:89,3,1,9
BRDA:90,4,0,0
BRDA:90,4,1,1
BRDA:91,5,0,1
BRDA:91,5,1,0
BRDA:93,6,0,0
BRDA:93,6,1,9
BRDA:94,7,0,0
BRDA:94,7,1,9
BRF:16
BRH:12
end_of_record
TN:
SF:src/context/settings/SettingsContext.types.ts
FNF:0
FNH:0
DA:78,3
LF:1
LH:1
BRF:0
BRH:0
end_of_record
TN:
SF:src/context/settings/SettingsStorage.ts
FN:38,(anonymous_0)
FN:58,(anonymous_1)
FN:78,(anonymous_2)
FN:92,(anonymous_3)
FNF:4
FNH:4
FNDA:8,(anonymous_0)
FNDA:8,(anonymous_1)
FNDA:2,(anonymous_2)
FNDA:2,(anonymous_3)
DA:26,3
DA:38,3
DA:39,8
DA:40,8
DA:58,3
DA:59,8
DA:60,8
DA:61,8
DA:62,4
DA:65,2
DA:67,6
DA:78,3
DA:79,2
DA:80,2
DA:82,1
DA:92,3
DA:93,2
DA:94,2
DA:96,1
LF:19
LH:19
BRDA:41,0,0,2
BRDA:41,0,1,6
BRDA:42,1,0,2
BRDA:42,1,1,6
BRDA:61,2,0,4
BRDA:61,2,1,4
BRF:6
BRH:6
end_of_record
TN:
SF:src/context/toast/ToastContext.ts
FN:29,(anonymous_0)
FN:36,(anonymous_1)
FNF:2
FNH:2
FNDA:1,(anonymous_0)
FNDA:8,(anonymous_1)
DA:29,5
DA:36,5
DA:38,8
LF:3
LH:3
BRF:0
BRH:0
end_of_record
TN:
SF:src/features/auth/guards/RequireAuth.tsx
FN:32,(anonymous_0)
FN:38,(anonymous_1)
FNF:2
FNH:2
FNDA:2,(anonymous_0)
FNDA:7,(anonymous_1)
DA:32,1
DA:33,2
DA:38,1
DA:39,7
DA:40,7
DA:42,7
DA:45,5
DA:46,1
DA:50,4
DA:51,1
DA:54,3
DA:55,1
DA:58,2
LF:13
LH:13
BRDA:42,0,0,2
BRDA:42,0,1,5
BRDA:42,1,0,2
BRDA:42,1,1,1
BRDA:45,2,0,1
BRDA:45,2,1,4
BRDA:45,3,0,5
BRDA:45,3,1,2
BRDA:46,4,0,1
BRDA:46,4,1,1
BRDA:50,5,0,1
BRDA:50,5,1,3
BRDA:54,6,0,1
BRDA:54,6,1,2
BRDA:54,7,0,3
BRDA:54,7,1,2
BRF:16
BRH:16
end_of_record
TN:
SF:src/features/auth/hooks/useSessionTimeout.ts
FN:48,useSessionTimeout
FN:61,(anonymous_1)
FN:66,(anonymous_2)
FN:76,(anonymous_3)
FN:81,(anonymous_4)
FN:89,(anonymous_5)
FN:97,(anonymous_6)
FN:104,(anonymous_7)
FN:110,(anonymous_8)
FN:112,(anonymous_9)
FN:119,(anonymous_10)
FN:122,(anonymous_11)
FN:124,(anonymous_12)
FN:129,(anonymous_13)
FN:130,(anonymous_14)
FN:137,(anonymous_15)
FN:142,forceLogoutAcrossTabs
FNF:17
FNH:17
FNDA:5,useSessionTimeout
FNDA:5,(anonymous_1)
FNDA:6,(anonymous_2)
FNDA:4,(anonymous_3)
FNDA:4,(anonymous_4)
FNDA:4,(anonymous_5)
FNDA:4,(anonymous_6)
FNDA:5,(anonymous_7)
FNDA:1,(anonymous_8)
FNDA:1,(anonymous_9)
FNDA:4,(anonymous_10)
FNDA:1,(anonymous_11)
FNDA:4,(anonymous_12)
FNDA:5,(anonymous_13)
FNDA:1,(anonymous_14)
FNDA:5,(anonymous_15)
FNDA:2,forceLogoutAcrossTabs
DA:54,5
DA:56,5
DA:58,5
DA:61,5
DA:62,5
DA:64,5
DA:66,4
DA:67,6
DA:68,6
DA:71,1
DA:72,1
DA:76,4
DA:78,4
DA:79,4
DA:81,4
DA:82,4
DA:83,4
DA:84,4
DA:89,4
DA:90,4
DA:91,0
DA:94,4
DA:95,4
DA:97,4
DA:98,4
DA:99,4
DA:104,5
DA:106,5
DA:110,1
DA:111,1
DA:112,1
DA:113,1
DA:114,1
DA:118,1
DA:119,4
DA:120,1
DA:122,1
DA:123,1
DA:124,4
DA:129,5
DA:130,5
DA:131,1
DA:133,1
DA:136,5
DA:137,5
DA:143,2
DA:144,2
DA:146,2
LF:48
LH:47
BRDA:48,0,0,5
BRDA:50,1,0,5
BRDA:51,2,0,5
BRDA:52,3,0,5
BRDA:53,4,0,5
BRDA:64,5,0,1
BRDA:64,5,1,4
BRDA:82,6,0,4
BRDA:82,6,1,0
BRDA:90,7,0,4
BRDA:90,7,1,0
BRDA:106,8,0,4
BRDA:106,8,1,1
BRDA:106,9,0,5
BRDA:106,9,1,2
BRDA:111,10,0,0
BRDA:111,10,1,1
BRDA:123,11,0,1
BRDA:123,11,1,0
BRDA:131,12,0,1
BRDA:131,12,1,0
BRDA:131,13,0,1
BRDA:131,13,1,1
BRF:23
BRH:18
end_of_record
TN:
SF:src/features/health/hooks/useHealthCheck.ts
FN:47,(anonymous_0)
FN:51,(anonymous_1)
FN:70,(anonymous_2)
FN:108,(anonymous_3)
FN:111,(anonymous_4)
FN:112,(anonymous_5)
FN:115,(anonymous_6)
FNF:7
FNH:7
FNDA:16,(anonymous_0)
FNDA:7,(anonymous_1)
FNDA:6,(anonymous_2)
FNDA:5,(anonymous_3)
FNDA:5,(anonymous_4)
FNDA:1,(anonymous_5)
FNDA:5,(anonymous_6)
DA:39,1
DA:47,1
DA:48,16
DA:49,16
DA:51,16
DA:52,7
DA:54,7
DA:55,7
DA:57,7
DA:60,7
DA:61,7
DA:62,7
DA:63,1
DA:64,1
DA:65,1
DA:67,6
DA:70,6
DA:73,6
DA:74,6
DA:75,6
DA:81,6
DA:82,1
DA:84,1
DA:87,5
DA:88,5
DA:89,5
DA:96,2
DA:97,2
DA:104,7
DA:108,16
DA:111,16
DA:112,5
DA:113,1
DA:115,5
DA:118,16
LF:35
LH:35
BRDA:61,0,0,7
BRDA:61,0,1,0
BRDA:62,1,0,1
BRDA:62,1,1,6
BRDA:73,2,0,0
BRDA:73,2,1,6
BRDA:73,3,0,6
BRDA:73,3,1,6
BRDA:76,4,0,6
BRDA:76,4,1,5
BRDA:76,4,2,5
BRDA:81,5,0,1
BRDA:81,5,1,5
BRDA:90,6,0,5
BRDA:90,6,1,0
BRDA:91,7,0,5
BRDA:91,7,1,0
BRF:17
BRH:13
end_of_record
TN:
SF:src/features/help/components/HelpIconButton.tsx
FN:32,(anonymous_0)
FN:40,(anonymous_1)
FNF:2
FNH:2
FNDA:11,(anonymous_0)
FNDA:1,(anonymous_1)
DA:32,3
DA:33,11
DA:36,11
DA:40,1
LF:4
LH:4
BRDA:37,0,0,11
BRDA:37,0,1,4
BRF:2
BRH:2
end_of_record
TN:
SF:src/help/topics.ts
FN:105,getHelpTopic
FNF:1
FNH:1
FNDA:4,getHelpTopic
DA:33,1
DA:106,4
LF:2
LH:2
BRF:0
BRH:0
end_of_record
TN:
SF:src/hooks/createContextHook.ts
FN:24,createContextHook
FN:28,(anonymous_1)
FNF:2
FNH:2
FNDA:4,createContextHook
FNDA:22,(anonymous_1)
DA:28,4
DA:29,22
DA:30,22
DA:31,4
DA:33,18
LF:5
LH:5
BRDA:30,0,0,4
BRDA:30,0,1,18
BRF:2
BRH:2
end_of_record
TN:
SF:src/hooks/useAuth.ts
FNF:0
FNH:0
DA:23,1
LF:1
LH:1
BRF:0
BRH:0
end_of_record
TN:
SF:src/hooks/useDebounced.ts
FN:26,useDebounced
FN:28,(anonymous_1)
FN:29,(anonymous_2)
FN:33,(anonymous_3)
FNF:4
FNH:4
FNDA:28,useDebounced
FNDA:14,(anonymous_1)
FNDA:4,(anonymous_2)
FNDA:14,(anonymous_3)
DA:27,28
DA:28,28
DA:29,14
DA:30,4
DA:33,14
DA:36,28
LF:6
LH:6
BRDA:26,0,0,28
BRF:1
BRH:1
end_of_record
TN:
SF:src/hooks/useHelp.ts
FNF:0
FNH:0
DA:23,1
LF:1
LH:1
BRF:0
BRH:0
end_of_record
TN:
SF:src/hooks/useSettings.ts
FNF:0
FNH:0
DA:26,2
LF:1
LH:1
BRF:0
BRH:0
end_of_record
TN:
SF:src/pages/analytics/Analytics.tsx
FN:64,Analytics
FN:81,(anonymous_1)
FN:91,(anonymous_2)
FN:125,(anonymous_3)
FNF:4
FNH:3
FNDA:22,Analytics
FNDA:11,(anonymous_1)
FNDA:11,(anonymous_2)
FNDA:0,(anonymous_3)
DA:65,22
DA:66,22
DA:67,22
DA:69,22
DA:71,22
DA:73,22
DA:80,22
DA:81,22
DA:82,11
DA:83,11
DA:84,11
DA:91,22
DA:92,11
DA:93,11
DA:94,11
DA:95,11
DA:96,11
DA:102,22
DA:108,22
DA:125,0
LF:20
LH:19
BRDA:69,0,0,22
BRDA:69,0,1,20
BRDA:73,1,0,8
BRDA:73,1,1,14
BRDA:73,2,0,22
BRDA:73,2,1,20
BRDA:73,2,2,18
BRDA:73,2,3,16
BRDA:75,3,0,4
BRDA:75,3,1,10
BRDA:75,4,0,14
BRDA:75,4,1,6
BRDA:83,5,0,11
BRDA:83,5,1,0
BRDA:85,6,0,0
BRDA:85,6,1,11
BRDA:86,7,0,0
BRDA:86,7,1,11
BRDA:88,8,0,0
BRDA:88,8,1,11
BRDA:93,9,0,11
BRDA:93,9,1,0
BRDA:94,10,0,11
BRDA:94,10,1,0
BRDA:95,11,0,0
BRDA:95,11,1,11
BRDA:133,12,0,22
BRDA:133,12,1,22
BRDA:144,13,0,2
BRDA:144,13,1,20
BRDA:150,14,0,22
BRDA:150,14,1,10
BRDA:160,15,0,22
BRDA:160,15,1,2
BRDA:164,16,0,22
BRDA:164,16,1,4
BRDA:168,17,0,22
BRDA:168,17,1,2
BRDA:175,18,0,22
BRDA:175,18,1,2
BRDA:178,19,0,2
BRDA:178,19,1,2
BRDA:184,20,0,22
BRDA:184,20,1,2
BRF:44
BRH:37
end_of_record
TN:
SF:src/pages/analytics/blocks/FinancialSummaryCard.tsx
FN:32,FinancialSummaryCard
FN:43,(anonymous_1)
FN:75,(anonymous_2)
FN:113,(anonymous_3)
FN:115,(anonymous_4)
FN:122,(anonymous_5)
FN:136,Kpi
FNF:7
FNH:5
FNDA:10,FinancialSummaryCard
FNDA:6,(anonymous_1)
FNDA:6,(anonymous_2)
FNDA:0,(anonymous_3)
FNDA:0,(anonymous_4)
FNDA:8,(anonymous_5)
FNDA:4,Kpi
DA:33,10
DA:34,10
DA:35,10
DA:38,10
DA:41,10
DA:43,6
DA:48,10
DA:49,1
DA:64,9
DA:65,9
DA:75,10
DA:78,10
DA:85,10
DA:113,0
DA:116,0
DA:123,8
DA:137,4
LF:17
LH:15
BRDA:42,0,0,10
BRDA:42,0,1,1
BRDA:43,1,0,6
BRDA:43,1,1,0
BRDA:48,2,0,1
BRDA:48,2,1,9
BRDA:65,3,0,3
BRDA:65,3,1,6
BRDA:75,4,0,10
BRDA:75,4,1,3
BRDA:75,4,2,3
BRDA:92,5,0,6
BRDA:92,5,1,3
BRDA:94,6,0,1
BRDA:94,6,1,2
BRDA:116,7,0,0
BRDA:116,7,1,0
BRDA:141,8,0,4
BRDA:141,8,1,0
BRF:19
BRH:15
end_of_record
TN:
SF:src/pages/analytics/blocks/ItemUpdateFrequencyCard.tsx
FN:24,ItemUpdateFrequencyCard
FN:33,(anonymous_1)
FN:79,(anonymous_2)
FN:83,(anonymous_3)
FN:90,(anonymous_4)
FNF:5
FNH:3
FNDA:5,ItemUpdateFrequencyCard
FNDA:3,(anonymous_1)
FNDA:0,(anonymous_2)
FNDA:0,(anonymous_3)
FNDA:3,(anonymous_4)
DA:25,5
DA:26,5
DA:27,5
DA:30,5
DA:31,5
DA:33,3
DA:38,5
DA:39,1
DA:54,4
DA:55,5
DA:63,5
DA:79,0
DA:84,0
DA:91,3
LF:14
LH:12
BRDA:32,0,0,5
BRDA:32,0,1,1
BRDA:33,1,0,3
BRDA:33,1,1,0
BRDA:38,2,0,1
BRDA:38,2,1,4
BRDA:54,3,0,4
BRDA:54,3,1,3
BRDA:70,4,0,3
BRDA:70,4,1,1
BRDA:84,5,0,0
BRDA:84,5,1,0
BRF:12
BRH:9
end_of_record
TN:
SF:src/pages/analytics/blocks/LowStockTable.tsx
FN:67,narrowParams
FN:90,LowStockTable
FN:96,(anonymous_2)
FN:113,(anonymous_3)
FN:142,(anonymous_4)
FN:147,(anonymous_5)
FN:148,(anonymous_6)
FN:198,(anonymous_7)
FNF:8
FNH:0
FNDA:0,narrowParams
FNDA:0,LowStockTable
FNDA:0,(anonymous_2)
FNDA:0,(anonymous_3)
FNDA:0,(anonymous_4)
FNDA:0,(anonymous_5)
FNDA:0,(anonymous_6)
FNDA:0,(anonymous_7)
DA:68,0
DA:69,0
DA:70,0
DA:71,0
DA:91,0
DA:92,0
DA:93,0
DA:94,0
DA:95,0
DA:97,0
DA:98,0
DA:104,0
DA:111,0
DA:113,0
DA:120,0
DA:121,0
DA:128,0
DA:129,0
DA:132,0
DA:133,0
DA:141,0
DA:142,0
DA:147,0
DA:148,0
DA:150,0
DA:152,0
DA:153,0
DA:160,0
DA:199,0
DA:200,0
DA:202,0
LF:31
LH:0
BRDA:69,0,0,0
BRDA:69,0,1,0
BRDA:70,1,0,0
BRDA:70,1,1,0
BRDA:91,2,0,0
BRDA:97,3,0,0
BRDA:97,3,1,0
BRDA:97,4,0,0
BRDA:97,4,1,0
BRDA:112,5,0,0
BRDA:112,5,1,0
BRDA:112,6,0,0
BRDA:112,6,1,0
BRDA:120,7,0,0
BRDA:120,7,1,0
BRDA:128,8,0,0
BRDA:128,8,1,0
BRDA:132,9,0,0
BRDA:132,9,1,0
BRDA:141,10,0,0
BRDA:141,10,1,0
BRDA:144,11,0,0
BRDA:144,11,1,0
BRDA:144,12,0,0
BRDA:144,12,1,0
BRDA:147,13,0,0
BRDA:147,13,1,0
BRDA:147,14,0,0
BRDA:147,14,1,0
BRDA:147,15,0,0
BRDA:147,15,1,0
BRDA:150,16,0,0
BRDA:150,16,1,0
BRDA:152,17,0,0
BRDA:152,17,1,0
BRDA:200,18,0,0
BRDA:200,18,1,0
BRDA:217,19,0,0
BRDA:217,19,1,0
BRDA:219,20,0,0
BRDA:219,20,1,0
BRDA:227,21,0,0
BRDA:227,21,1,0
BRDA:229,22,0,0
BRDA:229,22,1,0
BRDA:240,23,0,0
BRDA:240,23,1,0
BRDA:240,23,2,0
BRF:48
BRH:0
end_of_record
TN:
SF:src/pages/analytics/blocks/MovementLineCard.tsx
FN:27,MovementLineCard
FN:34,(anonymous_1)
FN:39,(anonymous_2)
FN:43,(anonymous_3)
FN:70,(anonymous_4)
FN:72,(anonymous_5)
FN:73,(anonymous_6)
FNF:7
FNH:0
FNDA:0,MovementLineCard
FNDA:0,(anonymous_1)
FNDA:0,(anonymous_2)
FNDA:0,(anonymous_3)
FNDA:0,(anonymous_4)
FNDA:0,(anonymous_5)
FNDA:0,(anonymous_6)
DA:28,0
DA:29,0
DA:30,0
DA:32,0
DA:34,0
DA:38,0
DA:39,0
DA:42,0
DA:44,0
DA:45,0
DA:46,0
DA:51,0
DA:70,0
DA:72,0
DA:74,0
LF:15
LH:0
BRDA:33,0,0,0
BRDA:33,0,1,0
BRDA:33,1,0,0
BRDA:33,1,1,0
BRDA:33,2,0,0
BRDA:33,2,1,0
BRDA:34,3,0,0
BRDA:34,3,1,0
BRDA:39,4,0,0
BRDA:39,4,1,0
BRDA:46,5,0,0
BRDA:46,5,1,0
BRDA:58,6,0,0
BRDA:58,6,1,0
BRDA:60,7,0,0
BRDA:60,7,1,0
BRDA:74,8,0,0
BRDA:74,8,1,0
BRF:18
BRH:0
end_of_record
TN:
SF:src/pages/analytics/blocks/PriceTrendCard.tsx
FN:54,PriceTrendCard
FN:59,(anonymous_1)
FN:89,(anonymous_2)
FN:93,(anonymous_3)
FN:94,(anonymous_4)
FN:102,(anonymous_5)
FN:103,(anonymous_6)
FN:115,(anonymous_7)
FN:120,(anonymous_8)
FN:120,(anonymous_9)
FN:143,(anonymous_10)
FN:147,(anonymous_11)
FN:154,(anonymous_12)
FN:161,(anonymous_13)
FN:162,(anonymous_14)
FN:163,(anonymous_15)
FN:206,(anonymous_16)
FN:209,(anonymous_17)
FN:210,(anonymous_18)
FNF:19
FNH:0
FNDA:0,PriceTrendCard
FNDA:0,(anonymous_1)
FNDA:0,(anonymous_2)
FNDA:0,(anonymous_3)
FNDA:0,(anonymous_4)
FNDA:0,(anonymous_5)
FNDA:0,(anonymous_6)
FNDA:0,(anonymous_7)
FNDA:0,(anonymous_8)
FNDA:0,(anonymous_9)
FNDA:0,(anonymous_10)
FNDA:0,(anonymous_11)
FNDA:0,(anonymous_12)
FNDA:0,(anonymous_13)
FNDA:0,(anonymous_14)
FNDA:0,(anonymous_15)
FNDA:0,(anonymous_16)
FNDA:0,(anonymous_17)
FNDA:0,(anonymous_18)
DA:55,0
DA:56,0
DA:57,0
DA:58,0
DA:60,0
DA:61,0
DA:62,0
DA:80,0
DA:81,0
DA:89,0
DA:90,0
DA:91,0
DA:92,0
DA:93,0
DA:94,0
DA:95,0
DA:102,0
DA:103,0
DA:104,0
DA:106,0
DA:113,0
DA:115,0
DA:119,0
DA:120,0
DA:128,0
DA:143,0
DA:148,0
DA:150,0
DA:154,0
DA:161,0
DA:162,0
DA:164,0
DA:165,0
DA:166,0
DA:167,0
DA:206,0
DA:209,0
DA:211,0
LF:38
LH:0
BRDA:62,0,0,0
BRDA:62,0,1,0
BRDA:81,1,0,0
BRDA:81,1,1,0
BRDA:90,2,0,0
BRDA:90,2,1,0
BRDA:91,3,0,0
BRDA:91,3,1,0
BRDA:93,4,0,0
BRDA:93,4,1,0
BRDA:93,5,0,0
BRDA:93,5,1,0
BRDA:94,6,0,0
BRDA:94,6,1,0
BRDA:103,7,0,0
BRDA:103,7,1,0
BRDA:103,8,0,0
BRDA:103,8,1,0
BRDA:115,9,0,0
BRDA:115,9,1,0
BRDA:120,10,0,0
BRDA:120,10,1,0
BRDA:120,11,0,0
BRDA:120,11,1,0
BRDA:120,12,0,0
BRDA:120,12,1,0
BRDA:150,13,0,0
BRDA:150,13,1,0
BRDA:165,14,0,0
BRDA:165,14,1,0
BRDA:165,14,2,0
BRDA:166,15,0,0
BRDA:166,15,1,0
BRDA:174,16,0,0
BRDA:174,16,1,0
BRDA:176,17,0,0
BRDA:176,17,1,0
BRDA:185,18,0,0
BRDA:185,18,1,0
BRDA:192,19,0,0
BRDA:192,19,1,0
BRDA:192,20,0,0
BRDA:192,20,1,0
BRDA:194,21,0,0
BRDA:194,21,1,0
BRDA:211,22,0,0
BRDA:211,22,1,0
BRF:47
BRH:0
end_of_record
TN:
SF:src/pages/analytics/blocks/RecentStockActivityCard.tsx
FN:37,normalizeReason
FN:56,RecentStockActivityCard
FN:63,(anonymous_2)
FN:66,(anonymous_3)
FN:86,(anonymous_4)
FN:89,(anonymous_5)
FN:90,(anonymous_6)
FN:95,(anonymous_7)
FN:104,(anonymous_8)
FN:113,(anonymous_9)
FN:120,(anonymous_10)
FN:141,(anonymous_11)
FN:143,(anonymous_12)
FN:146,(anonymous_13)
FN:149,(anonymous_14)
FNF:15
FNH:12
FNDA:3,normalizeReason
FNDA:5,RecentStockActivityCard
FNDA:3,(anonymous_2)
FNDA:5,(anonymous_3)
FNDA:12,(anonymous_4)
FNDA:1,(anonymous_5)
FNDA:2,(anonymous_6)
FNDA:6,(anonymous_7)
FNDA:5,(anonymous_8)
FNDA:3,(anonymous_9)
FNDA:3,(anonymous_10)
FNDA:0,(anonymous_11)
FNDA:0,(anonymous_12)
FNDA:0,(anonymous_13)
FNDA:3,(anonymous_14)
DA:35,1
DA:38,3
DA:39,3
DA:40,3
DA:41,3
DA:42,3
DA:43,2
DA:50,1
DA:52,1
DA:53,0
DA:57,5
DA:58,5
DA:59,5
DA:61,5
DA:63,3
DA:66,5
DA:67,5
DA:69,2
DA:70,2
DA:72,2
DA:73,3
DA:74,3
DA:75,3
DA:76,3
DA:77,3
DA:78,3
DA:80,3
DA:81,3
DA:82,3
DA:83,3
DA:86,12
DA:88,2
DA:89,1
DA:91,2
DA:95,2
DA:96,6
DA:98,2
DA:101,2
DA:104,5
DA:105,5
DA:113,5
DA:114,3
DA:115,3
DA:119,5
DA:120,3
DA:124,5
DA:141,0
DA:144,0
DA:146,0
DA:150,3
LF:50
LH:46
BRDA:38,0,0,0
BRDA:38,0,1,3
BRDA:40,1,0,0
BRDA:40,1,1,3
BRDA:41,2,0,0
BRDA:41,2,1,3
BRDA:41,3,0,3
BRDA:41,3,1,3
BRDA:42,4,0,1
BRDA:42,4,1,2
BRDA:42,5,0,3
BRDA:42,5,1,2
BRDA:43,6,0,1
BRDA:43,6,1,1
BRDA:44,7,0,2
BRDA:44,7,1,1
BRDA:44,7,2,1
BRDA:44,7,3,1
BRDA:44,7,4,1
BRDA:52,8,0,1
BRDA:52,8,1,0
BRDA:62,9,0,5
BRDA:62,9,1,0
BRDA:63,10,0,3
BRDA:63,10,1,0
BRDA:67,11,0,3
BRDA:67,11,1,2
BRDA:73,12,0,0
BRDA:73,12,1,3
BRDA:75,13,0,0
BRDA:75,13,1,3
BRDA:80,14,0,3
BRDA:80,14,1,2
BRDA:81,15,0,3
BRDA:81,15,1,0
BRDA:82,16,0,3
BRDA:82,16,1,3
BRDA:96,17,0,6
BRDA:96,17,1,3
BRDA:131,18,0,3
BRDA:131,18,1,2
BRDA:133,19,0,1
BRDA:133,19,1,1
BRF:43
BRH:34
end_of_record
TN:
SF:src/pages/analytics/blocks/StockPerSupplierDonut.tsx
FN:25,StockPerSupplierDonut
FN:37,(anonymous_1)
FN:37,(anonymous_2)
FN:76,(anonymous_3)
FN:81,(anonymous_4)
FNF:5
FNH:4
FNDA:5,StockPerSupplierDonut
FNDA:5,(anonymous_1)
FNDA:3,(anonymous_2)
FNDA:3,(anonymous_3)
FNDA:0,(anonymous_4)
DA:26,5
DA:27,5
DA:28,5
DA:30,5
DA:36,5
DA:37,5
DA:41,5
DA:50,5
DA:77,3
DA:82,0
LF:10
LH:9
BRDA:37,0,0,5
BRDA:37,0,1,3
BRDA:57,1,0,3
BRDA:57,1,1,2
BRDA:59,2,0,1
BRDA:59,2,1,1
BRDA:82,3,0,0
BRDA:82,3,1,0
BRF:8
BRH:6
end_of_record
TN:
SF:src/pages/analytics/blocks/StockValueCard.tsx
FN:31,StockValueCard
FN:39,(anonymous_1)
FN:46,(anonymous_2)
FN:46,(anonymous_3)
FN:50,(anonymous_4)
FN:81,(anonymous_5)
FN:84,(anonymous_6)
FN:85,(anonymous_7)
FNF:8
FNH:4
FNDA:14,StockValueCard
FNDA:10,(anonymous_1)
FNDA:13,(anonymous_2)
FNDA:6,(anonymous_3)
FNDA:0,(anonymous_4)
FNDA:0,(anonymous_5)
FNDA:0,(anonymous_6)
FNDA:0,(anonymous_7)
DA:32,14
DA:33,14
DA:34,14
DA:37,14
DA:39,10
DA:45,14
DA:46,13
DA:49,14
DA:51,0
DA:52,0
DA:53,0
DA:58,14
DA:81,0
DA:84,0
DA:86,0
LF:15
LH:9
BRDA:38,0,0,14
BRDA:38,0,1,13
BRDA:39,1,0,10
BRDA:39,1,1,9
BRDA:46,2,0,13
BRDA:46,2,1,9
BRDA:46,3,0,6
BRDA:46,3,1,0
BRDA:46,4,0,6
BRDA:46,4,1,0
BRDA:53,5,0,0
BRDA:53,5,1,0
BRDA:64,6,0,10
BRDA:64,6,1,4
BRDA:66,7,0,2
BRDA:66,7,1,2
BRDA:86,8,0,0
BRDA:86,8,1,0
BRF:18
BRH:12
end_of_record
TN:
SF:src/pages/analytics/components/AnalyticsNav.tsx
FN:32,AnalyticsNav
FN:36,(anonymous_1)
FNF:2
FNH:2
FNDA:6,AnalyticsNav
FNDA:4,(anonymous_1)
DA:33,6
DA:34,6
DA:36,6
DA:37,4
DA:40,6
LF:5
LH:5
BRDA:32,0,0,6
BRDA:48,1,0,6
BRDA:48,1,1,1
BRF:3
BRH:3
end_of_record
TN:
SF:src/pages/analytics/components/filters/DateRangeFilter.tsx
FN:37,DateRangeFilter
FN:49,(anonymous_1)
FN:60,(anonymous_2)
FN:65,(anonymous_3)
FN:73,(anonymous_4)
FN:87,(anonymous_5)
FN:95,(anonymous_6)
FN:103,(anonymous_7)
FNF:8
FNH:7
FNDA:7,DateRangeFilter
FNDA:3,(anonymous_1)
FNDA:0,(anonymous_2)
FNDA:1,(anonymous_3)
FNDA:1,(anonymous_4)
FNDA:1,(anonymous_5)
FNDA:1,(anonymous_6)
FNDA:1,(anonymous_7)
DA:43,7
DA:44,7
DA:46,7
DA:47,7
DA:49,7
DA:50,3
DA:51,3
DA:57,3
DA:60,7
DA:61,0
DA:62,0
DA:65,7
DA:66,1
DA:73,7
DA:74,1
DA:81,7
DA:87,1
DA:95,1
DA:103,1
LF:19
LH:17
BRDA:40,0,0,7
BRDA:53,1,0,1
BRDA:53,1,1,2
BRDA:53,2,0,1
BRDA:53,2,1,1
BRDA:68,3,0,1
BRDA:68,3,1,0
BRDA:76,4,0,1
BRDA:76,4,1,0
BRDA:85,5,0,1
BRDA:85,5,1,6
BRDA:93,6,0,0
BRDA:93,6,1,7
BRDA:101,7,0,4
BRDA:101,7,1,3
BRDA:109,8,0,2
BRDA:109,8,1,5
BRDA:116,9,0,7
BRDA:116,9,1,1
BRDA:129,10,0,7
BRDA:129,10,1,2
BRDA:134,11,0,2
BRDA:134,11,1,1
BRDA:147,12,0,2
BRDA:147,12,1,1
BRF:25
BRH:22
end_of_record
TN:
SF:src/pages/analytics/components/filters/Filters.tsx
FN:42,Filters
FN:50,(anonymous_1)
FNF:2
FNH:1
FNDA:3,Filters
FNDA:0,(anonymous_1)
DA:48,3
DA:50,3
DA:51,0
DA:52,0
DA:61,3
LF:5
LH:3
BRDA:46,0,0,3
BRF:1
BRH:1
end_of_record
TN:
SF:src/pages/analytics/components/filters/Filters.types.ts
FNF:0
FNH:0
LF:0
LH:0
BRF:0
BRH:0
end_of_record
TN:
SF:src/pages/analytics/components/filters/SupplierFilter.tsx
FN:39,SupplierFilter
FN:47,(anonymous_1)
FN:75,(anonymous_2)
FNF:3
FNH:3
FNDA:7,SupplierFilter
FNDA:2,(anonymous_1)
FNDA:18,(anonymous_2)
DA:45,7
DA:47,7
DA:48,2
DA:49,2
DA:55,7
DA:76,18
LF:6
LH:6
BRDA:43,0,0,7
BRDA:48,1,0,2
BRDA:48,1,1,1
BRDA:67,2,0,7
BRDA:67,2,1,5
BRF:5
BRH:5
end_of_record
TN:
SF:src/pages/analytics/components/filters/useFiltersLogic.ts
FN:30,parseIsoDate
FN:39,formatToIsoDate
FN:52,getQuickDateRange
FN:66,validateDateRange
FN:74,useDateValidation
FN:75,(anonymous_5)
FNF:6
FNH:3
FNDA:14,parseIsoDate
FNDA:6,formatToIsoDate
FNDA:3,getQuickDateRange
FNDA:0,validateDateRange
FNDA:0,useDateValidation
FNDA:0,(anonymous_5)
DA:31,14
DA:32,12
DA:33,12
DA:40,6
DA:41,6
DA:42,6
DA:43,6
DA:44,6
DA:53,3
DA:55,3
DA:57,3
DA:58,3
DA:60,3
DA:67,0
DA:68,0
DA:75,0
LF:16
LH:13
BRDA:31,0,0,2
BRDA:31,0,1,12
BRDA:33,1,0,12
BRDA:33,1,1,0
BRDA:40,2,0,0
BRDA:40,2,1,6
BRDA:67,3,0,0
BRDA:67,3,1,0
BRDA:67,4,0,0
BRDA:67,4,1,0
BRF:10
BRH:4
end_of_record
TN:
SF:src/pages/analytics/hooks/useItemSearchOptions.ts
FN:42,useItemSearchOptions
FN:53,(anonymous_1)
FN:60,(anonymous_2)
FNF:3
FNH:3
FNDA:21,useItemSearchOptions
FNDA:4,(anonymous_1)
FNDA:1,(anonymous_2)
DA:48,21
DA:49,21
DA:50,21
DA:53,21
DA:54,4
DA:55,4
DA:58,21
DA:61,1
DA:62,1
DA:63,1
DA:71,21
LF:11
LH:11
BRDA:45,0,0,21
BRDA:59,1,0,21
BRDA:59,1,1,21
BRDA:61,2,0,0
BRDA:61,2,1,1
BRDA:62,3,0,0
BRDA:62,3,1,1
BRDA:67,4,0,0
BRDA:67,4,1,21
BRF:9
BRH:6
end_of_record
TN:
SF:src/pages/analytics/sections/EmployeesSection.tsx
FN:43,EmployeesSection
FN:58,(anonymous_1)
FN:67,(anonymous_2)
FN:71,(anonymous_3)
FN:77,(anonymous_4)
FN:96,(anonymous_5)
FN:123,(anonymous_6)
FN:127,(anonymous_7)
FN:169,(anonymous_8)
FN:193,(anonymous_9)
FN:195,(anonymous_10)
FNF:11
FNH:8
FNDA:16,EmployeesSection
FNDA:10,(anonymous_1)
FNDA:5,(anonymous_2)
FNDA:0,(anonymous_3)
FNDA:0,(anonymous_4)
FNDA:1,(anonymous_5)
FNDA:11,(anonymous_6)
FNDA:2,(anonymous_7)
FNDA:11,(anonymous_8)
FNDA:1,(anonymous_9)
FNDA:0,(anonymous_10)
DA:44,16
DA:45,16
DA:46,16
DA:56,16
DA:58,16
DA:59,10
DA:67,10
DA:70,16
DA:72,0
DA:76,16
DA:78,0
DA:84,16
DA:86,16
DA:97,1
DA:124,11
DA:127,2
DA:170,11
DA:193,1
DA:196,0
DA:197,0
LF:20
LH:16
BRDA:72,0,0,0
BRDA:72,0,1,0
BRDA:78,1,0,0
BRDA:78,1,1,0
BRDA:84,2,0,16
BRDA:84,2,1,5
BRDA:97,3,0,1
BRDA:97,3,1,0
BRDA:106,4,0,5
BRDA:106,4,1,11
BRDA:108,5,0,0
BRDA:108,5,1,11
BRDA:127,6,0,2
BRDA:127,6,1,1
BRDA:149,7,0,5
BRDA:149,7,1,11
BRDA:151,8,0,0
BRDA:151,8,1,11
BRDA:171,9,0,11
BRDA:171,9,1,0
BRDA:177,10,0,11
BRDA:177,10,1,0
BRDA:179,11,0,0
BRDA:179,11,1,11
BRDA:181,12,0,11
BRDA:181,12,1,0
BRF:26
BRH:15
end_of_record
TN:
SF:src/pages/analytics/sections/MovementDrilldownTable.tsx
FN:32,MovementDrilldownTable
FN:38,(anonymous_1)
FN:76,(anonymous_2)
FNF:3
FNH:3
FNDA:22,MovementDrilldownTable
FNDA:5,(anonymous_1)
FNDA:15,(anonymous_2)
DA:30,1
DA:33,22
DA:34,22
DA:36,22
DA:38,5
DA:49,22
DA:51,22
DA:77,15
LF:8
LH:8
BRDA:37,0,0,22
BRDA:37,0,1,0
BRDA:37,1,0,22
BRDA:37,1,1,0
BRDA:37,2,0,22
BRDA:37,2,1,22
BRDA:37,3,0,22
BRDA:37,3,1,0
BRDA:42,4,0,5
BRDA:42,4,1,5
BRDA:43,5,0,5
BRDA:43,5,1,4
BRDA:49,6,0,22
BRDA:49,6,1,5
BRDA:58,7,0,5
BRDA:58,7,1,17
BRDA:60,8,0,2
BRDA:60,8,1,15
BRDA:78,9,0,15
BRDA:78,9,1,0
BRDA:82,10,0,15
BRDA:82,10,1,0
BRDA:84,11,0,0
BRDA:84,11,1,15
BRDA:86,12,0,15
BRDA:86,12,1,0
BRF:26
BRH:19
end_of_record
TN:
SF:src/pages/analytics/sections/MovementsSection.tsx
FN:46,MovementsSection
FN:67,(anonymous_1)
FN:69,(anonymous_2)
FN:77,(anonymous_3)
FN:78,(anonymous_4)
FN:79,(anonymous_5)
FN:85,(anonymous_6)
FN:95,(anonymous_7)
FN:100,(anonymous_8)
FN:101,(anonymous_9)
FN:106,(anonymous_10)
FN:106,(anonymous_11)
FN:107,(anonymous_12)
FN:107,(anonymous_13)
FN:117,(anonymous_14)
FN:120,(anonymous_15)
FN:125,(anonymous_16)
FN:130,(anonymous_17)
FN:131,(anonymous_18)
FN:132,(anonymous_19)
FN:156,(anonymous_20)
FN:163,(anonymous_21)
FNF:22
FNH:20
FNDA:21,MovementsSection
FNDA:6,(anonymous_1)
FNDA:1,(anonymous_2)
FNDA:1,(anonymous_3)
FNDA:1,(anonymous_4)
FNDA:0,(anonymous_5)
FNDA:5,(anonymous_6)
FNDA:21,(anonymous_7)
FNDA:2,(anonymous_8)
FNDA:46,(anonymous_9)
FNDA:31,(anonymous_10)
FNDA:15,(anonymous_11)
FNDA:31,(anonymous_12)
FNDA:31,(anonymous_13)
FNDA:8,(anonymous_14)
FNDA:1,(anonymous_15)
FNDA:5,(anonymous_16)
FNDA:8,(anonymous_17)
FNDA:0,(anonymous_18)
FNDA:23,(anonymous_19)
FNDA:231,(anonymous_20)
FNDA:1,(anonymous_21)
DA:44,1
DA:47,21
DA:48,21
DA:63,21
DA:64,21
DA:67,21
DA:68,6
DA:69,6
DA:70,0
DA:72,6
DA:76,21
DA:77,21
DA:78,1
DA:79,1
DA:83,21
DA:85,5
DA:95,21
DA:96,21
DA:98,21
DA:100,2
DA:101,46
DA:105,21
DA:106,31
DA:107,31
DA:111,21
DA:117,8
DA:121,1
DA:122,1
DA:125,5
DA:130,8
DA:131,0
DA:133,23
DA:134,23
DA:135,23
DA:157,231
DA:163,1
LF:36
LH:34
BRDA:64,0,0,21
BRDA:64,0,1,19
BRDA:68,1,0,6
BRDA:68,1,1,4
BRDA:69,2,0,0
BRDA:69,2,1,6
BRDA:69,3,0,6
BRDA:69,3,1,1
BRDA:79,4,0,0
BRDA:79,4,1,1
BRDA:84,5,0,21
BRDA:84,5,1,0
BRDA:84,6,0,21
BRDA:84,6,1,0
BRDA:84,7,0,21
BRDA:84,7,1,21
BRDA:84,8,0,21
BRDA:84,8,1,19
BRDA:89,9,0,5
BRDA:89,9,1,5
BRDA:90,10,0,5
BRDA:90,10,1,4
BRDA:96,11,0,21
BRDA:96,11,1,5
BRDA:98,12,0,20
BRDA:98,12,1,1
BRDA:122,13,0,1
BRDA:122,13,1,0
BRDA:134,14,0,23
BRDA:134,14,1,4
BRDA:134,14,2,3
BRDA:141,15,0,0
BRDA:141,15,1,23
BRDA:143,16,0,19
BRDA:143,16,1,4
BRDA:161,17,0,1
BRDA:161,17,1,230
BRDA:162,18,0,1
BRDA:162,18,1,230
BRF:39
BRH:33
end_of_record
TN:
SF:src/pages/analytics/sections/ReasonBreakdownChartCard.tsx
FN:36,ReasonBreakdownChartCard
FN:41,(anonymous_1)
FN:47,(anonymous_2)
FNF:3
FNH:1
FNDA:34,ReasonBreakdownChartCard
FNDA:0,(anonymous_1)
FNDA:0,(anonymous_2)
DA:37,34
DA:38,34
DA:40,34
DA:42,0
DA:46,34
DA:48,0
DA:54,34
LF:7
LH:5
BRDA:42,0,0,0
BRDA:42,0,1,0
BRDA:48,1,0,0
BRDA:48,1,1,0
BRDA:61,2,0,10
BRDA:61,2,1,24
BRDA:63,3,0,1
BRDA:63,3,1,23
BRF:8
BRH:4
end_of_record
TN:
SF:src/pages/analytics/sections/reasonLabels.ts
FN:31,isStockChangeReason
FN:41,reasonLabel
FNF:2
FNH:2
FNDA:303,isStockChangeReason
FNDA:303,reasonLabel
DA:14,2
DA:32,303
DA:42,303
LF:3
LH:3
BRDA:42,0,0,303
BRDA:42,0,1,0
BRF:2
BRH:1
end_of_record
TN:
SF:src/pages/analytics/sections/useEmployeesSectionData.ts
FN:29,useEmployeesSectionData
FN:35,(anonymous_1)
FN:41,(anonymous_2)
FN:47,(anonymous_3)
FN:52,(anonymous_4)
FN:63,(anonymous_5)
FN:64,(anonymous_6)
FNF:7
FNH:7
FNDA:16,useEmployeesSectionData
FNDA:4,(anonymous_1)
FNDA:5,(anonymous_2)
FNDA:5,(anonymous_3)
FNDA:10,(anonymous_4)
FNDA:5,(anonymous_5)
FNDA:5,(anonymous_6)
DA:30,16
DA:31,16
DA:32,16
DA:35,16
DA:36,4
DA:39,16
DA:41,5
DA:45,16
DA:47,5
DA:52,16
DA:53,10
DA:54,10
DA:55,10
DA:56,10
DA:57,10
DA:58,10
DA:59,10
DA:60,10
DA:62,10
DA:63,5
DA:64,5
DA:68,16
LF:22
LH:22
BRDA:40,0,0,16
BRDA:40,0,1,0
BRDA:40,1,0,16
BRDA:40,1,1,0
BRDA:40,2,0,16
BRDA:40,2,1,16
BRDA:41,3,0,5
BRDA:41,3,1,5
BRDA:46,4,0,16
BRDA:46,4,1,0
BRDA:46,5,0,16
BRDA:46,5,1,0
BRDA:46,6,0,16
BRDA:46,6,1,16
BRDA:47,7,0,5
BRDA:47,7,1,5
BRDA:53,8,0,10
BRDA:53,8,1,5
BRDA:58,9,0,10
BRDA:58,9,1,10
BRF:20
BRH:16
end_of_record
TN:
SF:src/pages/auth/AuthCallback.tsx
FN:32,(anonymous_0)
FN:38,(anonymous_1)
FN:40,(anonymous_2)
FN:51,(anonymous_3)
FNF:4
FNH:4
FNDA:4,(anonymous_0)
FNDA:4,(anonymous_1)
FNDA:4,(anonymous_2)
FNDA:4,(anonymous_3)
DA:32,1
DA:33,4
DA:34,4
DA:35,4
DA:38,4
DA:39,4
DA:40,4
DA:41,4
DA:42,4
DA:43,3
DA:44,1
DA:45,1
DA:48,2
DA:51,4
DA:54,4
LF:15
LH:15
BRDA:43,0,0,1
BRDA:43,0,1,2
BRDA:48,1,0,2
BRDA:48,1,1,0
BRF:4
BRH:3
end_of_record
TN:
SF:src/pages/auth/LoginPage.tsx
FN:34,LoginPage
FN:43,(anonymous_1)
FNF:2
FNH:2
FNDA:5,LoginPage
FNDA:1,(anonymous_1)
DA:35,5
DA:36,5
DA:37,5
DA:38,5
DA:40,5
DA:41,5
DA:43,5
DA:44,1
DA:45,1
DA:48,5
LF:10
LH:10
BRDA:53,0,0,5
BRDA:53,0,1,1
BRF:2
BRH:2
end_of_record
TN:
SF:src/pages/auth/LogoutPage.tsx
FN:33,(anonymous_0)
FN:38,(anonymous_1)
FN:52,(anonymous_2)
FNF:3
FNH:3
FNDA:4,(anonymous_0)
FNDA:4,(anonymous_1)
FNDA:4,(anonymous_2)
DA:33,1
DA:34,4
DA:35,4
DA:36,4
DA:38,4
DA:40,4
DA:41,4
DA:44,4
DA:45,4
DA:46,4
DA:47,4
DA:48,4
DA:49,4
DA:50,4
DA:52,4
DA:53,4
DA:59,4
LF:17
LH:17
BRF:0
BRH:0
end_of_record
TN:
SF:src/pages/auth/LogoutSuccess.tsx
FN:25,(anonymous_0)
FN:41,(anonymous_1)
FNF:2
FNH:2
FNDA:3,(anonymous_0)
FNDA:1,(anonymous_1)
DA:25,1
DA:26,3
DA:27,3
DA:29,3
DA:41,1
LF:5
LH:5
BRF:0
BRH:0
end_of_record
TN:
SF:src/pages/dashboard/Dashboard.tsx
FN:43,(anonymous_0)
FN:123,(anonymous_1)
FN:126,(anonymous_2)
FN:129,(anonymous_3)
FNF:4
FNH:4
FNDA:8,(anonymous_0)
FNDA:1,(anonymous_1)
FNDA:1,(anonymous_2)
FNDA:1,(anonymous_3)
DA:43,1
DA:44,8
DA:45,8
DA:48,8
DA:50,8
DA:123,1
DA:126,1
DA:129,1
LF:8
LH:8
BRF:0
BRH:0
end_of_record
TN:
SF:src/pages/dashboard/blocks/MonthlyMovementMini.tsx
FN:40,MonthlyMovementMini
FN:51,(anonymous_1)
FN:71,(anonymous_2)
FN:74,(anonymous_3)
FNF:4
FNH:2
FNDA:4,MonthlyMovementMini
FNDA:3,(anonymous_1)
FNDA:0,(anonymous_2)
FNDA:0,(anonymous_3)
DA:41,4
DA:42,4
DA:44,4
DA:45,4
DA:46,4
DA:49,4
DA:51,3
DA:53,4
DA:71,0
DA:75,0
LF:10
LH:8
BRDA:62,0,0,3
BRDA:62,0,1,1
BRDA:67,1,0,1
BRDA:67,1,1,0
BRDA:75,2,0,0
BRDA:75,2,1,0
BRF:6
BRH:3
end_of_record
TN:
SF:src/pages/home/Home.tsx
FN:37,(anonymous_0)
FN:55,(anonymous_1)
FN:76,(anonymous_2)
FNF:3
FNH:3
FNDA:5,(anonymous_0)
FNDA:1,(anonymous_1)
FNDA:1,(anonymous_2)
DA:37,1
DA:38,5
DA:39,5
DA:40,5
DA:43,5
DA:44,1
DA:52,4
DA:55,3
DA:56,1
DA:57,1
DA:60,3
DA:76,1
LF:12
LH:12
BRDA:43,0,0,1
BRDA:43,0,1,4
BRDA:52,1,0,1
BRDA:52,1,1,3
BRF:4
BRH:4
end_of_record
TN:
SF:src/pages/inventory/InventoryBoard.tsx
FN:50,(anonymous_0)
FNF:1
FNH:1
FNDA:1,(anonymous_0)
DA:50,1
DA:51,1
DA:52,1
DA:53,1
DA:58,1
DA:63,1
DA:65,1
DA:67,1
DA:72,1
DA:76,1
DA:81,1
LF:11
LH:11
BRDA:142,0,0,1
BRDA:142,0,1,0
BRDA:148,1,0,0
BRDA:148,1,1,1
BRF:4
BRH:2
end_of_record
TN:
SF:src/pages/inventory/components/InventoryDialogs.tsx
FN:49,(anonymous_0)
FN:67,(anonymous_1)
FN:73,(anonymous_2)
FN:79,(anonymous_3)
FN:86,(anonymous_4)
FN:93,(anonymous_5)
FNF:6
FNH:6
FNDA:8,(anonymous_0)
FNDA:1,(anonymous_1)
FNDA:1,(anonymous_2)
FNDA:1,(anonymous_3)
FNDA:1,(anonymous_4)
FNDA:1,(anonymous_5)
DA:49,1
DA:63,8
DA:67,1
DA:73,1
DA:79,1
DA:86,1
DA:93,1
LF:7
LH:7
BRF:0
BRH:0
end_of_record
TN:
SF:src/pages/inventory/components/InventoryFilterPanel.tsx
FN:51,(anonymous_0)
FN:78,(anonymous_1)
FN:84,(anonymous_2)
FN:98,(anonymous_3)
FN:111,(anonymous_4)
FNF:5
FNH:5
FNDA:21,(anonymous_0)
FNDA:4,(anonymous_1)
FNDA:57,(anonymous_2)
FNDA:7,(anonymous_3)
FNDA:1,(anonymous_4)
DA:51,1
DA:61,21
DA:63,21
DA:78,4
DA:85,57
DA:98,7
DA:111,1
LF:7
LH:7
BRDA:76,0,0,21
BRDA:76,0,1,19
BRDA:78,1,0,4
BRDA:78,1,1,1
BRDA:84,2,0,21
BRDA:84,2,1,1
BRF:6
BRH:6
end_of_record
TN:
SF:src/pages/inventory/components/InventoryTable.tsx
FN:49,(anonymous_0)
FN:97,(anonymous_1)
FN:103,(anonymous_2)
FN:106,(anonymous_3)
FN:107,(anonymous_4)
FN:109,(anonymous_5)
FN:113,(anonymous_6)
FN:114,(anonymous_7)
FN:116,(anonymous_8)
FN:120,(anonymous_9)
FN:121,(anonymous_10)
FN:123,(anonymous_11)
FNF:12
FNH:0
FNDA:0,(anonymous_0)
FNDA:0,(anonymous_1)
FNDA:0,(anonymous_2)
FNDA:0,(anonymous_3)
FNDA:0,(anonymous_4)
FNDA:0,(anonymous_5)
FNDA:0,(anonymous_6)
FNDA:0,(anonymous_7)
FNDA:0,(anonymous_8)
FNDA:0,(anonymous_9)
FNDA:0,(anonymous_10)
FNDA:0,(anonymous_11)
DA:49,0
DA:61,0
DA:98,0
DA:99,0
DA:100,0
DA:101,0
DA:103,0
DA:106,0
DA:107,0
DA:109,0
DA:113,0
DA:114,0
DA:116,0
DA:120,0
DA:121,0
DA:123,0
LF:16
LH:0
BRDA:66,0,0,0
BRDA:66,0,1,0
BRDA:99,1,0,0
BRDA:99,1,1,0
BRDA:100,2,0,0
BRDA:100,2,1,0
BRF:6
BRH:0
end_of_record
TN:
SF:src/pages/inventory/components/InventoryToolbar.tsx
FN:34,(anonymous_0)
FNF:1
FNH:1
FNDA:8,(anonymous_0)
DA:34,1
DA:41,8
DA:43,8
LF:3
LH:3
BRF:0
BRH:0
end_of_record
TN:
SF:src/pages/inventory/dialogs/DeleteItemDialog/DeleteConfirmationView.tsx
FN:24,DeleteConfirmationView
FNF:1
FNH:1
FNDA:2,DeleteConfirmationView
DA:29,2
DA:31,2
LF:2
LH:2
BRDA:67,0,0,2
BRDA:67,0,1,2
BRDA:67,0,2,2
BRDA:81,1,0,2
BRDA:81,1,1,0
BRF:5
BRH:4
end_of_record
TN:
SF:src/pages/inventory/dialogs/DeleteItemDialog/DeleteFormFields.tsx
FN:58,SupplierSelectField
FN:81,(anonymous_1)
FN:85,(anonymous_2)
FN:92,(anonymous_3)
FN:124,ItemSelectField
FN:153,(anonymous_5)
FN:155,(anonymous_6)
FN:161,(anonymous_7)
FN:167,(anonymous_8)
FN:200,ItemInfoDisplay
FNF:10
FNH:2
FNDA:3,SupplierSelectField
FNDA:0,(anonymous_1)
FNDA:0,(anonymous_2)
FNDA:0,(anonymous_3)
FNDA:0,ItemSelectField
FNDA:0,(anonymous_5)
FNDA:0,(anonymous_6)
FNDA:0,(anonymous_7)
FNDA:0,(anonymous_8)
FNDA:3,ItemInfoDisplay
DA:59,3
DA:62,3
DA:63,0
DA:73,3
DA:84,0
DA:85,0
DA:87,0
DA:93,0
DA:125,0
DA:128,0
DA:129,0
DA:137,0
DA:138,0
DA:148,0
DA:153,0
DA:156,0
DA:158,0
DA:161,0
DA:168,0
DA:201,3
DA:204,3
DA:205,0
DA:208,3
LF:23
LH:6
BRDA:62,0,0,0
BRDA:62,0,1,3
BRDA:80,1,0,3
BRDA:80,1,1,3
BRDA:87,2,0,0
BRDA:87,2,1,0
BRDA:128,3,0,0
BRDA:128,3,1,0
BRDA:137,4,0,0
BRDA:137,4,1,0
BRDA:152,5,0,0
BRDA:152,5,1,0
BRDA:163,6,0,0
BRDA:163,6,1,0
BRDA:204,7,0,0
BRDA:204,7,1,3
BRDA:204,8,0,3
BRDA:204,8,1,3
BRF:18
BRH:6
end_of_record
TN:
SF:src/pages/inventory/dialogs/DeleteItemDialog/DeleteFormView.tsx
FN:33,DeleteFormView
FNF:1
FNH:1
FNDA:3,DeleteFormView
DA:34,3
DA:37,3
DA:38,3
DA:40,3
LF:4
LH:4
BRDA:37,0,0,3
BRDA:37,0,1,2
BRDA:38,1,0,3
BRDA:38,1,1,1
BRDA:61,2,0,3
BRDA:61,2,1,0
BRDA:76,3,0,3
BRDA:76,3,1,1
BRDA:76,3,2,1
BRDA:91,4,0,3
BRDA:91,4,1,1
BRDA:102,5,0,3
BRDA:102,5,1,1
BRF:13
BRH:12
end_of_record
TN:
SF:src/pages/inventory/dialogs/DeleteItemDialog/DeleteItemContent.tsx
FN:23,DeleteItemContent
FNF:1
FNH:1
FNDA:5,DeleteItemContent
DA:27,5
LF:1
LH:1
BRDA:33,0,0,2
BRDA:33,0,1,3
BRF:2
BRH:2
end_of_record
TN:
SF:src/pages/inventory/dialogs/DeleteItemDialog/DeleteItemDialog.tsx
FN:55,(anonymous_0)
FNF:1
FNH:1
FNDA:6,(anonymous_0)
DA:55,1
DA:61,6
DA:62,6
DA:66,6
DA:68,6
LF:5
LH:5
BRDA:59,0,0,6
BRDA:66,1,0,6
BRDA:66,1,1,4
BRDA:71,2,0,6
BRDA:71,2,1,5
BRDA:90,3,0,6
BRDA:90,3,1,2
BRDA:90,3,2,1
BRDA:92,4,0,0
BRDA:92,4,1,6
BRDA:121,5,0,0
BRDA:121,5,1,6
BRF:12
BRH:10
end_of_record
TN:
SF:src/pages/inventory/dialogs/DeleteItemDialog/DeleteItemDialog.types.ts
FNF:0
FNH:0
LF:0
LH:0
BRF:0
BRH:0
end_of_record
TN:
SF:src/pages/inventory/dialogs/DeleteItemDialog/StepSection.tsx
FN:13,StepSection
FNF:1
FNH:1
FNDA:5,StepSection
DA:22,5
LF:1
LH:1
BRF:0
BRH:0
end_of_record
TN:
SF:src/pages/inventory/dialogs/DeleteItemDialog/deleteItemErrorHandler.ts
FN:54,handleDeleteError
FNF:1
FNH:1
FNDA:6,handleDeleteError
DA:58,6
DA:61,6
DA:62,1
DA:69,5
DA:70,1
DA:77,4
DA:78,1
DA:85,3
LF:8
LH:8
BRDA:58,0,0,6
BRDA:58,0,1,2
BRDA:61,1,0,1
BRDA:61,1,1,5
BRDA:69,2,0,1
BRDA:69,2,1,4
BRDA:77,3,0,1
BRDA:77,3,1,3
BRF:8
BRH:8
end_of_record
TN:
SF:src/pages/inventory/dialogs/DeleteItemDialog/useDeleteItemDialog.ts
FN:34,useDeleteItemDialog
FNF:1
FNH:1
FNDA:3,useDeleteItemDialog
DA:41,3
DA:44,3
DA:52,3
DA:60,3
LF:4
LH:4
BRDA:38,0,0,3
BRF:1
BRH:1
end_of_record
TN:
SF:src/pages/inventory/dialogs/DeleteItemDialog/useDeleteItemHandlers.ts
FN:30,useDeleteItemHandlers
FN:45,(anonymous_1)
FN:56,(anonymous_2)
FN:68,(anonymous_3)
FN:86,(anonymous_4)
FNF:5
FNH:5
FNDA:9,useDeleteItemHandlers
FNDA:2,(anonymous_1)
FNDA:1,(anonymous_2)
FNDA:2,(anonymous_3)
FNDA:5,(anonymous_4)
DA:36,9
DA:37,9
DA:45,9
DA:46,2
DA:47,2
DA:56,9
DA:57,1
DA:58,1
DA:67,9
DA:69,2
DA:70,1
DA:71,1
DA:74,1
DA:86,9
DA:88,5
DA:89,1
DA:90,1
DA:94,4
DA:95,1
DA:98,1
DA:102,3
DA:103,3
DA:105,3
DA:107,3
DA:109,2
DA:111,1
DA:117,1
DA:118,1
DA:121,1
DA:122,1
DA:123,1
DA:126,1
DA:127,1
DA:131,9
LF:34
LH:34
BRDA:34,0,0,9
BRDA:69,1,0,1
BRDA:69,1,1,1
BRDA:88,2,0,1
BRDA:88,2,1,4
BRDA:94,3,0,1
BRDA:94,3,1,3
BRDA:109,4,0,1
BRDA:109,4,1,1
BRF:9
BRH:9
end_of_record
TN:
SF:src/pages/inventory/dialogs/DeleteItemDialog/useDeleteItemQueries.ts
FN:24,useDeleteItemQueries
FNF:1
FNH:1
FNDA:2,useDeleteItemQueries
DA:36,2
DA:44,2
DA:52,2
DA:54,2
LF:4
LH:4
BRF:0
BRH:0
end_of_record
TN:
SF:src/pages/inventory/dialogs/DeleteItemDialog/useDeleteItemState.ts
FN:33,useDeleteItemState
FN:56,(anonymous_1)
FN:69,(anonymous_2)
FN:98,(anonymous_3)
FNF:4
FNH:4
FNDA:9,useDeleteItemState
FNDA:5,(anonymous_1)
FNDA:7,(anonymous_2)
FNDA:1,(anonymous_3)
DA:35,9
DA:36,9
DA:39,9
DA:42,9
DA:43,9
DA:46,9
DA:56,9
DA:57,5
DA:58,5
DA:59,5
DA:60,5
DA:61,5
DA:69,9
DA:70,7
DA:71,2
DA:75,9
DA:99,1
DA:100,1
DA:101,1
DA:102,1
DA:103,1
DA:104,1
LF:22
LH:22
BRDA:70,0,0,2
BRDA:70,0,1,5
BRF:2
BRH:2
end_of_record
TN:
SF:src/pages/inventory/dialogs/EditItemDialog/EditItemDialog.tsx
FN:53,(anonymous_0)
FNF:1
FNH:1
FNDA:3,(anonymous_0)
DA:53,1
DA:58,3
DA:61,3
DA:63,3
LF:4
LH:4
BRDA:88,0,0,0
BRDA:88,0,1,3
BRF:2
BRH:1
end_of_record
TN:
SF:src/pages/inventory/dialogs/EditItemDialog/EditItemDialog.types.ts
FNF:0
FNH:0
LF:0
LH:0
BRF:0
BRH:0
end_of_record
TN:
SF:src/pages/inventory/dialogs/EditItemDialog/EditItemForm.tsx
FN:58,EditItemForm
FN:65,(anonymous_1)
FN:92,(anonymous_2)
FN:96,(anonymous_3)
FN:103,(anonymous_4)
FN:139,(anonymous_5)
FN:141,(anonymous_6)
FN:147,(anonymous_7)
FN:153,(anonymous_8)
FN:188,(anonymous_9)
FNF:10
FNH:0
FNDA:0,EditItemForm
FNDA:0,(anonymous_1)
FNDA:0,(anonymous_2)
FNDA:0,(anonymous_3)
FNDA:0,(anonymous_4)
FNDA:0,(anonymous_5)
FNDA:0,(anonymous_6)
FNDA:0,(anonymous_7)
FNDA:0,(anonymous_8)
FNDA:0,(anonymous_9)
DA:59,0
DA:61,0
DA:65,0
DA:95,0
DA:96,0
DA:98,0
DA:104,0
DA:139,0
DA:142,0
DA:144,0
DA:147,0
DA:154,0
DA:189,0
LF:13
LH:0
BRDA:64,0,0,0
BRDA:64,0,1,0
BRDA:77,1,0,0
BRDA:77,1,1,0
BRDA:91,2,0,0
BRDA:91,2,1,0
BRDA:98,3,0,0
BRDA:98,3,1,0
BRDA:122,4,0,0
BRDA:122,4,1,0
BRDA:126,5,0,0
BRDA:126,5,1,0
BRDA:138,6,0,0
BRDA:138,6,1,0
BRDA:149,7,0,0
BRDA:149,7,1,0
BRDA:167,8,0,0
BRDA:167,8,1,0
BRDA:180,9,0,0
BRDA:180,9,1,0
BRDA:195,10,0,0
BRDA:195,10,1,0
BRF:22
BRH:0
end_of_record
TN:
SF:src/pages/inventory/dialogs/EditItemDialog/useEditItemForm.ts
FN:83,useEditItemForm
FN:139,(anonymous_1)
FN:150,(anonymous_2)
FN:165,(anonymous_3)
FN:184,(anonymous_4)
FNF:5
FNH:5
FNDA:65,useEditItemForm
FNDA:31,(anonymous_1)
FNDA:34,(anonymous_2)
FNDA:4,(anonymous_3)
FNDA:8,(anonymous_4)
DA:88,65
DA:89,65
DA:95,65
DA:96,65
DA:97,65
DA:98,65
DA:105,65
DA:108,65
DA:111,65
DA:123,65
DA:139,65
DA:140,31
DA:141,31
DA:142,31
DA:143,31
DA:144,31
DA:150,65
DA:151,34
DA:152,13
DA:153,13
DA:154,34
DA:165,65
DA:166,4
DA:167,4
DA:168,4
DA:169,4
DA:170,4
DA:171,4
DA:184,65
DA:185,8
DA:186,2
DA:187,2
DA:190,6
DA:192,6
DA:193,6
DA:198,6
DA:199,2
DA:200,2
DA:201,2
DA:202,4
DA:203,1
DA:204,3
DA:205,1
DA:207,2
DA:210,0
DA:211,0
DA:215,65
LF:47
LH:45
BRDA:151,0,0,21
BRDA:151,0,1,13
BRDA:153,1,0,13
BRDA:153,1,1,12
BRDA:185,2,0,2
BRDA:185,2,1,6
BRDA:198,3,0,2
BRDA:198,3,1,4
BRDA:202,4,0,1
BRDA:202,4,1,3
BRDA:204,5,0,1
BRDA:204,5,1,2
BRF:12
BRH:12
end_of_record
TN:
SF:src/pages/inventory/dialogs/ItemFormDialog/ItemForm.tsx
FN:63,ItemForm
FN:81,(anonymous_1)
FN:88,(anonymous_2)
FN:89,(anonymous_3)
FN:90,(anonymous_4)
FN:159,(anonymous_5)
FN:166,(anonymous_6)
FNF:7
FNH:7
FNDA:7,ItemForm
FNDA:2,(anonymous_1)
FNDA:3,(anonymous_2)
FNDA:6,(anonymous_3)
FNDA:7,(anonymous_4)
FNDA:1,(anonymous_5)
FNDA:12,(anonymous_6)
DA:58,1
DA:70,7
DA:72,7
DA:82,2
DA:85,2
DA:86,2
DA:88,3
DA:89,6
DA:91,7
DA:160,1
DA:167,12
LF:11
LH:11
BRDA:75,0,0,7
BRDA:75,0,1,1
BRDA:85,1,0,1
BRDA:85,1,1,1
BRDA:95,2,0,1
BRDA:95,2,1,6
BRDA:107,3,0,0
BRDA:107,3,1,7
BRDA:117,4,0,1
BRDA:117,4,1,6
BRDA:129,5,0,0
BRDA:129,5,1,7
BRDA:141,6,0,1
BRDA:141,6,1,6
BRDA:150,7,0,7
BRDA:150,7,1,6
BRDA:158,8,0,6
BRDA:158,8,1,1
BRDA:172,9,0,6
BRDA:172,9,1,1
BRDA:174,10,0,1
BRDA:174,10,1,0
BRF:22
BRH:19
end_of_record
TN:
SF:src/pages/inventory/dialogs/ItemFormDialog/ItemFormDialog.tsx
FN:51,ItemFormDialog
FN:75,(anonymous_1)
FN:101,(anonymous_2)
FN:107,(anonymous_3)
FNF:4
FNH:3
FNDA:5,ItemFormDialog
FNDA:0,(anonymous_1)
FNDA:1,(anonymous_2)
FNDA:1,(anonymous_3)
DA:57,5
DA:60,5
DA:63,5
DA:68,5
DA:72,5
DA:75,0
DA:101,1
DA:108,1
DA:109,1
LF:9
LH:8
BRDA:63,0,0,2
BRDA:63,0,1,3
BRDA:68,1,0,2
BRDA:68,1,1,3
BRDA:89,2,0,2
BRDA:89,2,1,3
BRDA:115,3,0,5
BRDA:115,3,1,1
BRF:8
BRH:8
end_of_record
TN:
SF:src/pages/inventory/dialogs/ItemFormDialog/ItemFormDialog.types.ts
FNF:0
FNH:0
LF:0
LH:0
BRF:0
BRH:0
end_of_record
TN:
SF:src/pages/inventory/dialogs/ItemFormDialog/itemFormServerErrors.ts
FN:36,applyItemFormServerError
FNF:1
FNH:1
FNDA:4,applyItemFormServerError
DA:22,1
DA:40,4
DA:41,1
DA:42,1
DA:43,1
DA:44,1
DA:45,1
DA:46,1
DA:49,1
DA:52,3
DA:53,1
DA:56,1
DA:59,2
LF:13
LH:13
BRDA:40,0,0,1
BRDA:40,0,1,3
BRDA:44,1,0,1
BRDA:44,1,1,0
BRDA:49,2,0,1
BRDA:49,2,1,0
BRDA:52,3,0,1
BRDA:52,3,1,2
BRF:8
BRH:6
end_of_record
TN:
SF:src/pages/inventory/dialogs/ItemFormDialog/useItemForm.ts
FN:103,useItemForm
FN:107,(anonymous_1)
FN:166,(anonymous_2)
FN:168,(anonymous_3)
FN:176,(anonymous_4)
FN:205,(anonymous_5)
FN:240,(anonymous_6)
FNF:7
FNH:7
FNDA:40,useItemForm
FNDA:1,(anonymous_1)
FNDA:11,(anonymous_2)
FNDA:2,(anonymous_3)
FNDA:12,(anonymous_4)
FNDA:7,(anonymous_5)
FNDA:3,(anonymous_6)
DA:116,40
DA:117,40
DA:123,40
DA:124,40
DA:130,40
DA:146,40
DA:166,40
DA:167,11
DA:168,2
DA:169,11
DA:176,40
DA:177,12
DA:178,11
DA:186,12
DA:187,12
DA:205,40
DA:206,7
DA:207,7
DA:210,7
DA:211,1
DA:212,1
DA:216,6
DA:226,6
DA:227,6
DA:228,2
DA:229,2
DA:230,2
DA:232,4
DA:240,40
DA:241,3
DA:242,3
DA:243,3
DA:244,3
DA:247,40
LF:34
LH:34
BRDA:107,0,0,1
BRDA:108,1,0,40
BRDA:130,2,0,40
BRDA:149,3,0,40
BRDA:149,3,1,38
BRDA:150,4,0,40
BRDA:150,4,1,38
BRDA:151,5,0,40
BRDA:151,5,1,38
BRDA:152,6,0,40
BRDA:152,6,1,38
BRDA:167,7,0,10
BRDA:167,7,1,1
BRDA:168,8,0,1
BRDA:168,8,1,0
BRDA:177,9,0,1
BRDA:177,9,1,11
BRDA:179,10,0,11
BRDA:179,10,1,10
BRDA:180,11,0,12
BRDA:180,11,1,10
BRDA:181,12,0,12
BRDA:181,12,1,10
BRDA:182,13,0,12
BRDA:182,13,1,10
BRDA:210,14,0,1
BRDA:210,14,1,6
BRDA:227,15,0,2
BRDA:227,15,1,4
BRF:29
BRH:28
end_of_record
TN:
SF:src/pages/inventory/dialogs/PriceChangeDialog/PriceChangeDialog.tsx
FN:46,PriceChangeDialog
FN:60,(anonymous_1)
FN:79,(anonymous_2)
FN:85,(anonymous_3)
FNF:4
FNH:2
FNDA:10,PriceChangeDialog
FNDA:0,(anonymous_1)
FNDA:1,(anonymous_2)
FNDA:0,(anonymous_3)
DA:52,10
DA:55,10
[...]
FNDA:0,(anonymous_6)
FNDA:0,(anonymous_7)
FNDA:0,(anonymous_8)
FNDA:0,(anonymous_9)
FNDA:0,(anonymous_10)
FNDA:2,(anonymous_11)
FNDA:2,(anonymous_12)
DA:44,1
DA:45,10
DA:46,10
DA:48,10
DA:49,9
DA:60,2
DA:67,3
DA:69,0
DA:76,3
DA:78,0
DA:85,0
DA:86,0
DA:96,0
DA:97,0
DA:104,2
DA:105,2
DA:107,2
LF:17
LH:11
BRDA:60,0,0,2
BRDA:60,0,1,1
BRDA:104,1,0,0
BRDA:104,1,1,2
BRDA:105,2,0,2
BRDA:105,2,1,1
BRF:6
BRH:5
end_of_record
TN:
SF:src/pages/inventory/hooks/useInventoryPageData.ts
FN:80,(anonymous_0)
FN:109,(anonymous_1)
FN:129,(anonymous_2)
FN:133,(anonymous_3)
FN:141,(anonymous_4)
FNF:5
FNH:0
FNDA:0,(anonymous_0)
FNDA:0,(anonymous_1)
FNDA:0,(anonymous_2)
FNDA:0,(anonymous_3)
FNDA:0,(anonymous_4)
DA:80,0
DA:88,0
DA:94,0
DA:97,0
DA:100,0
DA:103,0
DA:106,0
DA:109,0
DA:110,0
DA:111,0
DA:112,0
DA:120,0
DA:122,0
DA:123,0
DA:125,0
DA:129,0
DA:130,0
DA:131,0
DA:133,0
DA:141,0
DA:142,0
DA:145,0
LF:22
LH:0
BRDA:116,0,0,0
BRDA:116,0,1,0
BRDA:130,1,0,0
BRDA:130,1,1,0
BRDA:142,2,0,0
BRDA:142,2,1,0
BRF:6
BRH:0
end_of_record
TN:
SF:src/pages/inventory/hooks/useInventoryRowStyling.ts
FN:31,(anonymous_0)
FN:32,(anonymous_1)
FNF:2
FNH:2
FNDA:8,(anonymous_0)
FNDA:29,(anonymous_1)
DA:31,1
DA:32,8
DA:33,29
DA:34,29
DA:35,29
DA:37,29
DA:38,18
DA:39,6
LF:8
LH:8
BRDA:33,0,0,29
BRDA:33,0,1,0
BRDA:34,1,0,22
BRDA:34,1,1,7
BRDA:34,2,0,29
BRDA:34,2,1,27
BRDA:35,3,0,29
BRDA:35,3,1,0
BRDA:37,4,0,11
BRDA:37,4,1,18
BRDA:38,5,0,12
BRDA:38,5,1,6
BRF:12
BRH:10
end_of_record
TN:
SF:src/pages/inventory/hooks/useInventoryState.ts
FN:78,(anonymous_0)
FNF:1
FNH:1
FNDA:23,(anonymous_0)
DA:78,1
DA:79,23
DA:80,23
DA:81,23
DA:82,23
DA:86,23
DA:89,23
DA:90,23
DA:91,23
DA:92,23
DA:93,23
DA:94,23
DA:96,23
LF:13
LH:13
BRF:0
BRH:0
end_of_record
TN:
SF:src/pages/inventory/validation/inventoryValidation.ts
FN:38,(anonymous_0)
FN:104,(anonymous_1)
FN:109,(anonymous_2)
FN:115,(anonymous_3)
FNF:4
FNH:4
FNDA:60,(anonymous_0)
FNDA:9,(anonymous_1)
FNDA:9,(anonymous_2)
FNDA:9,(anonymous_3)
DA:35,9
DA:38,60
DA:54,9
DA:60,9
DA:72,9
DA:97,9
DA:104,9
DA:110,9
DA:116,9
DA:130,9
DA:144,9
DA:157,9
LF:12
LH:12
BRDA:38,0,0,60
BRDA:38,0,1,45
BRDA:110,1,0,9
BRDA:110,1,1,4
BRDA:116,2,0,9
BRDA:116,2,1,4
BRF:6
BRH:6
end_of_record
TN:
SF:src/pages/legal/DatenschutzPage.tsx
FN:41,(anonymous_0)
FN:50,(anonymous_1)
FNF:2
FNH:2
FNDA:3,(anonymous_0)
FNDA:27,(anonymous_1)
DA:24,1
DA:41,1
DA:42,3
DA:44,3
DA:51,27
LF:5
LH:5
BRF:0
BRH:0
end_of_record
TN:
SF:src/pages/legal/ImpressumPage.tsx
FN:32,(anonymous_0)
FNF:1
FNH:1
FNDA:4,(anonymous_0)
DA:25,1
DA:32,1
DA:33,4
DA:35,4
LF:4
LH:4
BRF:0
BRH:0
end_of_record
TN:
SF:src/pages/legal/LegalPageLayout.tsx
FN:37,LegalPageLayout
FN:41,(anonymous_1)
FNF:2
FNH:2
FNDA:7,LegalPageLayout
FNDA:1,(anonymous_1)
DA:38,7
DA:39,7
DA:41,7
DA:44,1
DA:45,1
DA:46,0
DA:48,1
DA:52,7
LF:8
LH:7
BRDA:44,0,0,1
BRDA:44,0,1,1
BRDA:45,1,0,0
BRDA:45,1,1,1
BRF:4
BRH:3
end_of_record
TN:
SF:src/pages/suppliers/SuppliersBoard.tsx
FN:57,(anonymous_0)
FN:93,(anonymous_1)
FN:94,(anonymous_2)
FN:95,(anonymous_3)
FNF:4
FNH:1
FNDA:8,(anonymous_0)
FNDA:0,(anonymous_1)
FNDA:0,(anonymous_2)
FNDA:0,(anonymous_3)
DA:57,1
DA:61,8
DA:62,8
DA:67,8
DA:68,8
DA:70,8
DA:71,8
DA:72,8
DA:78,8
DA:79,8
DA:85,8
DA:88,8
DA:92,8
DA:93,8
DA:94,8
DA:95,8
DA:100,8
LF:17
LH:17
BRDA:85,0,0,1
BRDA:85,0,1,7
BRDA:86,1,0,1
BRDA:86,1,1,0
BRDA:87,2,0,1
BRDA:87,2,1,6
BRDA:88,3,0,1
BRDA:88,3,1,7
BRDA:89,4,0,1
BRDA:89,4,1,0
BRDA:90,5,0,1
BRDA:90,5,1,6
BRDA:115,6,0,8
BRDA:115,6,1,7
BRDA:115,6,2,6
BRDA:117,7,0,8
BRDA:117,7,1,7
BRDA:117,7,2,6
BRDA:143,8,0,6
BRDA:143,8,1,2
BRDA:143,9,0,8
BRDA:143,9,1,7
BRF:22
BRH:20
end_of_record
TN:
SF:src/pages/suppliers/components/SuppliersDialogs.tsx
FN:67,(anonymous_0)
FNF:1
FNH:1
FNDA:6,(anonymous_0)
DA:67,1
DA:78,6
LF:2
LH:2
BRF:0
BRH:0
end_of_record
TN:
SF:src/pages/suppliers/components/SuppliersFilterPanel.tsx
FN:48,(anonymous_0)
FN:60,(anonymous_1)
FNF:2
FNH:2
FNDA:5,(anonymous_0)
FNDA:2,(anonymous_1)
DA:48,1
DA:52,5
DA:54,5
DA:60,2
LF:4
LH:4
BRF:0
BRH:0
end_of_record
TN:
SF:src/pages/suppliers/components/SuppliersSearchPanel.tsx
FN:78,(anonymous_0)
FN:104,(anonymous_1)
FN:127,(anonymous_2)
FN:130,(anonymous_3)
FNF:4
FNH:4
FNDA:12,(anonymous_0)
FNDA:3,(anonymous_1)
FNDA:6,(anonymous_2)
FNDA:1,(anonymous_3)
DA:78,1
DA:87,12
DA:89,12
DA:104,3
DA:128,6
DA:130,1
LF:6
LH:6
BRDA:107,0,0,1
BRDA:107,0,1,11
BRDA:112,1,0,12
BRDA:112,1,1,3
BRDA:112,1,2,2
BRDA:135,2,0,6
BRDA:135,2,1,4
BRDA:135,2,2,2
BRDA:147,3,0,12
BRDA:147,3,1,2
BRF:10
BRH:10
end_of_record
TN:
SF:src/pages/suppliers/components/SuppliersTable.tsx
FN:86,(anonymous_0)
FN:111,(anonymous_1)
FN:117,(anonymous_2)
FN:123,(anonymous_3)
FN:129,(anonymous_4)
FN:130,(anonymous_5)
FN:167,(anonymous_6)
FN:175,(anonymous_7)
FNF:8
FNH:2
FNDA:6,(anonymous_0)
FNDA:0,(anonymous_1)
FNDA:0,(anonymous_2)
FNDA:0,(anonymous_3)
FNDA:0,(anonymous_4)
FNDA:0,(anonymous_5)
FNDA:0,(anonymous_6)
FNDA:1,(anonymous_7)
DA:86,1
DA:96,6
DA:97,6
DA:100,6
DA:111,0
DA:117,0
DA:123,0
DA:129,0
DA:131,0
DA:132,0
DA:133,0
DA:135,0
DA:141,6
DA:167,0
DA:176,1
LF:15
LH:6
BRDA:111,0,0,0
BRDA:111,0,1,0
BRDA:117,1,0,0
BRDA:117,1,1,0
BRDA:123,2,0,0
BRDA:123,2,1,0
BRDA:129,3,0,0
BRDA:129,3,1,0
BRDA:131,4,0,0
BRDA:131,4,1,0
BRDA:152,5,0,6
BRDA:152,5,1,1
BRDA:169,6,0,0
BRDA:169,6,1,6
BRF:14
BRH:3
end_of_record
TN:
SF:src/pages/suppliers/components/SuppliersToolbar.tsx
FN:56,(anonymous_0)
FNF:1
FNH:1
FNDA:7,(anonymous_0)
DA:56,1
DA:63,7
DA:65,7
LF:3
LH:3
BRF:0
BRH:0
end_of_record
TN:
SF:src/pages/suppliers/dialogs/CreateSupplierDialog/CreateSupplierDialog.tsx
FN:59,(anonymous_0)
FN:73,(anonymous_1)
FN:83,(anonymous_2)
FN:96,(anonymous_3)
FNF:4
FNH:4
FNDA:5,(anonymous_0)
FNDA:2,(anonymous_1)
FNDA:2,(anonymous_2)
FNDA:1,(anonymous_3)
DA:59,1
DA:64,5
DA:65,5
DA:68,5
DA:73,5
DA:74,2
DA:75,2
DA:76,2
DA:83,5
DA:84,2
DA:85,2
DA:86,1
DA:90,5
DA:96,1
LF:14
LH:14
BRDA:85,0,0,1
BRDA:85,0,1,1
BRDA:122,1,0,1
BRDA:122,1,1,4
BRF:4
BRH:4
end_of_record
TN:
SF:src/pages/suppliers/dialogs/CreateSupplierDialog/CreateSupplierDialog.types.ts
FNF:0
FNH:0
LF:0
LH:0
BRF:0
BRH:0
end_of_record
TN:
SF:src/pages/suppliers/dialogs/CreateSupplierDialog/CreateSupplierForm.tsx
FN:60,(anonymous_0)
FNF:1
FNH:1
FNDA:4,(anonymous_0)
DA:60,1
DA:66,4
DA:68,4
LF:3
LH:3
BRDA:70,0,0,4
BRDA:70,0,1,1
BRF:2
BRH:2
end_of_record
TN:
SF:src/pages/suppliers/dialogs/CreateSupplierDialog/useCreateSupplierForm.ts
FN:55,(anonymous_0)
FN:81,(anonymous_1)
FN:109,(anonymous_2)
FNF:3
FNH:3
FNDA:6,(anonymous_0)
FNDA:2,(anonymous_1)
FNDA:3,(anonymous_2)
DA:55,1
DA:58,6
DA:59,6
DA:67,6
DA:81,6
DA:83,2
DA:84,2
DA:87,2
DA:91,1
DA:96,1
DA:99,1
DA:103,1
DA:109,6
DA:110,3
DA:112,3
DA:113,3
DA:120,2
DA:121,1
DA:122,1
DA:126,1
DA:127,1
DA:128,1
DA:131,1
DA:134,1
DA:135,1
DA:139,6
LF:26
LH:26
BRDA:83,0,0,0
BRDA:83,0,1,2
BRDA:87,1,0,1
BRDA:87,1,1,1
BRDA:88,2,0,2
BRDA:88,2,1,1
BRDA:88,2,2,0
BRDA:88,2,3,0
BRDA:120,3,0,1
BRDA:120,3,1,1
BRDA:131,4,0,0
BRDA:131,4,1,1
BRF:12
BRH:8
end_of_record
TN:
SF:src/pages/suppliers/dialogs/DeleteSupplierDialog/DeleteSupplierConfirmation.tsx
FN:72,(anonymous_0)
FNF:1
FNH:1
FNDA:5,(anonymous_0)
DA:72,1
DA:79,5
DA:81,5
LF:3
LH:3
BRDA:118,0,0,5
BRDA:118,0,1,4
BRDA:127,1,0,5
BRDA:127,1,1,4
BRDA:136,2,0,5
BRDA:136,2,1,4
BRDA:148,3,0,5
BRDA:148,3,1,1
BRDA:164,4,0,1
BRDA:164,4,1,4
BRDA:166,5,0,1
BRDA:166,5,1,4
BRF:12
BRH:12
end_of_record
TN:
SF:src/pages/suppliers/dialogs/DeleteSupplierDialog/DeleteSupplierDialog.tsx
FN:52,(anonymous_0)
FN:62,(anonymous_1)
FN:71,(anonymous_2)
FN:82,(anonymous_3)
FN:112,(anonymous_4)
FNF:5
FNH:4
FNDA:7,(anonymous_0)
FNDA:0,(anonymous_1)
FNDA:2,(anonymous_2)
FNDA:1,(anonymous_3)
FNDA:1,(anonymous_4)
DA:52,1
DA:57,7
DA:58,7
DA:59,7
DA:62,7
DA:63,0
DA:64,0
DA:65,0
DA:71,7
DA:72,2
DA:73,1
DA:74,1
DA:82,7
DA:83,1
DA:84,1
DA:85,1
DA:89,7
DA:112,1
LF:18
LH:15
BRDA:72,0,0,1
BRDA:72,0,1,1
BRDA:104,1,0,7
BRDA:104,1,1,4
BRDA:117,2,0,7
BRDA:117,2,1,3
BRDA:117,2,2,3
BRF:7
BRH:7
end_of_record
TN:
SF:src/pages/suppliers/dialogs/DeleteSupplierDialog/DeleteSupplierDialog.types.ts
FNF:0
FNH:0
LF:0
LH:0
BRF:0
BRH:0
end_of_record
TN:
SF:src/pages/suppliers/dialogs/DeleteSupplierDialog/DeleteSupplierSearch.tsx
FN:79,(anonymous_0)
FNF:1
FNH:1
FNDA:3,(anonymous_0)
DA:79,1
DA:88,3
DA:90,3
DA:92,3
LF:4
LH:4
BRF:0
BRH:0
end_of_record
TN:
SF:src/pages/suppliers/dialogs/DeleteSupplierDialog/DeleteSupplierSearchEmpty.tsx
FN:48,(anonymous_0)
FNF:1
FNH:1
FNDA:3,(anonymous_0)
DA:48,1
DA:52,3
DA:54,3
DA:55,2
DA:58,1
LF:5
LH:5
BRDA:54,0,0,2
BRDA:54,0,1,1
BRDA:54,1,0,3
BRDA:54,1,1,2
BRF:4
BRH:4
end_of_record
TN:
SF:src/pages/suppliers/dialogs/DeleteSupplierDialog/DeleteSupplierSearchInput.tsx
FN:52,(anonymous_0)
FN:66,(anonymous_1)
FNF:2
FNH:2
FNDA:5,(anonymous_0)
FNDA:2,(anonymous_1)
DA:52,1
DA:57,5
DA:59,5
DA:66,2
LF:4
LH:4
BRDA:69,0,0,1
BRDA:69,0,1,4
BRF:2
BRH:2
end_of_record
TN:
SF:src/pages/suppliers/dialogs/DeleteSupplierDialog/DeleteSupplierSearchResults.tsx
FN:49,(anonymous_0)
FN:68,(anonymous_1)
FN:71,(anonymous_2)
FNF:3
FNH:3
FNDA:3,(anonymous_0)
FNDA:4,(anonymous_1)
FNDA:1,(anonymous_2)
DA:49,1
DA:53,3
DA:54,1
DA:57,2
DA:69,4
DA:71,1
LF:6
LH:6
BRDA:53,0,0,1
BRDA:53,0,1,2
BRDA:88,1,0,4
BRDA:88,1,1,4
BRF:4
BRH:4
end_of_record
TN:
SF:src/pages/suppliers/dialogs/DeleteSupplierDialog/useDeleteSupplierForm.ts
FN:68,(anonymous_0)
FN:89,(anonymous_1)
FN:100,(anonymous_2)
FN:101,(anonymous_3)
FN:172,(anonymous_4)
FNF:5
FNH:4
FNDA:14,(anonymous_0)
FNDA:4,(anonymous_1)
FNDA:4,(anonymous_2)
FNDA:1,(anonymous_3)
FNDA:0,(anonymous_4)
DA:68,1
DA:71,14
DA:72,14
DA:75,14
DA:78,14
DA:81,14
DA:82,14
DA:83,14
DA:89,14
DA:90,4
DA:91,4
DA:92,4
DA:93,4
DA:100,14
DA:101,4
DA:102,1
DA:103,0
DA:107,1
DA:110,1
DA:116,1
DA:122,0
DA:123,0
DA:127,0
DA:128,0
DA:132,0
DA:135,4
DA:136,1
DA:137,1
DA:141,3
DA:142,1
DA:143,1
DA:146,2
DA:147,2
DA:149,2
DA:150,2
DA:152,2
DA:154,1
DA:157,1
DA:158,1
DA:161,0
DA:162,0
DA:163,0
DA:165,2
DA:172,14
DA:173,0
DA:174,0
DA:175,0
DA:176,0
DA:179,14
LF:49
LH:36
BRDA:102,0,0,0
BRDA:102,0,1,1
BRDA:110,1,0,1
BRDA:110,1,1,0
BRDA:111,2,0,1
BRDA:111,2,1,0
BRDA:111,2,2,0
BRDA:111,2,3,0
BRDA:122,3,0,0
BRDA:122,3,1,0
BRDA:122,4,0,0
BRDA:122,4,1,0
BRDA:127,5,0,0
BRDA:127,5,1,0
BRDA:127,6,0,0
BRDA:127,6,1,0
BRDA:135,7,0,1
BRDA:135,7,1,3
BRDA:141,8,0,1
BRDA:141,8,1,2
BRDA:152,9,0,1
BRDA:152,9,1,1
BRDA:161,10,0,0
BRDA:161,10,1,0
BRF:24
BRH:9
end_of_record
TN:
SF:src/pages/suppliers/dialogs/EditSupplierDialog/EditSupplierConfirmation.tsx
FN:78,(anonymous_0)
FNF:1
FNH:1
FNDA:5,(anonymous_0)
DA:78,1
DA:87,5
DA:89,5
LF:3
LH:3
BRDA:95,0,0,5
BRDA:95,0,1,1
BRDA:105,1,0,5
BRDA:105,1,1,5
BRDA:127,2,0,5
BRDA:127,2,1,4
BRDA:127,3,0,5
BRDA:127,3,1,0
BRDA:133,4,0,4
BRDA:133,4,1,0
BRDA:134,5,0,4
BRDA:134,5,1,0
BRDA:139,6,0,5
BRDA:139,6,1,4
BRDA:139,7,0,5
BRDA:139,7,1,0
BRDA:145,8,0,4
BRDA:145,8,1,0
BRDA:145,9,0,4
BRDA:145,9,1,0
BRDA:150,10,0,5
BRDA:150,10,1,4
BRDA:150,11,0,5
BRDA:150,11,1,0
BRDA:156,12,0,4
BRDA:156,12,1,0
BRDA:156,13,0,4
BRDA:156,13,1,0
BRDA:175,14,0,1
BRDA:175,14,1,4
BRF:30
BRH:21
end_of_record
TN:
SF:src/pages/suppliers/dialogs/EditSupplierDialog/EditSupplierDialog.tsx
FN:66,(anonymous_0)
FN:76,(anonymous_1)
FN:85,(anonymous_2)
FN:93,(anonymous_3)
FN:114,(anonymous_4)
FN:126,(anonymous_5)
FN:174,(anonymous_6)
FNF:7
FNH:6
FNDA:8,(anonymous_0)
FNDA:1,(anonymous_1)
FNDA:2,(anonymous_2)
FNDA:2,(anonymous_3)
FNDA:1,(anonymous_4)
FNDA:1,(anonymous_5)
FNDA:0,(anonymous_6)
DA:66,1
DA:71,8
DA:72,8
DA:73,8
DA:76,8
DA:77,1
DA:78,1
DA:79,1
DA:85,8
DA:86,2
DA:87,2
DA:93,8
DA:94,2
DA:95,1
DA:98,1
DA:101,1
DA:102,1
DA:103,1
DA:106,8
DA:114,1
DA:126,1
DA:174,0
LF:22
LH:21
BRDA:94,0,0,1
BRDA:94,0,1,1
BRDA:109,1,0,8
BRDA:109,1,1,8
BRDA:125,2,0,8
BRDA:125,2,1,1
BRDA:159,3,0,8
BRDA:159,3,1,4
BRF:8
BRH:8
end_of_record
TN:
SF:src/pages/suppliers/dialogs/EditSupplierDialog/EditSupplierDialog.types.ts
FNF:0
FNH:0
LF:0
LH:0
BRF:0
BRH:0
end_of_record
TN:
SF:src/pages/suppliers/dialogs/EditSupplierDialog/EditSupplierInfoStep.tsx
FN:65,(anonymous_0)
FN:106,(anonymous_1)
FN:124,(anonymous_2)
FN:142,(anonymous_3)
FNF:4
FNH:4
FNDA:8,(anonymous_0)
FNDA:6,(anonymous_1)
FNDA:6,(anonymous_2)
FNDA:6,(anonymous_3)
DA:65,1
DA:71,8
DA:73,8
DA:74,2
DA:81,6
DA:107,6
DA:125,6
DA:143,6
LF:8
LH:8
BRDA:73,0,0,2
BRDA:73,0,1,6
BRF:2
BRH:2
end_of_record
TN:
SF:src/pages/suppliers/dialogs/EditSupplierDialog/EditSupplierSearchStep.tsx
FN:69,(anonymous_0)
FN:90,(anonymous_1)
FN:113,(anonymous_2)
FN:116,(anonymous_3)
FNF:4
FNH:4
FNDA:8,(anonymous_0)
FNDA:2,(anonymous_1)
FNDA:2,(anonymous_2)
FNDA:1,(anonymous_3)
DA:69,1
DA:76,8
DA:78,8
DA:90,2
DA:114,2
DA:116,1
LF:6
LH:6
BRDA:93,0,0,1
BRDA:93,0,1,7
BRDA:98,1,0,8
BRDA:98,1,1,1
BRDA:120,2,0,2
BRDA:120,2,1,0
BRDA:120,2,2,0
BRDA:128,3,0,8
BRDA:128,3,1,4
BRDA:128,3,2,3
BRDA:128,3,3,2
BRDA:135,4,0,8
BRDA:135,4,1,4
BRDA:135,4,2,2
BRF:14
BRH:12
end_of_record
TN:
SF:src/pages/suppliers/dialogs/EditSupplierDialog/mapSupplierErrors.ts
FN:36,(anonymous_0)
FNF:1
FNH:1
FNDA:7,(anonymous_0)
DA:36,1
DA:37,7
DA:38,2
DA:42,5
DA:45,5
DA:46,1
DA:50,4
DA:51,1
DA:55,3
DA:56,2
DA:60,1
LF:11
LH:11
BRDA:37,0,0,2
BRDA:37,0,1,5
BRDA:45,1,0,1
BRDA:45,1,1,4
BRDA:45,2,0,5
BRDA:45,2,1,4
BRDA:45,2,2,4
BRDA:50,3,0,1
BRDA:50,3,1,3
BRDA:50,4,0,4
BRDA:50,4,1,3
BRDA:55,5,0,2
BRDA:55,5,1,1
BRDA:55,6,0,3
BRDA:55,6,1,2
BRDA:55,6,2,1
BRF:16
BRH:16
end_of_record
TN:
SF:src/pages/suppliers/dialogs/EditSupplierDialog/useEditSupplierConfirmation.ts
FN:51,(anonymous_0)
FN:55,(anonymous_1)
FNF:2
FNH:2
FNDA:6,(anonymous_0)
FNDA:1,(anonymous_1)
DA:51,1
DA:52,6
DA:53,6
DA:55,6
DA:56,1
DA:57,1
DA:60,6
LF:7
LH:7
BRF:0
BRH:0
end_of_record
TN:
SF:src/pages/suppliers/dialogs/EditSupplierDialog/useEditSupplierForm.ts
FN:83,(anonymous_0)
FN:105,(anonymous_1)
FN:117,(anonymous_2)
FN:150,(anonymous_3)
FNF:4
FNH:4
FNDA:14,(anonymous_0)
FNDA:5,(anonymous_1)
FNDA:4,(anonymous_2)
FNDA:1,(anonymous_3)
DA:83,1
DA:86,14
DA:87,14
DA:90,14
DA:91,14
DA:92,14
DA:95,14
DA:98,14
DA:104,14
DA:106,5
DA:107,5
DA:108,5
DA:109,5
DA:117,14
DA:118,4
DA:120,3
DA:121,3
DA:129,2
DA:130,1
DA:132,1
DA:133,1
DA:134,1
DA:137,1
DA:141,1
DA:142,1
DA:143,1
DA:150,14
DA:151,1
DA:152,1
DA:153,1
DA:154,1
DA:155,1
DA:158,14
LF:33
LH:33
BRDA:118,0,0,1
BRDA:118,0,1,3
BRDA:118,1,0,4
BRDA:118,1,1,3
BRDA:129,2,0,1
BRDA:129,2,1,1
BRDA:138,3,0,1
BRDA:138,3,1,0
BRF:8
BRH:7
end_of_record
TN:
SF:src/pages/suppliers/dialogs/EditSupplierDialog/useEditSupplierFormState.ts
FN:62,(anonymous_0)
FN:85,(anonymous_1)
FNF:2
FNH:2
FNDA:5,(anonymous_0)
FNDA:2,(anonymous_1)
DA:62,1
DA:70,5
DA:84,5
DA:86,2
DA:87,2
DA:88,2
DA:89,2
DA:94,5
LF:8
LH:8
BRDA:87,0,0,2
BRDA:87,0,1,0
BRDA:88,1,0,2
BRDA:88,1,1,0
BRDA:89,2,0,2
BRDA:89,2,1,0
BRF:6
BRH:3
end_of_record
TN:
SF:src/pages/suppliers/handlers/useDataFetchingLogic.ts
FN:34,useDataFetchingLogic
FNF:1
FNH:1
FNDA:4,useDataFetchingLogic
DA:37,4
DA:39,4
DA:45,4
DA:52,4
LF:4
LH:4
BRDA:39,0,0,2
BRDA:39,0,1,2
BRDA:40,1,0,2
BRDA:40,1,1,1
BRF:4
BRH:4
end_of_record
TN:
SF:src/pages/suppliers/handlers/useDialogHandlers.ts
FN:33,useDialogHandlers
FN:38,(anonymous_1)
FN:44,(anonymous_2)
FN:51,(anonymous_3)
FNF:4
FNH:4
FNDA:4,useDialogHandlers
FNDA:1,(anonymous_1)
FNDA:1,(anonymous_2)
FNDA:1,(anonymous_3)
DA:34,4
DA:35,4
DA:36,4
DA:38,4
DA:39,1
DA:40,1
DA:41,1
DA:44,4
DA:45,1
DA:46,1
DA:47,1
DA:48,1
DA:51,4
DA:52,1
DA:53,1
DA:54,1
DA:55,1
DA:58,4
LF:18
LH:18
BRF:0
BRH:0
end_of_record
TN:
SF:src/pages/suppliers/handlers/useFilterHandlers.ts
FN:28,useFilterHandlers
FN:30,(anonymous_1)
FNF:2
FNH:2
FNDA:3,useFilterHandlers
FNDA:2,(anonymous_1)
DA:29,3
DA:31,2
DA:36,3
LF:3
LH:3
BRF:0
BRH:0
end_of_record
TN:
SF:src/pages/suppliers/handlers/useSearchHandlers.ts
FN:29,useSearchHandlers
FN:31,(anonymous_1)
FN:42,(anonymous_2)
FN:51,(anonymous_3)
FNF:4
FNH:4
FNDA:6,useSearchHandlers
FNDA:2,(anonymous_1)
FNDA:2,(anonymous_2)
FNDA:1,(anonymous_3)
DA:30,6
DA:32,2
DA:34,2
DA:35,2
DA:36,2
DA:41,6
DA:43,2
DA:44,2
DA:45,2
DA:46,2
DA:51,6
DA:52,1
DA:53,1
DA:54,1
DA:57,6
LF:15
LH:15
BRDA:46,0,0,2
BRDA:46,0,1,0
BRF:2
BRH:1
end_of_record
TN:
SF:src/pages/suppliers/handlers/useTableHandlers.ts
FN:29,useTableHandlers
FN:31,(anonymous_1)
FN:38,(anonymous_2)
FN:45,(anonymous_3)
FNF:4
FNH:4
FNDA:6,useTableHandlers
FNDA:2,(anonymous_1)
FNDA:1,(anonymous_2)
FNDA:2,(anonymous_3)
DA:30,6
DA:32,2
DA:37,6
DA:39,1
DA:44,6
DA:46,2
DA:51,6
LF:7
LH:7
BRF:0
BRH:0
end_of_record
TN:
SF:src/pages/suppliers/handlers/useToolbarHandlers.ts
FN:28,useToolbarHandlers
FN:29,(anonymous_1)
FN:33,(anonymous_2)
FN:37,(anonymous_3)
FNF:4
FNH:4
FNDA:5,useToolbarHandlers
FNDA:3,(anonymous_1)
FNDA:2,(anonymous_2)
FNDA:2,(anonymous_3)
DA:29,5
DA:30,3
DA:33,5
DA:34,2
DA:37,5
DA:38,2
DA:41,5
LF:7
LH:7
BRF:0
BRH:0
end_of_record
TN:
SF:src/pages/suppliers/hooks/useSupplierSearch.ts
FN:59,(anonymous_0)
FN:69,(anonymous_1)
FN:73,(anonymous_2)
FNF:3
FNH:3
FNDA:7,(anonymous_0)
FNDA:2,(anonymous_1)
FNDA:1,(anonymous_2)
DA:59,1
DA:60,7
DA:65,7
DA:66,7
DA:69,7
DA:70,2
DA:73,7
DA:74,1
DA:77,7
LF:9
LH:9
BRDA:66,0,0,7
BRDA:66,0,1,0
BRF:2
BRH:1
end_of_record
TN:
SF:src/pages/suppliers/hooks/useSuppliersBoardData.ts
FN:61,(anonymous_0)
FN:82,(anonymous_1)
FNF:2
FNH:2
FNDA:10,(anonymous_0)
FNDA:10,(anonymous_1)
DA:61,1
DA:69,10
DA:74,10
DA:81,10
DA:83,10
LF:5
LH:5
BRDA:75,0,0,7
BRDA:75,0,1,3
BRDA:84,1,0,10
BRDA:84,1,1,9
BRDA:85,2,0,10
BRDA:85,2,1,9
BRDA:86,3,0,10
BRDA:86,3,1,1
BRDA:89,4,0,10
BRDA:89,4,1,9
BRF:10
BRH:10
end_of_record
TN:
SF:src/pages/suppliers/hooks/useSuppliersBoardState.ts
FN:70,(anonymous_0)
FNF:1
FNH:1
FNDA:24,(anonymous_0)
DA:70,1
DA:71,24
DA:72,24
DA:73,24
DA:77,24
DA:80,24
DA:81,24
DA:82,24
DA:83,24
DA:84,24
DA:86,24
DA:107,24
LF:12
LH:12
BRF:0
BRH:0
end_of_record
TN:
SF:src/pages/system/NotFoundPage.tsx
FN:26,(anonymous_0)
FN:35,(anonymous_1)
FNF:2
FNH:2
FNDA:3,(anonymous_0)
FNDA:2,(anonymous_1)
DA:26,1
DA:27,3
DA:28,3
DA:31,3
DA:32,3
DA:33,3
DA:35,3
DA:36,2
DA:39,3
LF:9
LH:9
BRDA:36,0,0,1
BRDA:36,0,1,1
BRDA:49,1,0,1
BRDA:49,1,1,2
BRF:4
BRH:4
end_of_record
TN:
SF:src/routes/AppRouter.tsx
FN:44,(anonymous_0)
FN:53,(anonymous_1)
FNF:2
FNH:2
FNDA:1,(anonymous_0)
FNDA:14,(anonymous_1)
DA:44,1
DA:45,1
DA:53,1
DA:54,14
DA:57,14
DA:59,13
LF:6
LH:6
BRDA:57,0,0,1
BRDA:57,0,1,13
BRF:2
BRH:2
end_of_record
TN:
SF:src/theme/tokens.ts
FNF:0
FNH:0
DA:18,1
DA:31,1
LF:2
LH:2
BRF:0
BRH:0
end_of_record
TN:
SF:src/utils/formatters.ts
FN:26,(anonymous_0)
FN:55,(anonymous_1)
FN:75,(anonymous_2)
FN:77,(anonymous_3)
FN:81,(anonymous_4)
FN:84,(anonymous_5)
FNF:6
FNH:6
FNDA:33,(anonymous_0)
FNDA:45,(anonymous_1)
FNDA:24,(anonymous_2)
FNDA:48,(anonymous_3)
FNDA:25,(anonymous_4)
FNDA:50,(anonymous_5)
DA:26,24
DA:27,33
DA:29,33
DA:30,2
DA:33,31
DA:34,31
DA:35,31
DA:37,31
DA:39,29
DA:41,1
DA:43,1
DA:45,0
DA:55,24
DA:56,45
DA:57,3
DA:60,42
DA:61,42
DA:62,42
DA:64,42
DA:67,31
DA:68,31
DA:70,11
DA:71,11
DA:75,24
DA:76,24
DA:77,48
DA:78,24
DA:81,24
DA:82,25
DA:83,25
DA:84,50
DA:85,25
LF:32
LH:31
BRDA:27,0,0,28
BRDA:27,0,1,5
BRDA:29,1,0,2
BRDA:29,1,1,31
BRDA:37,2,0,29
BRDA:37,2,1,1
BRDA:37,2,2,1
BRDA:37,2,3,0
BRDA:55,3,0,45
BRDA:56,4,0,3
BRDA:56,4,1,42
BRDA:56,5,0,45
BRDA:56,5,1,44
BRDA:64,6,0,31
BRDA:64,6,1,11
BRDA:68,7,0,4
BRDA:68,7,1,27
BRDA:71,8,0,10
BRDA:71,8,1,1
BRF:19
BRH:18
end_of_record
TN:
SF:src/utils/logger.ts
FN:21,logError
FN:30,logWarn
FNF:2
FNH:2
FNDA:11,logError
FNDA:8,logWarn
DA:22,11
DA:23,11
DA:31,8
DA:32,8
LF:4
LH:4
BRDA:22,0,0,11
BRDA:22,0,1,0
BRDA:31,1,0,8
BRDA:31,1,1,0
BRF:4
BRH:2
end_of_record
TN:
SF:src/utils/systemInfo.ts
FN:32,(anonymous_0)
FNF:1
FNH:1
FNDA:4,(anonymous_0)
DA:32,2
DA:33,4
DA:39,4
DA:40,4
DA:47,3
DA:48,1
DA:49,1
DA:52,2
DA:55,2
DA:59,4
DA:65,1
DA:66,1
LF:12
LH:12
BRDA:47,0,0,1
BRDA:47,0,1,2
BRDA:55,1,0,1
BRDA:55,1,1,1
BRDA:55,2,0,2
BRDA:55,2,1,1
BRDA:62,3,0,4
BRDA:62,3,1,0
BRF:8
BRH:7
end_of_record
TN:
SF:src/utils/urlState.ts
FN:28,dequote
FN:46,readParams
FNF:2
FNH:2
FNDA:18,dequote
FNDA:22,readParams
DA:29,18
DA:30,6
DA:31,6
DA:32,6
DA:47,22
DA:48,22
DA:50,22
DA:51,50
DA:54,50
DA:55,13
DA:59,50
DA:62,22
LF:12
LH:12
BRDA:29,0,0,12
BRDA:29,0,1,6
BRDA:32,1,0,5
BRDA:32,1,1,1
BRDA:54,2,0,13
BRDA:54,2,1,37
BRDA:54,3,0,50
BRDA:54,3,1,14
BRDA:54,3,2,36
BRDA:59,4,0,18
BRDA:59,4,1,32
BRDA:59,5,0,32
BRDA:59,5,1,23
BRF:13
BRH:13
end_of_record
