GROUP,PACKAGE,CLASS,INSTRUCTION_MISSED,INSTRUCTION_COVERED,BRANCH_MISSED,BRANCH_COVERED,LINE_MISSED,LINE_COVERED,COMPLEXITY_MISSED,COMPLEXITY_COVERED,METHOD_MISSED,METHOD_COVERED
Inventory Service,com.smartsupplypro.inventory.repository.custom.util,StockMetricsSqlBuilder,2,10,0,0,1,5,1,5,1,5
Inventory Service,com.smartsupplypro.inventory.repository.custom.util,DatabaseDialectDetector,0,32,0,6,0,6,0,7,0,4
Inventory Service,com.smartsupplypro.inventory.repository.custom.util,StockTrendSqlBuilder,0,62,0,8,0,14,0,10,0,6
Inventory Service,com.smartsupplypro.inventory.repository.custom.util,StockDetailSqlBuilder,0,4,0,0,0,2,0,2,0,2
Inventory Service,com.smartsupplypro.inventory.exception.dto,ErrorResponse,0,12,0,0,0,1,0,1,0,1
Inventory Service,com.smartsupplypro.inventory.model,AppUser,3,43,0,0,1,13,1,2,1,2
Inventory Service,com.smartsupplypro.inventory.model,StockHistory,0,7,0,2,0,3,0,2,0,1
Inventory Service,com.smartsupplypro.inventory.model,Role,7,15,0,0,1,3,1,1,1,1
Inventory Service,com.smartsupplypro.inventory.model,InventoryItem,0,59,0,20,0,14,0,11,0,1
Inventory Service,com.smartsupplypro.inventory,InventoryServiceApplication,0,49,0,10,0,13,0,9,0,4
Inventory Service,com.smartsupplypro.inventory.controller,AuthController,0,133,0,6,0,28,0,8,0,5
Inventory Service,com.smartsupplypro.inventory.controller,SupplierController,4,78,1,5,1,14,2,9,1,7
Inventory Service,com.smartsupplypro.inventory.controller,InventoryItemPatchController,0,63,2,6,0,14,2,7,0,5
Inventory Service,com.smartsupplypro.inventory.controller,HealthCheckController,0,117,3,9,0,28,3,7,0,4
Inventory Service,com.smartsupplypro.inventory.controller,StockAnalyticsController,4,78,0,0,1,12,1,6,1,6
Inventory Service,com.smartsupplypro.inventory.controller,StockUpdateAnalyticsController,0,55,0,0,0,7,0,2,0,2
Inventory Service,com.smartsupplypro.inventory.controller,InventoryItemController,0,86,0,2,0,20,0,11,0,10
Inventory Service,com.smartsupplypro.inventory.controller,AnalyticsController,0,44,0,0,0,5,0,2,0,2
Inventory Service,com.smartsupplypro.inventory.controller,AuthController.AppUserProfileDTO,0,15,0,0,0,1,0,1,0,1
Inventory Service,com.smartsupplypro.inventory.controller,RootRedirectController,6,6,0,0,1,3,1,1,1,1
Inventory Service,com.smartsupplypro.inventory.controller,StockHistoryController,0,46,0,6,0,7,0,7,0,4
Inventory Service,com.smartsupplypro.inventory.service.impl.inventory,InventoryItemValidationHelper,17,132,5,21,3,32,5,17,0,9
Inventory Service,com.smartsupplypro.inventory.service.impl.inventory,InventoryItemAuditHelper,1,76,1,5,0,29,1,8,0,6
Inventory Service,com.smartsupplypro.inventory.config,AppProperties.Cors,0,14,0,0,0,4,0,3,0,3
Inventory Service,com.smartsupplypro.inventory.config,SecuritySpelBridgeConfig,0,5,0,0,0,2,0,2,0,2
Inventory Service,com.smartsupplypro.inventory.config,SecurityFilterHelper.new OncePerRequestFilter() {...},0,31,0,6,0,7,0,5,0,2
Inventory Service,com.smartsupplypro.inventory.config,AppProperties.Frontend,3,20,0,0,1,6,1,4,1,4
Inventory Service,com.smartsupplypro.inventory.config,CorsConfig,0,66,0,0,0,18,0,3,0,3
Inventory Service,com.smartsupplypro.inventory.config,SecurityFilterHelper,0,8,0,0,0,2,0,2,0,2
Inventory Service,com.smartsupplypro.inventory.config,OAuth2Config,0,34,0,2,0,9,0,5,0,4
Inventory Service,com.smartsupplypro.inventory.config,SecurityEntryPointHelper,0,62,0,6,0,17,0,10,0,7
Inventory Service,com.smartsupplypro.inventory.config,AppProperties.Cookie,8,15,0,0,2,5,2,3,2,3
Inventory Service,com.smartsupplypro.inventory.config,AppProperties,0,37,0,0,0,10,0,6,0,6
Inventory Service,com.smartsupplypro.inventory.config,SecurityConfig,0,183,0,0,0,37,0,12,0,12
Inventory Service,com.smartsupplypro.inventory.config,SecurityAuthorizationHelper,0,344,0,2,0,24,0,3,0,2
Inventory Service,com.smartsupplypro.inventory.repository.custom,StockMetricsRepositoryImpl,1,67,1,9,0,20,1,9,0,5
Inventory Service,com.smartsupplypro.inventory.repository.custom,StockDetailQueryRepositoryImpl,0,132,0,22,0,30,0,15,0,4
Inventory Service,com.smartsupplypro.inventory.repository.custom,StockTrendAnalyticsRepositoryImpl,0,154,0,12,0,41,0,13,0,7
Inventory Service,com.smartsupplypro.inventory.enums,StockChangeReason,0,93,0,4,0,17,0,4,0,2
Inventory Service,com.smartsupplypro.inventory.exception,InvalidRequestException,0,9,0,0,0,4,0,2,0,2
Inventory Service,com.smartsupplypro.inventory.exception,BusinessExceptionHandler,0,59,0,8,0,11,0,9,0,5
Inventory Service,com.smartsupplypro.inventory.exception,DuplicateResourceException,0,9,0,0,0,4,0,2,0,2
Inventory Service,com.smartsupplypro.inventory.exception,GlobalExceptionHandler,41,179,10,14,7,41,12,17,3,14
Inventory Service,com.smartsupplypro.inventory.service.impl,InventoryItemServiceImpl,0,313,6,24,0,57,6,19,0,10
Inventory Service,com.smartsupplypro.inventory.service.impl,SupplierServiceImpl,0,151,0,2,0,31,0,10,0,9
Inventory Service,com.smartsupplypro.inventory.service.impl,StockHistoryServiceImpl,0,177,0,0,0,52,0,10,0,10
Inventory Service,com.smartsupplypro.inventory.service.impl,AnalyticsServiceImpl,0,52,0,0,0,9,0,9,0,9
Inventory Service,com.smartsupplypro.inventory.mapper,StockHistoryMapper,0,84,0,8,0,29,0,8,0,4
Inventory Service,com.smartsupplypro.inventory.mapper,SupplierMapper,0,75,0,8,0,22,0,8,0,4
Inventory Service,com.smartsupplypro.inventory.mapper,InventoryItemMapper,0,98,1,9,0,31,1,9,0,5
Inventory Service,com.smartsupplypro.inventory.controller.analytics,AnalyticsDashboardHelper,0,55,0,8,0,12,0,6,0,2
Inventory Service,com.smartsupplypro.inventory.controller.analytics,AnalyticsControllerValidationHelper,0,137,0,26,0,31,0,21,0,8
Inventory Service,com.smartsupplypro.inventory.security,OAuth2AuthorizationRequestCookieSerializer.new TypeReference() {...},0,3,0,0,0,1,0,1,0,1
Inventory Service,com.smartsupplypro.inventory.security,OAuth2LoginSuccessHandler,2,259,3,35,0,53,3,23,0,7
Inventory Service,com.smartsupplypro.inventory.security,OAuth2AuthorizationRequestCookieSerializer,1,179,3,9,0,43,3,9,0,6
Inventory Service,com.smartsupplypro.inventory.security,CookieOAuth2AuthorizationRequestRepository,0,281,4,32,0,59,4,24,0,10
Inventory Service,com.smartsupplypro.inventory.service,CustomOAuth2UserService,22,187,3,23,4,37,6,18,3,8
Inventory Service,com.smartsupplypro.inventory.service,SecurityService,0,30,0,6,0,8,0,5,0,2
Inventory Service,com.smartsupplypro.inventory.service,CustomOidcUserService,22,181,1,23,4,35,4,19,3,8
Inventory Service,com.smartsupplypro.inventory.service,UserProvisioningService,0,61,0,0,0,16,0,5,0,5
Inventory Service,com.smartsupplypro.inventory.service.impl.analytics,FinancialAnalyticsService,7,505,6,44,0,100,6,31,0,12
Inventory Service,com.smartsupplypro.inventory.service.impl.analytics,FinancialAnalyticsService.WacIssue,0,9,0,0,0,1,0,1,0,1
Inventory Service,com.smartsupplypro.inventory.service.impl.analytics,AnalyticsConverterHelper,7,206,6,38,0,32,6,25,0,9
Inventory Service,com.smartsupplypro.inventory.service.impl.analytics,StockAnalyticsService,5,312,4,16,1,64,5,19,1,13
Inventory Service,com.smartsupplypro.inventory.service.impl.analytics,FinancialAnalyticsService.FinancialBuckets,0,21,0,0,0,7,0,1,0,1
Inventory Service,com.smartsupplypro.inventory.service.impl.analytics,FinancialAnalyticsService.WacState,0,9,0,0,0,1,0,1,0,1
Inventory Service,com.smartsupplypro.inventory.dto,MonthlyStockMovementDTO,0,12,0,0,0,1,0,1,0,1
Inventory Service,com.smartsupplypro.inventory.dto,StockEventRowDTO,0,21,0,0,0,1,0,1,0,1
Inventory Service,com.smartsupplypro.inventory.dto,LowStockItemDTO,0,12,0,0,0,1,0,1,0,1
Inventory Service,com.smartsupplypro.inventory.dto,DashboardSummaryDTO,0,15,0,0,0,1,0,1,0,1
Inventory Service,com.smartsupplypro.inventory.dto,PriceTrendDTO,0,11,0,0,0,4,0,1,0,1
Inventory Service,com.smartsupplypro.inventory.dto,StockHistoryDTO,0,24,0,0,0,1,0,1,0,1
Inventory Service,com.smartsupplypro.inventory.dto,StockUpdateResultDTO,0,21,0,0,0,1,0,1,0,1
Inventory Service,com.smartsupplypro.inventory.dto,StockPerSupplierDTO,0,9,0,0,0,1,0,1,0,1
Inventory Service,com.smartsupplypro.inventory.dto,StockValueOverTimeDTO,0,9,0,0,0,1,0,1,0,1
Inventory Service,com.smartsupplypro.inventory.dto,ItemUpdateFrequencyDTO,0,9,0,0,0,1,0,1,0,1
Inventory Service,com.smartsupplypro.inventory.dto,FinancialSummaryDTO,0,48,0,0,0,1,0,1,0,1
Inventory Service,com.smartsupplypro.inventory.validation,InventoryItemValidator,1,163,3,33,1,33,3,23,0,8
Inventory Service,com.smartsupplypro.inventory.validation,SupplierValidator,1,102,2,20,0,25,2,15,0,6
Inventory Service,com.smartsupplypro.inventory.validation,StockHistoryValidator,0,117,1,25,0,20,1,14,0,2
Inventory Service,com.smartsupplypro.inventory.validation,InventoryItemSecurityValidator,3,81,0,18,1,15,1,12,1,3
