<?xml version="1.0" encoding="UTF-8" standalone="yes"?><!DOCTYPE report PUBLIC "-//JACOCO//DTD Report 1.1//EN" "report.dtd"><report name="Inventory Service"><sessioninfo id="runnervmg1sw1-13c89f0b" start="1764081764926" dump="1764081787336"/><package name="com/smartsupplypro/inventory/repository/custom/util"><class name="com/smartsupplypro/inventory/repository/custom/util/DatabaseDialectDetector" sourcefilename="DatabaseDialectDetector.java"><method name="&lt;init&gt;" desc="(Lorg/springframework/core/env/Environment;)V" line="31"><counter type="INSTRUCTION" missed="0" covered="6"/><counter type="LINE" missed="0" covered="3"/><counter type="COMPLEXITY" missed="0" covered="1"/><counter type="METHOD" missed="0" covered="1"/></method><method name="isH2" desc="()Z" line="42"><counter type="INSTRUCTION" missed="0" covered="7"/><counter type="LINE" missed="0" covered="2"/><counter type="COMPLEXITY" missed="0" covered="1"/><counter type="METHOD" missed="0" covered="1"/></method><method name="isOracle" desc="()Z" line="52"><counter type="INSTRUCTION" missed="7" covered="0"/><counter type="BRANCH" missed="2" covered="0"/><counter type="LINE" missed="1" covered="0"/><counter type="COMPLEXITY" missed="2" covered="0"/><counter type="METHOD" missed="1" covered="0"/></method><method name="lambda$isH2$0" desc="(Ljava/lang/String;)Z" line="43"><counter type="INSTRUCTION" missed="5" covered="7"/><counter type="BRANCH" missed="3" covered="1"/><counter type="LINE" missed="0" covered="1"/><counter type="COMPLEXITY" missed="2" covered="1"/><counter type="METHOD" missed="0" covered="1"/></method><counter type="INSTRUCTION" missed="12" covered="20"/><counter type="BRANCH" missed="5" covered="1"/><counter type="LINE" missed="1" covered="5"/><counter type="COMPLEXITY" missed="4" covered="3"/><counter type="METHOD" missed="1" covered="3"/><counter type="CLASS" missed="0" covered="1"/></class><sourcefile name="DatabaseDialectDetector.java"><line nr="31" mi="0" ci="2" mb="0" cb="0"/><line nr="32" mi="0" ci="3" mb="0" cb="0"/><line nr="33" mi="0" ci="1" mb="0" cb="0"/><line nr="42" mi="0" ci="6" mb="0" cb="0"/><line nr="43" mi="5" ci="8" mb="3" cb="1"/><line nr="52" mi="7" ci="0" mb="2" cb="0"/><counter type="INSTRUCTION" missed="12" covered="20"/><counter type="BRANCH" missed="5" covered="1"/><counter type="LINE" missed="1" covered="5"/><counter type="COMPLEXITY" missed="4" covered="3"/><counter type="METHOD" missed="1" covered="3"/><counter type="CLASS" missed="0" covered="1"/></sourcefile><counter type="INSTRUCTION" missed="12" covered="20"/><counter type="BRANCH" missed="5" covered="1"/><counter type="LINE" missed="1" covered="5"/><counter type="COMPLEXITY" missed="4" covered="3"/><counter type="METHOD" missed="1" covered="3"/><counter type="CLASS" missed="0" covered="1"/></package><package name="com/smartsupplypro/inventory/exception/dto"><class name="com/smartsupplypro/inventory/exception/dto/ErrorResponse$Builder" sourcefilename="ErrorResponse.java"><method name="&lt;init&gt;" desc="()V" line="65"><counter type="INSTRUCTION" missed="0" covered="3"/><counter type="LINE" missed="0" covered="1"/><counter type="COMPLEXITY" missed="0" covered="1"/><counter type="METHOD" missed="0" covered="1"/></method><method name="status" desc="(Lorg/springframework/http/HttpStatus;)Lcom/smartsupplypro/inventory/exception/dto/ErrorResponse$Builder;" line="79"><counter type="INSTRUCTION" missed="0" covered="10"/><counter type="LINE" missed="0" covered="3"/><counter type="COMPLEXITY" missed="0" covered="1"/><counter type="METHOD" missed="0" covered="1"/></method><method name="message" desc="(Ljava/lang/String;)Lcom/smartsupplypro/inventory/exception/dto/ErrorResponse$Builder;" line="91"><counter type="INSTRUCTION" missed="9" covered="10"/><counter type="BRANCH" missed="4" covered="2"/><counter type="LINE" missed="1" covered="3"/><counter type="COMPLEXITY" missed="3" covered="1"/><counter type="METHOD" missed="0" covered="1"/></method><method name="build" desc="()Lorg/springframework/http/ResponseEntity;" line="104"><counter type="INSTRUCTION" missed="0" covered="27"/><counter type="BRANCH" missed="2" covered="2"/><counter type="LINE" missed="0" covered="8"/><counter type="COMPLEXITY" missed="2" covered="1"/><counter type="METHOD" missed="0" covered="1"/></method><method name="generateCorrelationId" desc="()Ljava/lang/String;" line="123"><counter type="INSTRUCTION" missed="0" covered="7"/><counter type="LINE" missed="0" covered="2"/><counter type="COMPLEXITY" missed="0" covered="1"/><counter type="METHOD" missed="0" covered="1"/></method><counter type="INSTRUCTION" missed="9" covered="57"/><counter type="BRANCH" missed="6" covered="4"/><counter type="LINE" missed="1" covered="17"/><counter type="COMPLEXITY" missed="5" covered="5"/><counter type="METHOD" missed="0" covered="5"/><counter type="CLASS" missed="0" covered="1"/></class><class name="com/smartsupplypro/inventory/exception/dto/ErrorResponse" sourcefilename="ErrorResponse.java"><method name="&lt;init&gt;" desc="(Lcom/smartsupplypro/inventory/exception/dto/ErrorResponse$Builder;)V" line="46"><counter type="INSTRUCTION" missed="0" covered="19"/><counter type="LINE" missed="0" covered="6"/><counter type="COMPLEXITY" missed="0" covered="1"/><counter type="METHOD" missed="0" covered="1"/></method><method name="builder" desc="()Lcom/smartsupplypro/inventory/exception/dto/ErrorResponse$Builder;" line="59"><counter type="INSTRUCTION" missed="0" covered="4"/><counter type="LINE" missed="0" covered="1"/><counter type="COMPLEXITY" missed="0" covered="1"/><counter type="METHOD" missed="0" covered="1"/></method><method name="getError" desc="()Ljava/lang/String;" line="129"><counter type="INSTRUCTION" missed="0" covered="3"/><counter type="LINE" missed="0" covered="1"/><counter type="COMPLEXITY" missed="0" covered="1"/><counter type="METHOD" missed="0" covered="1"/></method><method name="getMessage" desc="()Ljava/lang/String;" line="130"><counter type="INSTRUCTION" missed="0" covered="3"/><counter type="LINE" missed="0" covered="1"/><counter type="COMPLEXITY" missed="0" covered="1"/><counter type="METHOD" missed="0" covered="1"/></method><method name="getTimestamp" desc="()Ljava/lang/String;" line="131"><counter type="INSTRUCTION" missed="0" covered="3"/><counter type="LINE" missed="0" covered="1"/><counter type="COMPLEXITY" missed="0" covered="1"/><counter type="METHOD" missed="0" covered="1"/></method><method name="getCorrelationId" desc="()Ljava/lang/String;" line="132"><counter type="INSTRUCTION" missed="0" covered="3"/><counter type="LINE" missed="0" covered="1"/><counter type="COMPLEXITY" missed="0" covered="1"/><counter type="METHOD" missed="0" covered="1"/></method><counter type="INSTRUCTION" missed="0" covered="35"/><counter type="LINE" missed="0" covered="11"/><counter type="COMPLEXITY" missed="0" covered="6"/><counter type="METHOD" missed="0" covered="6"/><counter type="CLASS" missed="0" covered="1"/></class><sourcefile name="ErrorResponse.java"><line nr="46" mi="0" ci="2" mb="0" cb="0"/><line nr="47" mi="0" ci="4" mb="0" cb="0"/><line nr="48" mi="0" ci="4" mb="0" cb="0"/><line nr="49" mi="0" ci="4" mb="0" cb="0"/><line nr="50" mi="0" ci="4" mb="0" cb="0"/><line nr="51" mi="0" ci="1" mb="0" cb="0"/><line nr="59" mi="0" ci="4" mb="0" cb="0"/><line nr="65" mi="0" ci="3" mb="0" cb="0"/><line nr="79" mi="0" ci="3" mb="0" cb="0"/><line nr="80" mi="0" ci="5" mb="0" cb="0"/><line nr="81" mi="0" ci="2" mb="0" cb="0"/><line nr="91" mi="0" ci="6" mb="2" cb="2"/><line nr="92" mi="9" ci="0" mb="2" cb="0"/><line nr="93" mi="0" ci="2" mb="0" cb="0"/><line nr="94" mi="0" ci="2" mb="0" cb="0"/><line nr="104" mi="0" ci="3" mb="1" cb="1"/><line nr="105" mi="0" ci="4" mb="0" cb="0"/><line nr="107" mi="0" ci="3" mb="1" cb="1"/><line nr="108" mi="0" ci="4" mb="0" cb="0"/><line nr="111" mi="0" ci="5" mb="0" cb="0"/><line nr="112" mi="0" ci="5" mb="0" cb="0"/><line nr="113" mi="0" ci="2" mb="0" cb="0"/><line nr="114" mi="0" ci="1" mb="0" cb="0"/><line nr="123" mi="0" ci="2" mb="0" cb="0"/><line nr="124" mi="0" ci="5" mb="0" cb="0"/><line nr="129" mi="0" ci="3" mb="0" cb="0"/><line nr="130" mi="0" ci="3" mb="0" cb="0"/><line nr="131" mi="0" ci="3" mb="0" cb="0"/><line nr="132" mi="0" ci="3" mb="0" cb="0"/><counter type="INSTRUCTION" missed="9" covered="92"/><counter type="BRANCH" missed="6" covered="4"/><counter type="LINE" missed="1" covered="28"/><counter type="COMPLEXITY" missed="5" covered="11"/><counter type="METHOD" missed="0" covered="11"/><counter type="CLASS" missed="0" covered="2"/></sourcefile><counter type="INSTRUCTION" missed="9" covered="92"/><counter type="BRANCH" missed="6" covered="4"/><counter type="LINE" missed="1" covered="28"/><counter type="COMPLEXITY" missed="5" covered="11"/><counter type="METHOD" missed="0" covered="11"/><counter type="CLASS" missed="0" covered="2"/></package><package name="com/smartsupplypro/inventory/model"><class name="com/smartsupplypro/inventory/model/AppUser" sourcefilename="AppUser.java"><method name="&lt;init&gt;" desc="(Ljava/lang/String;Ljava/lang/String;)V" line="36"><counter type="INSTRUCTION" missed="0" covered="26"/><counter type="LINE" missed="0" covered="10"/><counter type="COMPLEXITY" missed="0" covered="1"/><counter type="METHOD" missed="0" covered="1"/></method><method name="&lt;init&gt;" desc="()V" line="36"><counter type="INSTRUCTION" missed="0" covered="17"/><counter type="LINE" missed="0" covered="7"/><counter type="COMPLEXITY" missed="0" covered="1"/><counter type="METHOD" missed="0" covered="1"/></method><method name="getRoleEnum" desc="()Lcom/smartsupplypro/inventory/model/Role;" line="82"><counter type="INSTRUCTION" missed="3" covered="0"/><counter type="LINE" missed="1" covered="0"/><counter type="COMPLEXITY" missed="1" covered="0"/><counter type="METHOD" missed="1" covered="0"/></method><counter type="INSTRUCTION" missed="3" covered="43"/><counter type="LINE" missed="1" covered="13"/><counter type="COMPLEXITY" missed="1" covered="2"/><counter type="METHOD" missed="1" covered="2"/><counter type="CLASS" missed="0" covered="1"/></class><class name="com/smartsupplypro/inventory/model/StockHistory$StockHistoryBuilder" sourcefilename="StockHistory.java"/><class name="com/smartsupplypro/inventory/model/StockHistory" sourcefilename="StockHistory.java"><method name="prePersist" desc="()V" line="96"><counter type="INSTRUCTION" missed="3" covered="4"/><counter type="BRANCH" missed="1" covered="1"/><counter type="LINE" missed="1" covered="2"/><counter type="COMPLEXITY" missed="1" covered="1"/><counter type="METHOD" missed="0" covered="1"/></method><counter type="INSTRUCTION" missed="3" covered="4"/><counter type="BRANCH" missed="1" covered="1"/><counter type="LINE" missed="1" covered="2"/><counter type="COMPLEXITY" missed="1" covered="1"/><counter type="METHOD" missed="0" covered="1"/><counter type="CLASS" missed="0" covered="1"/></class><class name="com/smartsupplypro/inventory/model/Role" sourcefilename="Role.java"><method name="fromString" desc="(Ljava/lang/String;)Lcom/smartsupplypro/inventory/model/Role;" line="25"><counter type="INSTRUCTION" missed="7" covered="0"/><counter type="LINE" missed="1" covered="0"/><counter type="COMPLEXITY" missed="1" covered="0"/><counter type="METHOD" missed="1" covered="0"/></method><method name="&lt;clinit&gt;" desc="()V" line="13"><counter type="INSTRUCTION" missed="0" covered="15"/><counter type="LINE" missed="0" covered="3"/><counter type="COMPLEXITY" missed="0" covered="1"/><counter type="METHOD" missed="0" covered="1"/></method><counter type="INSTRUCTION" missed="7" covered="15"/><counter type="LINE" missed="1" covered="3"/><counter type="COMPLEXITY" missed="1" covered="1"/><counter type="METHOD" missed="1" covered="1"/><counter type="CLASS" missed="0" covered="1"/></class><class name="com/smartsupplypro/inventory/model/Supplier" sourcefilename="Supplier.java"/><class name="com/smartsupplypro/inventory/model/InventoryItem$InventoryItemBuilder" sourcefilename="InventoryItem.java"/><class name="com/smartsupplypro/inventory/model/InventoryItem" sourcefilename="InventoryItem.java"><method name="onCreate" desc="()V" line="82"><counter type="INSTRUCTION" missed="4" covered="59"/><counter type="BRANCH" missed="7" covered="17"/><counter type="LINE" missed="1" covered="12"/><counter type="COMPLEXITY" missed="7" covered="6"/><counter type="METHOD" missed="0" covered="1"/></method><counter type="INSTRUCTION" missed="4" covered="59"/><counter type="BRANCH" missed="7" covered="17"/><counter type="LINE" missed="1" covered="12"/><counter type="COMPLEXITY" missed="7" covered="6"/><counter type="METHOD" missed="0" covered="1"/><counter type="CLASS" missed="0" covered="1"/></class><class name="com/smartsupplypro/inventory/model/Supplier$SupplierBuilder" sourcefilename="Supplier.java"/><sourcefile name="Role.java"><line nr="13" mi="0" ci="3" mb="0" cb="0"/><line nr="14" mi="0" ci="6" mb="0" cb="0"/><line nr="15" mi="0" ci="6" mb="0" cb="0"/><line nr="25" mi="7" ci="0" mb="0" cb="0"/><counter type="INSTRUCTION" missed="7" covered="15"/><counter type="LINE" missed="1" covered="3"/><counter type="COMPLEXITY" missed="1" covered="1"/><counter type="METHOD" missed="1" covered="1"/><counter type="CLASS" missed="0" covered="1"/></sourcefile><sourcefile name="Supplier.java"/><sourcefile name="InventoryItem.java"><line nr="82" mi="0" ci="7" mb="2" cb="2"/><line nr="83" mi="4" ci="0" mb="0" cb="0"/><line nr="85" mi="0" ci="3" mb="1" cb="1"/><line nr="86" mi="0" ci="3" mb="0" cb="0"/><line nr="88" mi="0" ci="7" mb="1" cb="3"/><line nr="89" mi="0" ci="3" mb="0" cb="0"/><line nr="91" mi="0" ci="3" mb="0" cb="2"/><line nr="92" mi="0" ci="3" mb="0" cb="0"/><line nr="96" mi="0" ci="10" mb="1" cb="5"/><line nr="97" mi="0" ci="6" mb="0" cb="0"/><line nr="98" mi="0" ci="10" mb="2" cb="4"/><line nr="99" mi="0" ci="3" mb="0" cb="0"/><line nr="101" mi="0" ci="1" mb="0" cb="0"/><counter type="INSTRUCTION" missed="4" covered="59"/><counter type="BRANCH" missed="7" covered="17"/><counter type="LINE" missed="1" covered="12"/><counter type="COMPLEXITY" missed="7" covered="6"/><counter type="METHOD" missed="0" covered="1"/><counter type="CLASS" missed="0" covered="1"/></sourcefile><sourcefile name="AppUser.java"><line nr="36" mi="0" ci="2" mb="0" cb="0"/><line nr="38" mi="0" ci="6" mb="0" cb="0"/><line nr="49" mi="0" ci="6" mb="0" cb="0"/><line nr="54" mi="0" ci="6" mb="0" cb="0"/><line nr="62" mi="0" ci="2" mb="0" cb="0"/><line nr="63" mi="0" ci="4" mb="0" cb="0"/><line nr="64" mi="0" ci="3" mb="0" cb="0"/><line nr="65" mi="0" ci="3" mb="0" cb="0"/><line nr="66" mi="0" ci="3" mb="0" cb="0"/><line nr="67" mi="0" ci="1" mb="0" cb="0"/><line nr="72" mi="0" ci="2" mb="0" cb="0"/><line nr="73" mi="0" ci="4" mb="0" cb="0"/><line nr="74" mi="0" ci="1" mb="0" cb="0"/><line nr="82" mi="3" ci="0" mb="0" cb="0"/><counter type="INSTRUCTION" missed="3" covered="43"/><counter type="LINE" missed="1" covered="13"/><counter type="COMPLEXITY" missed="1" covered="2"/><counter type="METHOD" missed="1" covered="2"/><counter type="CLASS" missed="0" covered="1"/></sourcefile><sourcefile name="StockHistory.java"><line nr="96" mi="0" ci="3" mb="1" cb="1"/><line nr="97" mi="3" ci="0" mb="0" cb="0"/><line nr="99" mi="0" ci="1" mb="0" cb="0"/><counter type="INSTRUCTION" missed="3" covered="4"/><counter type="BRANCH" missed="1" covered="1"/><counter type="LINE" missed="1" covered="2"/><counter type="COMPLEXITY" missed="1" covered="1"/><counter type="METHOD" missed="0" covered="1"/><counter type="CLASS" missed="0" covered="1"/></sourcefile><counter type="INSTRUCTION" missed="17" covered="121"/><counter type="BRANCH" missed="8" covered="18"/><counter type="LINE" missed="4" covered="30"/><counter type="COMPLEXITY" missed="10" covered="10"/><counter type="METHOD" missed="2" covered="5"/><counter type="CLASS" missed="0" covered="4"/></package><package name="com/smartsupplypro/inventory"><class name="com/smartsupplypro/inventory/InventoryServiceApplication" sourcefilename="InventoryServiceApplication.java"><method name="&lt;init&gt;" desc="()V" line="29"><counter type="INSTRUCTION" missed="0" covered="3"/><counter type="LINE" missed="0" covered="1"/><counter type="COMPLEXITY" missed="0" covered="1"/><counter type="METHOD" missed="0" covered="1"/></method><method name="main" desc="([Ljava/lang/String;)V" line="43"><counter type="INSTRUCTION" missed="5" covered="0"/><counter type="LINE" missed="2" covered="0"/><counter type="COMPLEXITY" missed="1" covered="0"/><counter type="METHOD" missed="1" covered="0"/></method><counter type="INSTRUCTION" missed="5" covered="3"/><counter type="LINE" missed="2" covered="1"/><counter type="COMPLEXITY" missed="1" covered="1"/><counter type="METHOD" missed="1" covered="1"/><counter type="CLASS" missed="0" covered="1"/></class><sourcefile name="InventoryServiceApplication.java"><line nr="29" mi="0" ci="3" mb="0" cb="0"/><line nr="43" mi="4" ci="0" mb="0" cb="0"/><line nr="44" mi="1" ci="0" mb="0" cb="0"/><counter type="INSTRUCTION" missed="5" covered="3"/><counter type="LINE" missed="2" covered="1"/><counter type="COMPLEXITY" missed="1" covered="1"/><counter type="METHOD" missed="1" covered="1"/><counter type="CLASS" missed="0" covered="1"/></sourcefile><counter type="INSTRUCTION" missed="5" covered="3"/><counter type="LINE" missed="2" covered="1"/><counter type="COMPLEXITY" missed="1" covered="1"/><counter type="METHOD" missed="1" covered="1"/><counter type="CLASS" missed="0" covered="1"/></package><package name="com/smartsupplypro/inventory/controller"><class name="com/smartsupplypro/inventory/controller/AuthController" sourcefilename="AuthController.java"><method name="&lt;init&gt;" desc="(Lcom/smartsupplypro/inventory/repository/AppUserRepository;)V" line="36"><counter type="INSTRUCTION" missed="0" covered="6"/><counter type="LINE" missed="0" covered="3"/><counter type="COMPLEXITY" missed="0" covered="1"/><counter type="METHOD" missed="0" covered="1"/></method><method name="me" desc="(Lorg/springframework/security/oauth2/core/user/OAuth2User;)Lcom/smartsupplypro/inventory/controller/AuthController$AppUserProfileDTO;" line="64"><counter type="INSTRUCTION" missed="6" covered="40"/><counter type="BRANCH" missed="1" covered="3"/><counter type="LINE" missed="1" covered="11"/><counter type="COMPLEXITY" missed="1" covered="2"/><counter type="METHOD" missed="0" covered="1"/></method><method name="meAuthorities" desc="(Lorg/springframework/security/oauth2/core/user/OAuth2User;)Ljava/util/List;" line="99"><counter type="INSTRUCTION" missed="17" covered="0"/><counter type="BRANCH" missed="2" covered="0"/><counter type="LINE" missed="7" covered="0"/><counter type="COMPLEXITY" missed="2" covered="0"/><counter type="METHOD" missed="1" covered="0"/></method><method name="apiLogout" desc="(Ljakarta/servlet/http/HttpServletRequest;Ljakarta/servlet/http/HttpServletResponse;)Lorg/springframework/http/ResponseEntity;" line="121"><counter type="INSTRUCTION" missed="0" covered="58"/><counter type="LINE" missed="0" covered="19"/><counter type="COMPLEXITY" missed="0" covered="1"/><counter type="METHOD" missed="0" covered="1"/></method><method name="lambda$me$0" desc="()Lorg/springframework/web/server/ResponseStatusException;" line="78"><counter type="INSTRUCTION" missed="0" covered="6"/><counter type="LINE" missed="0" covered="1"/><counter type="COMPLEXITY" missed="0" covered="1"/><counter type="METHOD" missed="0" covered="1"/></method><counter type="INSTRUCTION" missed="23" covered="110"/><counter type="BRANCH" missed="3" covered="3"/><counter type="LINE" missed="8" covered="33"/><counter type="COMPLEXITY" missed="3" covered="5"/><counter type="METHOD" missed="1" covered="4"/><counter type="CLASS" missed="0" covered="1"/></class><class name="com/smartsupplypro/inventory/controller/SupplierController" sourcefilename="SupplierController.java"><method name="listAll" desc="()Lorg/springframework/http/ResponseEntity;" line="48"><counter type="INSTRUCTION" missed="0" covered="5"/><counter type="LINE" missed="0" covered="1"/><counter type="COMPLEXITY" missed="0" covered="1"/><counter type="METHOD" missed="0" covered="1"/></method><method name="countSuppliers" desc="()J" line="58"><counter type="INSTRUCTION" missed="4" covered="0"/><counter type="LINE" missed="1" covered="0"/><counter type="COMPLEXITY" missed="1" covered="0"/><counter type="METHOD" missed="1" covered="0"/></method><method name="getById" desc="(Ljava/lang/String;)Lorg/springframework/http/ResponseEntity;" line="69"><counter type="INSTRUCTION" missed="0" covered="11"/><counter type="LINE" missed="0" covered="3"/><counter type="COMPLEXITY" missed="0" covered="1"/><counter type="METHOD" missed="0" covered="1"/></method><method name="search" desc="(Ljava/lang/String;)Lorg/springframework/http/ResponseEntity;" line="82"><counter type="INSTRUCTION" missed="0" covered="6"/><counter type="LINE" missed="0" covered="1"/><counter type="COMPLEXITY" missed="0" covered="1"/><counter type="METHOD" missed="0" covered="1"/></method><method name="create" desc="(Lcom/smartsupplypro/inventory/dto/SupplierDTO;)Lorg/springframework/http/ResponseEntity;" line="93"><counter type="INSTRUCTION" missed="0" covered="33"/><counter type="BRANCH" missed="0" covered="2"/><counter type="LINE" missed="0" covered="6"/><counter type="COMPLEXITY" missed="0" covered="2"/><counter type="METHOD" missed="0" covered="1"/></method><method name="update" desc="(Ljava/lang/String;Lcom/smartsupplypro/inventory/dto/SupplierDTO;)Lorg/springframework/http/ResponseEntity;" line="117"><counter type="INSTRUCTION" missed="0" covered="23"/><counter type="BRANCH" missed="1" covered="3"/><counter type="LINE" missed="0" covered="4"/><counter type="COMPLEXITY" missed="1" covered="2"/><counter type="METHOD" missed="0" covered="1"/></method><method name="delete" desc="(Ljava/lang/String;)Lorg/springframework/http/ResponseEntity;" line="132"><counter type="INSTRUCTION" missed="0" covered="7"/><counter type="LINE" missed="0" covered="2"/><counter type="COMPLEXITY" missed="0" covered="1"/><counter type="METHOD" missed="0" covered="1"/></method><method name="lambda$getById$0" desc="(Ljava/lang/String;)Ljava/util/NoSuchElementException;" line="71"><counter type="INSTRUCTION" missed="0" covered="6"/><counter type="LINE" missed="0" covered="1"/><counter type="COMPLEXITY" missed="0" covered="1"/><counter type="METHOD" missed="0" covered="1"/></method><counter type="INSTRUCTION" missed="4" covered="91"/><counter type="BRANCH" missed="1" covered="5"/><counter type="LINE" missed="1" covered="17"/><counter type="COMPLEXITY" missed="2" covered="9"/><counter type="METHOD" missed="1" covered="7"/><counter type="CLASS" missed="0" covered="1"/></class><class name="com/smartsupplypro/inventory/controller/InventoryItemController" sourcefilename="InventoryItemController.java"><method name="&lt;init&gt;" desc="(Lcom/smartsupplypro/inventory/service/InventoryItemService;)V" line="47"><counter type="INSTRUCTION" missed="0" covered="6"/><counter type="LINE" missed="0" covered="3"/><counter type="COMPLEXITY" missed="0" covered="1"/><counter type="METHOD" missed="0" covered="1"/></method><method name="getById" desc="(Ljava/lang/String;)Lcom/smartsupplypro/inventory/dto/InventoryItemDTO;" line="61"><counter type="INSTRUCTION" missed="0" covered="8"/><counter type="LINE" missed="0" covered="2"/><counter type="COMPLEXITY" missed="0" covered="1"/><counter type="METHOD" missed="0" covered="1"/></method><method name="getAll" desc="()Ljava/util/List;" line="73"><counter type="INSTRUCTION" missed="0" covered="4"/><counter type="LINE" missed="0" covered="1"/><counter type="COMPLEXITY" missed="0" covered="1"/><counter type="METHOD" missed="0" covered="1"/></method><method name="countItems" desc="()J" line="84"><counter type="INSTRUCTION" missed="0" covered="4"/><counter type="LINE" missed="0" covered="1"/><counter type="COMPLEXITY" missed="0" covered="1"/><counter type="METHOD" missed="0" covered="1"/></method><method name="search" desc="(Ljava/lang/String;Lorg/springframework/data/domain/Pageable;)Lorg/springframework/data/domain/Page;" line="100"><counter type="INSTRUCTION" missed="0" covered="6"/><counter type="LINE" missed="0" covered="1"/><counter type="COMPLEXITY" missed="0" covered="1"/><counter type="METHOD" missed="0" covered="1"/></method><method name="create" desc="(Lcom/smartsupplypro/inventory/dto/InventoryItemDTO;)Lorg/springframework/http/ResponseEntity;" line="115"><counter type="INSTRUCTION" missed="0" covered="28"/><counter type="BRANCH" missed="0" covered="2"/><counter type="LINE" missed="0" covered="7"/><counter type="COMPLEXITY" missed="0" covered="2"/><counter type="METHOD" missed="0" covered="1"/></method><method name="update" desc="(Ljava/lang/String;Lcom/smartsupplypro/inventory/dto/InventoryItemDTO;)Lcom/smartsupplypro/inventory/dto/InventoryItemDTO;" line="147"><counter type="INSTRUCTION" missed="0" covered="12"/><counter type="LINE" missed="0" covered="3"/><counter type="COMPLEXITY" missed="0" covered="1"/><counter type="METHOD" missed="0" covered="1"/></method><method name="delete" desc="(Ljava/lang/String;Lcom/smartsupplypro/inventory/enums/StockChangeReason;)V" line="164"><counter type="INSTRUCTION" missed="0" covered="6"/><counter type="LINE" missed="0" covered="2"/><counter type="COMPLEXITY" missed="0" covered="1"/><counter type="METHOD" missed="0" covered="1"/></method><method name="adjustQuantity" desc="(Ljava/lang/String;ILcom/smartsupplypro/inventory/enums/StockChangeReason;)Lcom/smartsupplypro/inventory/dto/InventoryItemDTO;" line="180"><counter type="INSTRUCTION" missed="0" covered="7"/><counter type="LINE" missed="0" covered="1"/><counter type="COMPLEXITY" missed="0" covered="1"/><counter type="METHOD" missed="0" covered="1"/></method><method name="updatePrice" desc="(Ljava/lang/String;Ljava/math/BigDecimal;)Lcom/smartsupplypro/inventory/dto/InventoryItemDTO;" line="194"><counter type="INSTRUCTION" missed="0" covered="6"/><counter type="LINE" missed="0" covered="1"/><counter type="COMPLEXITY" missed="0" covered="1"/><counter type="METHOD" missed="0" covered="1"/></method><method name="renameItem" desc="(Ljava/lang/String;Ljava/lang/String;)Lcom/smartsupplypro/inventory/dto/InventoryItemDTO;" line="213"><counter type="INSTRUCTION" missed="0" covered="40"/><counter type="BRANCH" missed="2" covered="6"/><counter type="LINE" missed="0" covered="8"/><counter type="COMPLEXITY" missed="2" covered="3"/><counter type="METHOD" missed="0" covered="1"/></method><method name="lambda$update$1" desc="()Lorg/springframework/web/server/ResponseStatusException;" line="150"><counter type="INSTRUCTION" missed="0" covered="6"/><counter type="LINE" missed="0" covered="1"/><counter type="COMPLEXITY" missed="0" covered="1"/><counter type="METHOD" missed="0" covered="1"/></method><method name="lambda$getById$0" desc="()Lorg/springframework/web/server/ResponseStatusException;" line="62"><counter type="INSTRUCTION" missed="0" covered="6"/><counter type="LINE" missed="0" covered="1"/><counter type="COMPLEXITY" missed="0" covered="1"/><counter type="METHOD" missed="0" covered="1"/></method><counter type="INSTRUCTION" missed="0" covered="139"/><counter type="BRANCH" missed="2" covered="8"/><counter type="LINE" missed="0" covered="30"/><counter type="COMPLEXITY" missed="2" covered="16"/><counter type="METHOD" missed="0" covered="13"/><counter type="CLASS" missed="0" covered="1"/></class><class name="com/smartsupplypro/inventory/controller/AnalyticsController" sourcefilename="AnalyticsController.java"><method name="getStockValueOverTime" desc="(Ljava/time/LocalDate;Ljava/time/LocalDate;Ljava/lang/String;)Lorg/springframework/http/ResponseEntity;" line="83"><counter type="INSTRUCTION" missed="0" covered="15"/><counter type="LINE" missed="0" covered="2"/><counter type="COMPLEXITY" missed="0" covered="1"/><counter type="METHOD" missed="0" covered="1"/></method><method name="getStockPerSupplier" desc="()Lorg/springframework/http/ResponseEntity;" line="95"><counter type="INSTRUCTION" missed="0" covered="5"/><counter type="LINE" missed="0" covered="1"/><counter type="COMPLEXITY" missed="0" covered="1"/><counter type="METHOD" missed="0" covered="1"/></method><method name="getLowStockCount" desc="()J" line="106"><counter type="INSTRUCTION" missed="4" covered="0"/><counter type="LINE" missed="1" covered="0"/><counter type="COMPLEXITY" missed="1" covered="0"/><counter type="METHOD" missed="1" covered="0"/></method><method name="getItemUpdateFrequency" desc="(Ljava/lang/String;)Lorg/springframework/http/ResponseEntity;" line="120"><counter type="INSTRUCTION" missed="0" covered="11"/><counter type="LINE" missed="0" covered="2"/><counter type="COMPLEXITY" missed="0" covered="1"/><counter type="METHOD" missed="0" covered="1"/></method><method name="getLowStockItems" desc="(Ljava/lang/String;)Lorg/springframework/http/ResponseEntity;" line="135"><counter type="INSTRUCTION" missed="0" covered="11"/><counter type="LINE" missed="0" covered="2"/><counter type="COMPLEXITY" missed="0" covered="1"/><counter type="METHOD" missed="0" covered="1"/></method><method name="getMonthlyStockMovement" desc="(Ljava/time/LocalDate;Ljava/time/LocalDate;Ljava/lang/String;)Lorg/springframework/http/ResponseEntity;" line="149"><counter type="INSTRUCTION" missed="0" covered="15"/><counter type="LINE" missed="0" covered="2"/><counter type="COMPLEXITY" missed="0" covered="1"/><counter type="METHOD" missed="0" covered="1"/></method><method name="getFilteredStockUpdatesFromParams" desc="(Ljava/time/LocalDateTime;Ljava/time/LocalDateTime;Ljava/lang/String;Ljava/lang/String;Ljava/lang/String;Ljava/lang/Integer;Ljava/lang/Integer;)Lorg/springframework/http/ResponseEntity;" line="168"><counter type="INSTRUCTION" missed="0" covered="59"/><counter type="LINE" missed="0" covered="14"/><counter type="COMPLEXITY" missed="0" covered="1"/><counter type="METHOD" missed="0" covered="1"/></method><method name="getFilteredStockUpdatesPost" desc="(Lcom/smartsupplypro/inventory/dto/StockUpdateFilterDTO;)Lorg/springframework/http/ResponseEntity;" line="199"><counter type="INSTRUCTION" missed="0" covered="10"/><counter type="LINE" missed="0" covered="2"/><counter type="COMPLEXITY" missed="0" covered="1"/><counter type="METHOD" missed="0" covered="1"/></method><method name="getDashboardSummary" desc="(Ljava/lang/String;Ljava/time/LocalDateTime;Ljava/time/LocalDateTime;)Lorg/springframework/http/ResponseEntity;" line="214"><counter type="INSTRUCTION" missed="0" covered="29"/><counter type="LINE" missed="0" covered="5"/><counter type="COMPLEXITY" missed="0" covered="1"/><counter type="METHOD" missed="0" covered="1"/></method><method name="getPriceTrend" desc="(Ljava/lang/String;Ljava/lang/String;Ljava/time/LocalDate;Ljava/time/LocalDate;)Lorg/springframework/http/ResponseEntity;" line="234"><counter type="INSTRUCTION" missed="0" covered="21"/><counter type="LINE" missed="0" covered="3"/><counter type="COMPLEXITY" missed="0" covered="1"/><counter type="METHOD" missed="0" covered="1"/></method><method name="getFinancialSummary" desc="(Ljava/time/LocalDate;Ljava/time/LocalDate;Ljava/lang/String;)Lorg/springframework/http/ResponseEntity;" line="249"><counter type="INSTRUCTION" missed="0" covered="15"/><counter type="LINE" missed="0" covered="2"/><counter type="COMPLEXITY" missed="0" covered="1"/><counter type="METHOD" missed="0" covered="1"/></method><counter type="INSTRUCTION" missed="4" covered="191"/><counter type="LINE" missed="1" covered="35"/><counter type="COMPLEXITY" missed="1" covered="10"/><counter type="METHOD" missed="1" covered="10"/><counter type="CLASS" missed="0" covered="1"/></class><class name="com/smartsupplypro/inventory/controller/AuthController$AppUserProfileDTO" sourcefilename="AuthController.java"><method name="&lt;init&gt;" desc="(Ljava/lang/String;Ljava/lang/String;Ljava/lang/String;Ljava/lang/String;)V" line="48"><counter type="INSTRUCTION" missed="0" covered="15"/><counter type="LINE" missed="0" covered="1"/><counter type="COMPLEXITY" missed="0" covered="1"/><counter type="METHOD" missed="0" covered="1"/></method><counter type="INSTRUCTION" missed="0" covered="15"/><counter type="LINE" missed="0" covered="1"/><counter type="COMPLEXITY" missed="0" covered="1"/><counter type="METHOD" missed="0" covered="1"/><counter type="CLASS" missed="0" covered="1"/></class><class name="com/smartsupplypro/inventory/controller/HealthCheckController" sourcefilename="HealthCheckController.java"><method name="&lt;init&gt;" desc="()V" line="35"><counter type="INSTRUCTION" missed="0" covered="3"/><counter type="LINE" missed="0" covered="1"/><counter type="COMPLEXITY" missed="0" covered="1"/><counter type="METHOD" missed="0" covered="1"/></method><method name="health" desc="()Lorg/springframework/http/ResponseEntity;" line="53"><counter type="INSTRUCTION" missed="56" covered="0"/><counter type="BRANCH" missed="4" covered="0"/><counter type="LINE" missed="14" covered="0"/><counter type="COMPLEXITY" missed="3" covered="0"/><counter type="METHOD" missed="1" covered="0"/></method><method name="checkDatabaseConnection" desc="()Lorg/springframework/http/ResponseEntity;" line="87"><counter type="INSTRUCTION" missed="51" covered="0"/><counter type="BRANCH" missed="8" covered="0"/><counter type="LINE" missed="11" covered="0"/><counter type="COMPLEXITY" missed="5" covered="0"/><counter type="METHOD" missed="1" covered="0"/></method><counter type="INSTRUCTION" missed="107" covered="3"/><counter type="BRANCH" missed="12" covered="0"/><counter type="LINE" missed="25" covered="1"/><counter type="COMPLEXITY" missed="8" covered="1"/><counter type="METHOD" missed="2" covered="1"/><counter type="CLASS" missed="0" covered="1"/></class><class name="com/smartsupplypro/inventory/controller/RootRedirectController" sourcefilename="RootRedirectController.java"><method name="&lt;init&gt;" desc="(Lcom/smartsupplypro/inventory/config/AppProperties;)V" line="20"><counter type="INSTRUCTION" missed="0" covered="6"/><counter type="LINE" missed="0" covered="1"/><counter type="COMPLEXITY" missed="0" covered="1"/><counter type="METHOD" missed="0" covered="1"/></method><method name="root" desc="()Ljava/lang/String;" line="30"><counter type="INSTRUCTION" missed="6" covered="0"/><counter type="LINE" missed="1" covered="0"/><counter type="COMPLEXITY" missed="1" covered="0"/><counter type="METHOD" missed="1" covered="0"/></method><counter type="INSTRUCTION" missed="6" covered="6"/><counter type="LINE" missed="1" covered="1"/><counter type="COMPLEXITY" missed="1" covered="1"/><counter type="METHOD" missed="1" covered="1"/><counter type="CLASS" missed="0" covered="1"/></class><class name="com/smartsupplypro/inventory/controller/StockHistoryController" sourcefilename="StockHistoryController.java"><method name="getAll" desc="()Ljava/util/List;" line="42"><counter type="INSTRUCTION" missed="0" covered="4"/><counter type="LINE" missed="0" covered="1"/><counter type="COMPLEXITY" missed="0" covered="1"/><counter type="METHOD" missed="0" covered="1"/></method><method name="getByItemId" desc="(Ljava/lang/String;)Ljava/util/List;" line="53"><counter type="INSTRUCTION" missed="0" covered="5"/><counter type="LINE" missed="0" covered="1"/><counter type="COMPLEXITY" missed="0" covered="1"/><counter type="METHOD" missed="0" covered="1"/></method><method name="getByReason" desc="(Lcom/smartsupplypro/inventory/enums/StockChangeReason;)Ljava/util/List;" line="64"><counter type="INSTRUCTION" missed="0" covered="5"/><counter type="LINE" missed="0" covered="1"/><counter type="COMPLEXITY" missed="0" covered="1"/><counter type="METHOD" missed="0" covered="1"/></method><method name="search" desc="(Ljava/time/LocalDateTime;Ljava/time/LocalDateTime;Ljava/lang/String;Ljava/lang/String;Lorg/springframework/data/domain/Pageable;)Lorg/springframework/data/domain/Page;" line="87"><counter type="INSTRUCTION" missed="0" covered="32"/><counter type="BRANCH" missed="2" covered="4"/><counter type="LINE" missed="0" covered="7"/><counter type="COMPLEXITY" missed="2" covered="2"/><counter type="METHOD" missed="0" covered="1"/></method><counter type="INSTRUCTION" missed="0" covered="46"/><counter type="BRANCH" missed="2" covered="4"/><counter type="LINE" missed="0" covered="10"/><counter type="COMPLEXITY" missed="2" covered="5"/><counter type="METHOD" missed="0" covered="4"/><counter type="CLASS" missed="0" covered="1"/></class><sourcefile name="SupplierController.java"><line nr="48" mi="0" ci="5" mb="0" cb="0"/><line nr="58" mi="4" ci="0" mb="0" cb="0"/><line nr="69" mi="0" ci="6" mb="0" cb="0"/><line nr="70" mi="0" ci="3" mb="0" cb="0"/><line nr="71" mi="0" ci="8" mb="0" cb="0"/><line nr="82" mi="0" ci="6" mb="0" cb="0"/><line nr="93" mi="0" ci="3" mb="0" cb="2"/><line nr="96" mi="0" ci="6" mb="0" cb="0"/><line nr="98" mi="0" ci="5" mb="0" cb="0"/><line nr="101" mi="0" ci="12" mb="0" cb="0"/><line nr="102" mi="0" ci="6" mb="0" cb="0"/><line nr="103" mi="0" ci="1" mb="0" cb="0"/><line nr="117" mi="0" ci="8" mb="1" cb="3"/><line nr="118" mi="0" ci="6" mb="0" cb="0"/><line nr="120" mi="0" ci="6" mb="0" cb="0"/><line nr="121" mi="0" ci="3" mb="0" cb="0"/><line nr="132" mi="0" ci="4" mb="0" cb="0"/><line nr="133" mi="0" ci="3" mb="0" cb="0"/><counter type="INSTRUCTION" missed="4" covered="91"/><counter type="BRANCH" missed="1" covered="5"/><counter type="LINE" missed="1" covered="17"/><counter type="COMPLEXITY" missed="2" covered="9"/><counter type="METHOD" missed="1" covered="7"/><counter type="CLASS" missed="0" covered="1"/></sourcefile><sourcefile name="InventoryItemController.java"><line nr="47" mi="0" ci="2" mb="0" cb="0"/><line nr="48" mi="0" ci="3" mb="0" cb="0"/><line nr="49" mi="0" ci="1" mb="0" cb="0"/><line nr="61" mi="0" ci="6" mb="0" cb="0"/><line nr="62" mi="0" ci="8" mb="0" cb="0"/><line nr="73" mi="0" ci="4" mb="0" cb="0"/><line nr="84" mi="0" ci="4" mb="0" cb="0"/><line nr="100" mi="0" ci="6" mb="0" cb="0"/><line nr="115" mi="0" ci="5" mb="0" cb="0"/><line nr="116" mi="0" ci="2" mb="0" cb="2"/><line nr="117" mi="0" ci="3" mb="0" cb="0"/><line nr="124" mi="0" ci="8" mb="0" cb="0"/><line nr="125" mi="0" ci="3" mb="0" cb="0"/><line nr="126" mi="0" ci="2" mb="0" cb="0"/><line nr="127" mi="0" ci="5" mb="0" cb="0"/><line nr="147" mi="0" ci="3" mb="0" cb="0"/><line nr="149" mi="0" ci="7" mb="0" cb="0"/><line nr="150" mi="0" ci="8" mb="0" cb="0"/><line nr="164" mi="0" ci="5" mb="0" cb="0"/><line nr="165" mi="0" ci="1" mb="0" cb="0"/><line nr="180" mi="0" ci="7" mb="0" cb="0"/><line nr="194" mi="0" ci="6" mb="0" cb="0"/><line nr="213" mi="0" ci="6" mb="0" cb="0"/><line nr="214" mi="0" ci="1" mb="0" cb="0"/><line nr="215" mi="0" ci="3" mb="0" cb="0"/><line nr="216" mi="0" ci="6" mb="1" cb="3"/><line nr="217" mi="0" ci="6" mb="0" cb="0"/><line nr="218" mi="0" ci="6" mb="1" cb="3"/><line nr="219" mi="0" ci="6" mb="0" cb="0"/><line nr="221" mi="0" ci="6" mb="0" cb="0"/><counter type="INSTRUCTION" missed="0" covered="139"/><counter type="BRANCH" missed="2" covered="8"/><counter type="LINE" missed="0" covered="30"/><counter type="COMPLEXITY" missed="2" covered="16"/><counter type="METHOD" missed="0" covered="13"/><counter type="CLASS" missed="0" covered="1"/></sourcefile><sourcefile name="AuthController.java"><line nr="36" mi="0" ci="2" mb="0" cb="0"/><line nr="37" mi="0" ci="3" mb="0" cb="0"/><line nr="38" mi="0" ci="1" mb="0" cb="0"/><line nr="48" mi="0" ci="15" mb="0" cb="0"/><line nr="64" mi="0" ci="2" mb="1" cb="1"/><line nr="65" mi="6" ci="0" mb="0" cb="0"/><line nr="72" mi="0" ci="5" mb="0" cb="0"/><line nr="73" mi="0" ci="2" mb="0" cb="2"/><line nr="74" mi="0" ci="6" mb="0" cb="0"/><line nr="77" mi="0" ci="5" mb="0" cb="0"/><line nr="78" mi="0" ci="9" mb="0" cb="0"/><line nr="80" mi="0" ci="5" mb="0" cb="0"/><line nr="82" mi="0" ci="4" mb="0" cb="0"/><line nr="83" mi="0" ci="2" mb="0" cb="0"/><line nr="84" mi="0" ci="2" mb="0" cb="0"/><line nr="85" mi="0" ci="4" mb="0" cb="0"/><line nr="99" mi="2" ci="0" mb="2" cb="0"/><line nr="100" mi="6" ci="0" mb="0" cb="0"/><line nr="102" mi="5" ci="0" mb="0" cb="0"/><line nr="103" mi="1" ci="0" mb="0" cb="0"/><line nr="104" mi="1" ci="0" mb="0" cb="0"/><line nr="105" mi="1" ci="0" mb="0" cb="0"/><line nr="106" mi="1" ci="0" mb="0" cb="0"/><line nr="121" mi="0" ci="7" mb="0" cb="0"/><line nr="126" mi="0" ci="4" mb="0" cb="0"/><line nr="127" mi="0" ci="2" mb="0" cb="0"/><line nr="128" mi="0" ci="2" mb="0" cb="0"/><line nr="129" mi="0" ci="2" mb="0" cb="0"/><line nr="130" mi="0" ci="2" mb="0" cb="0"/><line nr="131" mi="0" ci="1" mb="0" cb="0"/><line nr="132" mi="0" ci="2" mb="0" cb="0"/><line nr="134" mi="0" ci="4" mb="0" cb="0"/><line nr="135" mi="0" ci="2" mb="0" cb="0"/><line nr="136" mi="0" ci="2" mb="0" cb="0"/><line nr="137" mi="0" ci="2" mb="0" cb="0"/><line nr="138" mi="0" ci="2" mb="0" cb="0"/><line nr="139" mi="0" ci="1" mb="0" cb="0"/><line nr="140" mi="0" ci="2" mb="0" cb="0"/><line nr="142" mi="0" ci="8" mb="0" cb="0"/><line nr="143" mi="0" ci="9" mb="0" cb="0"/><line nr="144" mi="0" ci="3" mb="0" cb="0"/><line nr="145" mi="0" ci="1" mb="0" cb="0"/><counter type="INSTRUCTION" missed="23" covered="125"/><counter type="BRANCH" missed="3" covered="3"/><counter type="LINE" missed="8" covered="34"/><counter type="COMPLEXITY" missed="3" covered="6"/><counter type="METHOD" missed="1" covered="5"/><counter type="CLASS" missed="0" covered="2"/></sourcefile><sourcefile name="AnalyticsController.java"><line nr="83" mi="0" ci="7" mb="0" cb="0"/><line nr="84" mi="0" ci="8" mb="0" cb="0"/><line nr="95" mi="0" ci="5" mb="0" cb="0"/><line nr="106" mi="4" ci="0" mb="0" cb="0"/><line nr="120" mi="0" ci="5" mb="0" cb="0"/><line nr="121" mi="0" ci="6" mb="0" cb="0"/><line nr="135" mi="0" ci="5" mb="0" cb="0"/><line nr="136" mi="0" ci="6" mb="0" cb="0"/><line nr="149" mi="0" ci="7" mb="0" cb="0"/><line nr="150" mi="0" ci="8" mb="0" cb="0"/><line nr="168" mi="0" ci="6" mb="0" cb="0"/><line nr="169" mi="0" ci="4" mb="0" cb="0"/><line nr="170" mi="0" ci="4" mb="0" cb="0"/><line nr="173" mi="0" ci="7" mb="0" cb="0"/><line nr="174" mi="0" ci="7" mb="0" cb="0"/><line nr="176" mi="0" ci="4" mb="0" cb="0"/><line nr="177" mi="0" ci="3" mb="0" cb="0"/><line nr="178" mi="0" ci="3" mb="0" cb="0"/><line nr="179" mi="0" ci="3" mb="0" cb="0"/><line nr="180" mi="0" ci="3" mb="0" cb="0"/><line nr="181" mi="0" ci="3" mb="0" cb="0"/><line nr="182" mi="0" ci="3" mb="0" cb="0"/><line nr="183" mi="0" ci="3" mb="0" cb="0"/><line nr="185" mi="0" ci="6" mb="0" cb="0"/><line nr="199" mi="0" ci="4" mb="0" cb="0"/><line nr="200" mi="0" ci="6" mb="0" cb="0"/><line nr="214" mi="0" ci="6" mb="0" cb="0"/><line nr="215" mi="0" ci="4" mb="0" cb="0"/><line nr="216" mi="0" ci="4" mb="0" cb="0"/><line nr="218" mi="0" ci="7" mb="0" cb="0"/><line nr="220" mi="0" ci="8" mb="0" cb="0"/><line nr="234" mi="0" ci="5" mb="0" cb="0"/><line nr="235" mi="0" ci="7" mb="0" cb="0"/><line nr="236" mi="0" ci="9" mb="0" cb="0"/><line nr="249" mi="0" ci="7" mb="0" cb="0"/><line nr="250" mi="0" ci="8" mb="0" cb="0"/><counter type="INSTRUCTION" missed="4" covered="191"/><counter type="LINE" missed="1" covered="35"/><counter type="COMPLEXITY" missed="1" covered="10"/><counter type="METHOD" missed="1" covered="10"/><counter type="CLASS" missed="0" covered="1"/></sourcefile><sourcefile name="RootRedirectController.java"><line nr="20" mi="0" ci="6" mb="0" cb="0"/><line nr="30" mi="6" ci="0" mb="0" cb="0"/><counter type="INSTRUCTION" missed="6" covered="6"/><counter type="LINE" missed="1" covered="1"/><counter type="COMPLEXITY" missed="1" covered="1"/><counter type="METHOD" missed="1" covered="1"/><counter type="CLASS" missed="0" covered="1"/></sourcefile><sourcefile name="StockHistoryController.java"><line nr="42" mi="0" ci="4" mb="0" cb="0"/><line nr="53" mi="0" ci="5" mb="0" cb="0"/><line nr="64" mi="0" ci="5" mb="0" cb="0"/><line nr="87" mi="0" ci="8" mb="2" cb="4"/><line nr="88" mi="0" ci="5" mb="0" cb="0"/><line nr="92" mi="0" ci="3" mb="0" cb="0"/><line nr="93" mi="0" ci="2" mb="0" cb="0"/><line nr="94" mi="0" ci="4" mb="0" cb="0"/><line nr="95" mi="0" ci="1" mb="0" cb="0"/><line nr="97" mi="0" ci="9" mb="0" cb="0"/><counter type="INSTRUCTION" missed="0" covered="46"/><counter type="BRANCH" missed="2" covered="4"/><counter type="LINE" missed="0" covered="10"/><counter type="COMPLEXITY" missed="2" covered="5"/><counter type="METHOD" missed="0" covered="4"/><counter type="CLASS" missed="0" covered="1"/></sourcefile><sourcefile name="HealthCheckController.java"><line nr="35" mi="0" ci="3" mb="0" cb="0"/><line nr="53" mi="2" ci="0" mb="0" cb="0"/><line nr="57" mi="4" ci="0" mb="0" cb="0"/><line nr="58" mi="4" ci="0" mb="0" cb="0"/><line nr="59" mi="3" ci="0" mb="0" cb="0"/><line nr="61" mi="3" ci="0" mb="0" cb="0"/><line nr="63" mi="1" ci="0" mb="0" cb="0"/><line nr="65" mi="2" ci="0" mb="0" cb="0"/><line nr="68" mi="1" ci="0" mb="0" cb="0"/><line nr="69" mi="4" ci="0" mb="0" cb="0"/><line nr="71" mi="5" ci="0" mb="0" cb="0"/><line nr="72" mi="9" ci="0" mb="2" cb="0"/><line nr="73" mi="6" ci="0" mb="0" cb="0"/><line nr="75" mi="6" ci="0" mb="2" cb="0"/><line nr="76" mi="6" ci="0" mb="0" cb="0"/><line nr="87" mi="4" ci="0" mb="0" cb="0"/><line nr="92" mi="4" ci="0" mb="0" cb="0"/><line nr="94" mi="3" ci="0" mb="0" cb="0"/><line nr="96" mi="3" ci="0" mb="2" cb="0"/><line nr="97" mi="4" ci="0" mb="0" cb="0"/><line nr="99" mi="6" ci="0" mb="0" cb="0"/><line nr="102" mi="5" ci="0" mb="0" cb="0"/><line nr="103" mi="2" ci="0" mb="0" cb="0"/><line nr="105" mi="13" ci="0" mb="6" cb="0"/><line nr="107" mi="4" ci="0" mb="0" cb="0"/><line nr="108" mi="3" ci="0" mb="0" cb="0"/><counter type="INSTRUCTION" missed="107" covered="3"/><counter type="BRANCH" missed="12" covered="0"/><counter type="LINE" missed="25" covered="1"/><counter type="COMPLEXITY" missed="8" covered="1"/><counter type="METHOD" missed="2" covered="1"/><counter type="CLASS" missed="0" covered="1"/></sourcefile><counter type="INSTRUCTION" missed="144" covered="601"/><counter type="BRANCH" missed="20" covered="20"/><counter type="LINE" missed="36" covered="128"/><counter type="COMPLEXITY" missed="19" covered="48"/><counter type="METHOD" missed="6" covered="41"/><counter type="CLASS" missed="0" covered="8"/></package><package name="com/smartsupplypro/inventory/service/impl/inventory"><class name="com/smartsupplypro/inventory/service/impl/inventory/InventoryItemValidationHelper" sourcefilename="InventoryItemValidationHelper.java"><method name="validateForCreation" desc="(Lcom/smartsupplypro/inventory/dto/InventoryItemDTO;)V" line="52"><counter type="INSTRUCTION" missed="26" covered="0"/><counter type="BRANCH" missed="4" covered="0"/><counter type="LINE" missed="6" covered="0"/><counter type="COMPLEXITY" missed="3" covered="0"/><counter type="METHOD" missed="1" covered="0"/></method><method name="populateServerFields" desc="(Lcom/smartsupplypro/inventory/model/InventoryItem;)V" line="75"><counter type="INSTRUCTION" missed="28" covered="0"/><counter type="BRANCH" missed="8" covered="0"/><counter type="LINE" missed="8" covered="0"/><counter type="COMPLEXITY" missed="5" covered="0"/><counter type="METHOD" missed="1" covered="0"/></method><method name="validateForUpdate" desc="(Ljava/lang/String;Lcom/smartsupplypro/inventory/dto/InventoryItemDTO;)Lcom/smartsupplypro/inventory/model/InventoryItem;" line="105"><counter type="INSTRUCTION" missed="16" covered="0"/><counter type="LINE" missed="5" covered="0"/><counter type="COMPLEXITY" missed="1" covered="0"/><counter type="METHOD" missed="1" covered="0"/></method><method name="validateUniquenessOnUpdate" desc="(Ljava/lang/String;Lcom/smartsupplypro/inventory/model/InventoryItem;Lcom/smartsupplypro/inventory/dto/InventoryItemDTO;)V" line="127"><counter type="INSTRUCTION" missed="33" covered="0"/><counter type="BRANCH" missed="8" covered="0"/><counter type="LINE" missed="5" covered="0"/><counter type="COMPLEXITY" missed="5" covered="0"/><counter type="METHOD" missed="1" covered="0"/></method><method name="validateExists" desc="(Ljava/lang/String;)Lcom/smartsupplypro/inventory/model/InventoryItem;" line="143"><counter type="INSTRUCTION" missed="8" covered="0"/><counter type="LINE" missed="2" covered="0"/><counter type="COMPLEXITY" missed="1" covered="0"/><counter type="METHOD" missed="1" covered="0"/></method><method name="validateForDeletion" desc="(Ljava/lang/String;)V" line="157"><counter type="INSTRUCTION" missed="8" covered="0"/><counter type="LINE" missed="3" covered="0"/><counter type="COMPLEXITY" missed="1" covered="0"/><counter type="METHOD" missed="1" covered="0"/></method><method name="validateSupplierExists" desc="(Ljava/lang/String;)V" line="168"><counter type="INSTRUCTION" missed="11" covered="0"/><counter type="BRANCH" missed="2" covered="0"/><counter type="LINE" missed="3" covered="0"/><counter type="COMPLEXITY" missed="2" covered="0"/><counter type="METHOD" missed="1" covered="0"/></method><method name="currentUsername" desc="()Ljava/lang/String;" line="179"><counter type="INSTRUCTION" missed="14" covered="0"/><counter type="BRANCH" missed="4" covered="0"/><counter type="LINE" missed="3" covered="0"/><counter type="COMPLEXITY" missed="3" covered="0"/><counter type="METHOD" missed="1" covered="0"/></method><method name="lambda$validateExists$0" desc="()Ljava/lang/IllegalArgumentException;" line="144"><counter type="INSTRUCTION" missed="5" covered="0"/><counter type="LINE" missed="1" covered="0"/><counter type="COMPLEXITY" missed="1" covered="0"/><counter type="METHOD" missed="1" covered="0"/></method><counter type="INSTRUCTION" missed="149" covered="0"/><counter type="BRANCH" missed="26" covered="0"/><counter type="LINE" missed="35" covered="0"/><counter type="COMPLEXITY" missed="22" covered="0"/><counter type="METHOD" missed="9" covered="0"/><counter type="CLASS" missed="1" covered="0"/></class><class name="com/smartsupplypro/inventory/service/impl/inventory/InventoryItemAuditHelper" sourcefilename="InventoryItemAuditHelper.java"><method name="logInitialStock" desc="(Lcom/smartsupplypro/inventory/model/InventoryItem;)V" line="46"><counter type="INSTRUCTION" missed="13" covered="0"/><counter type="LINE" missed="6" covered="0"/><counter type="COMPLEXITY" missed="1" covered="0"/><counter type="METHOD" missed="1" covered="0"/></method><method name="logQuantityChange" desc="(Lcom/smartsupplypro/inventory/model/InventoryItem;I)V" line="64"><counter type="INSTRUCTION" missed="14" covered="0"/><counter type="BRANCH" missed="2" covered="0"/><counter type="LINE" missed="6" covered="0"/><counter type="COMPLEXITY" missed="2" covered="0"/><counter type="METHOD" missed="1" covered="0"/></method><method name="logQuantityAdjustment" desc="(Lcom/smartsupplypro/inventory/model/InventoryItem;ILcom/smartsupplypro/inventory/enums/StockChangeReason;)V" line="83"><counter type="INSTRUCTION" missed="12" covered="0"/><counter type="LINE" missed="5" covered="0"/><counter type="COMPLEXITY" missed="1" covered="0"/><counter type="METHOD" missed="1" covered="0"/></method><method name="logPriceChange" desc="(Ljava/lang/String;Ljava/math/BigDecimal;)V" line="101"><counter type="INSTRUCTION" missed="10" covered="0"/><counter type="LINE" missed="3" covered="0"/><counter type="COMPLEXITY" missed="1" covered="0"/><counter type="METHOD" missed="1" covered="0"/></method><method name="logFullRemoval" desc="(Lcom/smartsupplypro/inventory/model/InventoryItem;Lcom/smartsupplypro/inventory/enums/StockChangeReason;)V" line="117"><counter type="INSTRUCTION" missed="14" covered="0"/><counter type="LINE" missed="6" covered="0"/><counter type="COMPLEXITY" missed="1" covered="0"/><counter type="METHOD" missed="1" covered="0"/></method><method name="currentUsername" desc="()Ljava/lang/String;" line="132"><counter type="INSTRUCTION" missed="14" covered="0"/><counter type="BRANCH" missed="4" covered="0"/><counter type="LINE" missed="3" covered="0"/><counter type="COMPLEXITY" missed="3" covered="0"/><counter type="METHOD" missed="1" covered="0"/></method><counter type="INSTRUCTION" missed="77" covered="0"/><counter type="BRANCH" missed="6" covered="0"/><counter type="LINE" missed="29" covered="0"/><counter type="COMPLEXITY" missed="9" covered="0"/><counter type="METHOD" missed="6" covered="0"/><counter type="CLASS" missed="1" covered="0"/></class><sourcefile name="InventoryItemAuditHelper.java"><line nr="46" mi="4" ci="0" mb="0" cb="0"/><line nr="47" mi="2" ci="0" mb="0" cb="0"/><line nr="48" mi="3" ci="0" mb="0" cb="0"/><line nr="50" mi="2" ci="0" mb="0" cb="0"/><line nr="51" mi="1" ci="0" mb="0" cb="0"/><line nr="53" mi="1" ci="0" mb="0" cb="0"/><line nr="64" mi="2" ci="0" mb="2" cb="0"/><line nr="65" mi="4" ci="0" mb="0" cb="0"/><line nr="66" mi="4" ci="0" mb="0" cb="0"/><line nr="69" mi="2" ci="0" mb="0" cb="0"/><line nr="70" mi="1" ci="0" mb="0" cb="0"/><line nr="73" mi="1" ci="0" mb="0" cb="0"/><line nr="83" mi="4" ci="0" mb="0" cb="0"/><line nr="84" mi="4" ci="0" mb="0" cb="0"/><line nr="87" mi="2" ci="0" mb="0" cb="0"/><line nr="88" mi="1" ci="0" mb="0" cb="0"/><line nr="90" mi="1" ci="0" mb="0" cb="0"/><line nr="101" mi="7" ci="0" mb="0" cb="0"/><line nr="105" mi="2" ci="0" mb="0" cb="0"/><line nr="108" mi="1" ci="0" mb="0" cb="0"/><line nr="117" mi="4" ci="0" mb="0" cb="0"/><line nr="118" mi="2" ci="0" mb="0" cb="0"/><line nr="119" mi="4" ci="0" mb="0" cb="0"/><line nr="121" mi="2" ci="0" mb="0" cb="0"/><line nr="122" mi="1" ci="0" mb="0" cb="0"/><line nr="124" mi="1" ci="0" mb="0" cb="0"/><line nr="132" mi="2" ci="0" mb="2" cb="0"/><line nr="133" mi="5" ci="0" mb="0" cb="0"/><line nr="134" mi="7" ci="0" mb="2" cb="0"/><counter type="INSTRUCTION" missed="77" covered="0"/><counter type="BRANCH" missed="6" covered="0"/><counter type="LINE" missed="29" covered="0"/><counter type="COMPLEXITY" missed="9" covered="0"/><counter type="METHOD" missed="6" covered="0"/><counter type="CLASS" missed="1" covered="0"/></sourcefile><sourcefile name="InventoryItemValidationHelper.java"><line nr="52" mi="8" ci="0" mb="4" cb="0"/><line nr="53" mi="4" ci="0" mb="0" cb="0"/><line nr="57" mi="2" ci="0" mb="0" cb="0"/><line nr="60" mi="7" ci="0" mb="0" cb="0"/><line nr="63" mi="4" ci="0" mb="0" cb="0"/><line nr="64" mi="1" ci="0" mb="0" cb="0"/><line nr="75" mi="7" ci="0" mb="4" cb="0"/><line nr="76" mi="4" ci="0" mb="0" cb="0"/><line nr="80" mi="4" ci="0" mb="0" cb="0"/><line nr="83" mi="3" ci="0" mb="2" cb="0"/><line nr="84" mi="3" ci="0" mb="0" cb="0"/><line nr="88" mi="3" ci="0" mb="2" cb="0"/><line nr="89" mi="3" ci="0" mb="0" cb="0"/><line nr="91" mi="1" ci="0" mb="0" cb="0"/><line nr="105" mi="2" ci="0" mb="0" cb="0"/><line nr="108" mi="4" ci="0" mb="0" cb="0"/><line nr="111" mi="5" ci="0" mb="0" cb="0"/><line nr="114" mi="3" ci="0" mb="0" cb="0"/><line nr="116" mi="2" ci="0" mb="0" cb="0"/><line nr="127" mi="10" ci="0" mb="2" cb="0"/><line nr="128" mi="10" ci="0" mb="2" cb="0"/><line nr="130" mi="4" ci="0" mb="4" cb="0"/><line nr="131" mi="8" ci="0" mb="0" cb="0"/><line nr="133" mi="1" ci="0" mb="0" cb="0"/><line nr="143" mi="6" ci="0" mb="0" cb="0"/><line nr="144" mi="7" ci="0" mb="0" cb="0"/><line nr="157" mi="5" ci="0" mb="0" cb="0"/><line nr="158" mi="2" ci="0" mb="0" cb="0"/><line nr="159" mi="1" ci="0" mb="0" cb="0"/><line nr="168" mi="5" ci="0" mb="2" cb="0"/><line nr="169" mi="5" ci="0" mb="0" cb="0"/><line nr="171" mi="1" ci="0" mb="0" cb="0"/><line nr="179" mi="2" ci="0" mb="2" cb="0"/><line nr="180" mi="5" ci="0" mb="0" cb="0"/><line nr="181" mi="7" ci="0" mb="2" cb="0"/><counter type="INSTRUCTION" missed="149" covered="0"/><counter type="BRANCH" missed="26" covered="0"/><counter type="LINE" missed="35" covered="0"/><counter type="COMPLEXITY" missed="22" covered="0"/><counter type="METHOD" missed="9" covered="0"/><counter type="CLASS" missed="1" covered="0"/></sourcefile><counter type="INSTRUCTION" missed="226" covered="0"/><counter type="BRANCH" missed="32" covered="0"/><counter type="LINE" missed="64" covered="0"/><counter type="COMPLEXITY" missed="31" covered="0"/><counter type="METHOD" missed="15" covered="0"/><counter type="CLASS" missed="2" covered="0"/></package><package name="com/smartsupplypro/inventory/config"><class name="com/smartsupplypro/inventory/config/SecuritySpelBridgeConfig" sourcefilename="SecuritySpelBridgeConfig.java"><method name="&lt;init&gt;" desc="()V" line="18"><counter type="INSTRUCTION" missed="0" covered="3"/><counter type="LINE" missed="0" covered="1"/><counter type="COMPLEXITY" missed="0" covered="1"/><counter type="METHOD" missed="0" covered="1"/></method><method name="appPropertiesPrimary" desc="(Lcom/smartsupplypro/inventory/config/AppProperties;)Lcom/smartsupplypro/inventory/config/AppProperties;" line="29"><counter type="INSTRUCTION" missed="0" covered="2"/><counter type="LINE" missed="0" covered="1"/><counter type="COMPLEXITY" missed="0" covered="1"/><counter type="METHOD" missed="0" covered="1"/></method><counter type="INSTRUCTION" missed="0" covered="5"/><counter type="LINE" missed="0" covered="2"/><counter type="COMPLEXITY" missed="0" covered="2"/><counter type="METHOD" missed="0" covered="2"/><counter type="CLASS" missed="0" covered="1"/></class><class name="com/smartsupplypro/inventory/config/SecurityFilterHelper$1" sourcefilename="SecurityFilterHelper.java"><method name="&lt;init&gt;" desc="(Lcom/smartsupplypro/inventory/config/SecurityFilterHelper;)V" line="28"><counter type="INSTRUCTION" missed="0" covered="6"/><counter type="LINE" missed="0" covered="1"/><counter type="COMPLEXITY" missed="0" covered="1"/><counter type="METHOD" missed="0" covered="1"/></method><method name="doFilterInternal" desc="(Ljakarta/servlet/http/HttpServletRequest;Ljakarta/servlet/http/HttpServletResponse;Ljakarta/servlet/FilterChain;)V" line="34"><counter type="INSTRUCTION" missed="25" covered="0"/><counter type="BRANCH" missed="6" covered="0"/><counter type="LINE" missed="6" covered="0"/><counter type="COMPLEXITY" missed="4" covered="0"/><counter type="METHOD" missed="1" covered="0"/></method><counter type="INSTRUCTION" missed="25" covered="6"/><counter type="BRANCH" missed="6" covered="0"/><counter type="LINE" missed="6" covered="1"/><counter type="COMPLEXITY" missed="4" covered="1"/><counter type="METHOD" missed="1" covered="1"/><counter type="CLASS" missed="0" covered="1"/></class><class name="com/smartsupplypro/inventory/config/SecurityEntryPointHelper" sourcefilename="SecurityEntryPointHelper.java"><method name="&lt;init&gt;" desc="()V" line="14"><counter type="INSTRUCTION" missed="0" covered="3"/><counter type="LINE" missed="0" covered="1"/><counter type="COMPLEXITY" missed="0" covered="1"/><counter type="METHOD" missed="0" covered="1"/></method><method name="createApiEntryPoint" desc="()Lorg/springframework/security/web/AuthenticationEntryPoint;" line="20"><counter type="INSTRUCTION" missed="0" covered="2"/><counter type="LINE" missed="0" covered="1"/><counter type="COMPLEXITY" missed="0" covered="1"/><counter type="METHOD" missed="0" covered="1"/></method><method name="createWebEntryPoint" desc="(Ljava/lang/String;)Lorg/springframework/security/web/AuthenticationEntryPoint;" line="31"><counter type="INSTRUCTION" missed="0" covered="3"/><counter type="LINE" missed="0" covered="1"/><counter type="COMPLEXITY" missed="0" covered="1"/><counter type="METHOD" missed="0" covered="1"/></method><method name="lambda$createWebEntryPoint$1" desc="(Ljava/lang/String;Ljakarta/servlet/http/HttpServletRequest;Ljakarta/servlet/http/HttpServletResponse;Lorg/springframework/security/core/AuthenticationException;)V" line="32"><counter type="INSTRUCTION" missed="7" covered="0"/><counter type="LINE" missed="3" covered="0"/><counter type="COMPLEXITY" missed="1" covered="0"/><counter type="METHOD" missed="1" covered="0"/></method><method name="lambda$createApiEntryPoint$0" desc="(Ljakarta/servlet/http/HttpServletRequest;Ljakarta/servlet/http/HttpServletResponse;Lorg/springframework/security/core/AuthenticationException;)V" line="21"><counter type="INSTRUCTION" missed="11" covered="0"/><counter type="LINE" missed="4" covered="0"/><counter type="COMPLEXITY" missed="1" covered="0"/><counter type="METHOD" missed="1" covered="0"/></method><counter type="INSTRUCTION" missed="18" covered="8"/><counter type="LINE" missed="7" covered="3"/><counter type="COMPLEXITY" missed="2" covered="3"/><counter type="METHOD" missed="2" covered="3"/><counter type="CLASS" missed="0" covered="1"/></class><class name="com/smartsupplypro/inventory/config/AppProperties$Frontend" sourcefilename="AppProperties.java"><method name="&lt;init&gt;" desc="()V" line="32"><counter type="INSTRUCTION" missed="0" covered="9"/><counter type="LINE" missed="0" covered="3"/><counter type="COMPLEXITY" missed="0" covered="1"/><counter type="METHOD" missed="0" covered="1"/></method><method name="getBaseUrl" desc="()Ljava/lang/String;" line="40"><counter type="INSTRUCTION" missed="0" covered="3"/><counter type="LINE" missed="0" covered="1"/><counter type="COMPLEXITY" missed="0" covered="1"/><counter type="METHOD" missed="0" covered="1"/></method><method name="setBaseUrl" desc="(Ljava/lang/String;)V" line="43"><counter type="INSTRUCTION" missed="0" covered="4"/><counter type="LINE" missed="0" covered="1"/><counter type="COMPLEXITY" missed="0" covered="1"/><counter type="METHOD" missed="0" covered="1"/></method><method name="getLandingPath" desc="()Ljava/lang/String;" line="46"><counter type="INSTRUCTION" missed="3" covered="0"/><counter type="LINE" missed="1" covered="0"/><counter type="COMPLEXITY" missed="1" covered="0"/><counter type="METHOD" missed="1" covered="0"/></method><method name="setLandingPath" desc="(Ljava/lang/String;)V" line="49"><counter type="INSTRUCTION" missed="0" covered="4"/><counter type="LINE" missed="0" covered="1"/><counter type="COMPLEXITY" missed="0" covered="1"/><counter type="METHOD" missed="0" covered="1"/></method><counter type="INSTRUCTION" missed="3" covered="20"/><counter type="LINE" missed="1" covered="6"/><counter type="COMPLEXITY" missed="1" covered="4"/><counter type="METHOD" missed="1" covered="4"/><counter type="CLASS" missed="0" covered="1"/></class><class name="com/smartsupplypro/inventory/config/AppProperties" sourcefilename="AppProperties.java"><method name="&lt;init&gt;" desc="()V" line="12"><counter type="INSTRUCTION" missed="0" covered="11"/><counter type="LINE" missed="0" covered="3"/><counter type="COMPLEXITY" missed="0" covered="1"/><counter type="METHOD" missed="0" covered="1"/></method><method name="isDemoReadonly" desc="()Z" line="20"><counter type="INSTRUCTION" missed="0" covered="3"/><counter type="LINE" missed="0" covered="1"/><counter type="COMPLEXITY" missed="0" covered="1"/><counter type="METHOD" missed="0" covered="1"/></method><method name="setDemoReadonly" desc="(Z)V" line="23"><counter type="INSTRUCTION" missed="0" covered="4"/><counter type="LINE" missed="0" covered="1"/><counter type="COMPLEXITY" missed="0" covered="1"/><counter type="METHOD" missed="0" covered="1"/></method><method name="getFrontend" desc="()Lcom/smartsupplypro/inventory/config/AppProperties$Frontend;" line="26"><counter type="INSTRUCTION" missed="0" covered="3"/><counter type="LINE" missed="0" covered="1"/><counter type="COMPLEXITY" missed="0" covered="1"/><counter type="METHOD" missed="0" covered="1"/></method><counter type="INSTRUCTION" missed="0" covered="21"/><counter type="LINE" missed="0" covered="6"/><counter type="COMPLEXITY" missed="0" covered="4"/><counter type="METHOD" missed="0" covered="4"/><counter type="CLASS" missed="0" covered="1"/></class><class name="com/smartsupplypro/inventory/config/SecurityConfig" sourcefilename="SecurityConfig.java"><method name="&lt;init&gt;" desc="()V" line="51"><counter type="INSTRUCTION" missed="0" covered="3"/><counter type="LINE" missed="0" covered="1"/><counter type="COMPLEXITY" missed="0" covered="1"/><counter type="METHOD" missed="0" covered="1"/></method><method name="securityFilterChain" desc="(Lorg/springframework/security/config/annotation/web/builders/HttpSecurity;)Lorg/springframework/security/web/SecurityFilterChain;" line="87"><counter type="INSTRUCTION" missed="0" covered="47"/><counter type="LINE" missed="0" covered="14"/><counter type="COMPLEXITY" missed="0" covered="1"/><counter type="METHOD" missed="0" covered="1"/></method><method name="corsConfigurationSource" desc="()Lorg/springframework/web/cors/CorsConfigurationSource;" line="137"><counter type="INSTRUCTION" missed="0" covered="46"/><counter type="LINE" missed="0" covered="10"/><counter type="COMPLEXITY" missed="0" covered="1"/><counter type="METHOD" missed="0" covered="1"/></method><method name="cookieSerializer" desc="()Lorg/springframework/session/web/http/CookieSerializer;" line="160"><counter type="INSTRUCTION" missed="0" covered="15"/><counter type="LINE" missed="0" covered="5"/><counter type="COMPLEXITY" missed="0" covered="1"/><counter type="METHOD" missed="0" covered="1"/></method><method name="oauthFailureHandler" desc="(Lcom/smartsupplypro/inventory/config/AppProperties;)Lorg/springframework/security/web/authentication/AuthenticationFailureHandler;" line="172"><counter type="INSTRUCTION" missed="0" covered="3"/><counter type="LINE" missed="0" covered="1"/><counter type="COMPLEXITY" missed="0" covered="1"/><counter type="METHOD" missed="0" covered="1"/></method><method name="authorizationRequestRepository" desc="()Lorg/springframework/security/oauth2/client/web/AuthorizationRequestRepository;" line="184"><counter type="INSTRUCTION" missed="0" covered="4"/><counter type="LINE" missed="0" covered="1"/><counter type="COMPLEXITY" missed="0" covered="1"/><counter type="METHOD" missed="0" covered="1"/></method><method name="lambda$oauthFailureHandler$11" desc="(Lcom/smartsupplypro/inventory/config/AppProperties;Ljakarta/servlet/http/HttpServletRequest;Ljakarta/servlet/http/HttpServletResponse;Lorg/springframework/security/core/AuthenticationException;)V" line="173"><counter type="INSTRUCTION" missed="18" covered="0"/><counter type="BRANCH" missed="2" covered="0"/><counter type="LINE" missed="4" covered="0"/><counter type="COMPLEXITY" missed="2" covered="0"/><counter type="METHOD" missed="1" covered="0"/></method><method name="lambda$securityFilterChain$10" desc="(Lorg/springframework/security/config/annotation/web/configurers/CsrfConfigurer;)V" line="128"><counter type="INSTRUCTION" missed="0" covered="18"/><counter type="LINE" missed="0" covered="1"/><counter type="COMPLEXITY" missed="0" covered="1"/><counter type="METHOD" missed="0" covered="1"/></method><method name="lambda$securityFilterChain$9" desc="(Lorg/springframework/security/config/annotation/web/configurers/SessionManagementConfigurer;)V" line="127"><counter type="INSTRUCTION" missed="0" covered="5"/><counter type="LINE" missed="0" covered="1"/><counter type="COMPLEXITY" missed="0" covered="1"/><counter type="METHOD" missed="0" covered="1"/></method><method name="lambda$securityFilterChain$8" desc="(Lorg/springframework/security/config/annotation/web/configurers/LogoutConfigurer;)V" line="107"><counter type="INSTRUCTION" missed="0" covered="22"/><counter type="LINE" missed="0" covered="6"/><counter type="COMPLEXITY" missed="0" covered="1"/><counter type="METHOD" missed="0" covered="1"/></method><method name="lambda$securityFilterChain$7" desc="(Ljakarta/servlet/http/HttpServletRequest;Ljakarta/servlet/http/HttpServletResponse;Lorg/springframework/security/core/Authentication;)V" line="110"><counter type="INSTRUCTION" missed="36" covered="0"/><counter type="BRANCH" missed="6" covered="0"/><counter type="LINE" missed="11" covered="0"/><counter type="COMPLEXITY" missed="4" covered="0"/><counter type="METHOD" missed="1" covered="0"/></method><method name="lambda$securityFilterChain$6" desc="(Lorg/springframework/security/config/annotation/web/configurers/oauth2/client/OAuth2LoginConfigurer;)V" line="102"><counter type="INSTRUCTION" missed="0" covered="18"/><counter type="LINE" missed="0" covered="4"/><counter type="COMPLEXITY" missed="0" covered="1"/><counter type="METHOD" missed="0" covered="1"/></method><method name="lambda$securityFilterChain$5" desc="(Lorg/springframework/security/config/annotation/web/configurers/oauth2/client/OAuth2LoginConfigurer$UserInfoEndpointConfig;)V" line="103"><counter type="INSTRUCTION" missed="0" covered="9"/><counter type="LINE" missed="0" covered="1"/><counter type="COMPLEXITY" missed="0" covered="1"/><counter type="METHOD" missed="0" covered="1"/></method><method name="lambda$securityFilterChain$4" desc="(Lorg/springframework/security/config/annotation/web/configurers/oauth2/client/OAuth2LoginConfigurer$AuthorizationEndpointConfig;)V" line="102"><counter type="INSTRUCTION" missed="0" covered="6"/><counter type="LINE" missed="0" covered="1"/><counter type="COMPLEXITY" missed="0" covered="1"/><counter type="METHOD" missed="0" covered="1"/></method><method name="lambda$securityFilterChain$3" desc="(Lorg/springframework/security/web/AuthenticationEntryPoint;Lorg/springframework/security/web/util/matcher/RequestMatcher;Lorg/springframework/security/web/AuthenticationEntryPoint;Lorg/springframework/security/config/annotation/web/configurers/ExceptionHandlingConfigurer;)V" line="97"><counter type="INSTRUCTION" missed="0" covered="9"/><counter type="LINE" missed="0" covered="3"/><counter type="COMPLEXITY" missed="0" covered="1"/><counter type="METHOD" missed="0" covered="1"/></method><method name="lambda$securityFilterChain$2" desc="(Ljakarta/servlet/http/HttpServletRequest;)Z" line="99"><counter type="INSTRUCTION" missed="2" covered="0"/><counter type="LINE" missed="1" covered="0"/><counter type="COMPLEXITY" missed="1" covered="0"/><counter type="METHOD" missed="1" covered="0"/></method><method name="lambda$securityFilterChain$1" desc="(Lorg/springframework/security/config/annotation/web/configurers/AuthorizeHttpRequestsConfigurer$AuthorizationManagerRequestMatcherRegistry;)V" line="95"><counter type="INSTRUCTION" missed="0" covered="8"/><counter type="LINE" missed="0" covered="1"/><counter type="COMPLEXITY" missed="0" covered="1"/><counter type="METHOD" missed="0" covered="1"/></method><method name="lambda$securityFilterChain$0" desc="(Ljakarta/servlet/http/HttpServletRequest;)Z" line="88"><counter type="INSTRUCTION" missed="6" covered="0"/><counter type="LINE" missed="1" covered="0"/><counter type="COMPLEXITY" missed="1" covered="0"/><counter type="METHOD" missed="1" covered="0"/></method><counter type="INSTRUCTION" missed="62" covered="213"/><counter type="BRANCH" missed="8" covered="0"/><counter type="LINE" missed="15" covered="43"/><counter type="COMPLEXITY" missed="8" covered="14"/><counter type="METHOD" missed="4" covered="14"/><counter type="CLASS" missed="0" covered="1"/></class><class name="com/smartsupplypro/inventory/config/SecurityAuthorizationHelper" sourcefilename="SecurityAuthorizationHelper.java"><method name="&lt;init&gt;" desc="()V" line="14"><counter type="INSTRUCTION" missed="0" covered="3"/><counter type="LINE" missed="0" covered="1"/><counter type="COMPLEXITY" missed="0" covered="1"/><counter type="METHOD" missed="0" covered="1"/></method><method name="configureAuthorization" desc="(Lorg/springframework/security/config/annotation/web/configurers/AuthorizeHttpRequestsConfigurer$AuthorizationManagerRequestMatcherRegistry;Z)V" line="26"><counter type="INSTRUCTION" missed="36" covered="233"/><counter type="BRANCH" missed="1" covered="1"/><counter type="LINE" missed="3" covered="20"/><counter type="COMPLEXITY" missed="1" covered="1"/><counter type="METHOD" missed="0" covered="1"/></method><counter type="INSTRUCTION" missed="36" covered="236"/><counter type="BRANCH" missed="1" covered="1"/><counter type="LINE" missed="3" covered="21"/><counter type="COMPLEXITY" missed="1" covered="2"/><counter type="METHOD" missed="0" covered="2"/><counter type="CLASS" missed="0" covered="1"/></class><class name="com/smartsupplypro/inventory/config/SecurityFilterHelper" sourcefilename="SecurityFilterHelper.java"><method name="&lt;init&gt;" desc="()V" line="20"><counter type="INSTRUCTION" missed="0" covered="3"/><counter type="LINE" missed="0" covered="1"/><counter type="COMPLEXITY" missed="0" covered="1"/><counter type="METHOD" missed="0" covered="1"/></method><method name="createApiDetectionFilter" desc="()Lorg/springframework/web/filter/OncePerRequestFilter;" line="28"><counter type="INSTRUCTION" missed="0" covered="5"/><counter type="LINE" missed="0" covered="1"/><counter type="COMPLEXITY" missed="0" covered="1"/><counter type="METHOD" missed="0" covered="1"/></method><counter type="INSTRUCTION" missed="0" covered="8"/><counter type="LINE" missed="0" covered="2"/><counter type="COMPLEXITY" missed="0" covered="2"/><counter type="METHOD" missed="0" covered="2"/><counter type="CLASS" missed="0" covered="1"/></class><sourcefile name="SecurityConfig.java"><line nr="51" mi="0" ci="3" mb="0" cb="0"/><line nr="87" mi="0" ci="4" mb="0" cb="0"/><line nr="88" mi="6" ci="2" mb="0" cb="0"/><line nr="89" mi="0" ci="4" mb="0" cb="0"/><line nr="90" mi="0" ci="8" mb="0" cb="0"/><line nr="92" mi="0" ci="3" mb="0" cb="0"/><line nr="93" mi="0" ci="1" mb="0" cb="0"/><line nr="94" mi="0" ci="4" mb="0" cb="0"/><line nr="95" mi="0" ci="13" mb="0" cb="0"/><line nr="97" mi="0" ci="7" mb="0" cb="0"/><line nr="98" mi="0" ci="3" mb="0" cb="0"/><line nr="99" mi="2" ci="2" mb="0" cb="0"/><line nr="101" mi="0" ci="3" mb="0" cb="0"/><line nr="102" mi="0" ci="9" mb="0" cb="0"/><line nr="103" mi="0" ci="13" mb="0" cb="0"/><line nr="104" mi="0" ci="9" mb="0" cb="0"/><line nr="105" mi="0" ci="2" mb="0" cb="0"/><line nr="107" mi="0" ci="5" mb="0" cb="0"/><line nr="108" mi="0" ci="3" mb="0" cb="0"/><line nr="109" mi="0" ci="2" mb="0" cb="0"/><line nr="110" mi="6" ci="0" mb="0" cb="0"/><line nr="111" mi="2" ci="0" mb="2" cb="0"/><line nr="112" mi="3" ci="0" mb="0" cb="0"/><line nr="113" mi="1" ci="0" mb="0" cb="0"/><line nr="115" mi="5" ci="0" mb="0" cb="0"/><line nr="116" mi="4" ci="0" mb="0" cb="0"/><line nr="117" mi="3" ci="0" mb="0" cb="0"/><line nr="118" mi="6" ci="0" mb="4" cb="0"/><line nr="119" mi="2" ci="0" mb="0" cb="0"/><line nr="121" mi="3" ci="0" mb="0" cb="0"/><line nr="122" mi="1" ci="0" mb="0" cb="0"/><line nr="123" mi="0" ci="11" mb="0" cb="0"/><line nr="124" mi="0" ci="1" mb="0" cb="0"/><line nr="125" mi="0" ci="2" mb="0" cb="0"/><line nr="127" mi="0" ci="7" mb="0" cb="0"/><line nr="128" mi="0" ci="20" mb="0" cb="0"/><line nr="129" mi="0" ci="4" mb="0" cb="0"/><line nr="137" mi="0" ci="4" mb="0" cb="0"/><line nr="138" mi="0" ci="7" mb="0" cb="0"/><line nr="144" mi="0" ci="9" mb="0" cb="0"/><line nr="145" mi="0" ci="4" mb="0" cb="0"/><line nr="146" mi="0" ci="4" mb="0" cb="0"/><line nr="147" mi="0" ci="4" mb="0" cb="0"/><line nr="148" mi="0" ci="4" mb="0" cb="0"/><line nr="150" mi="0" ci="4" mb="0" cb="0"/><line nr="151" mi="0" ci="4" mb="0" cb="0"/><line nr="152" mi="0" ci="2" mb="0" cb="0"/><line nr="160" mi="0" ci="4" mb="0" cb="0"/><line nr="161" mi="0" ci="3" mb="0" cb="0"/><line nr="162" mi="0" ci="3" mb="0" cb="0"/><line nr="163" mi="0" ci="3" mb="0" cb="0"/><line nr="164" mi="0" ci="2" mb="0" cb="0"/><line nr="172" mi="0" ci="3" mb="0" cb="0"/><line nr="173" mi="6" ci="0" mb="0" cb="0"/><line nr="174" mi="5" ci="0" mb="0" cb="0"/><line nr="175" mi="6" ci="0" mb="2" cb="0"/><line nr="176" mi="1" ci="0" mb="0" cb="0"/><line nr="184" mi="0" ci="4" mb="0" cb="0"/><counter type="INSTRUCTION" missed="62" covered="213"/><counter type="BRANCH" missed="8" covered="0"/><counter type="LINE" missed="15" covered="43"/><counter type="COMPLEXITY" missed="8" covered="14"/><counter type="METHOD" missed="4" covered="14"/><counter type="CLASS" missed="0" covered="1"/></sourcefile><sourcefile name="SecurityFilterHelper.java"><line nr="20" mi="0" ci="3" mb="0" cb="0"/><line nr="28" mi="0" ci="11" mb="0" cb="0"/><line nr="34" mi="4" ci="0" mb="0" cb="0"/><line nr="35" mi="9" ci="0" mb="4" cb="0"/><line nr="36" mi="2" ci="0" mb="2" cb="0"/><line nr="37" mi="5" ci="0" mb="0" cb="0"/><line nr="39" mi="4" ci="0" mb="0" cb="0"/><line nr="40" mi="1" ci="0" mb="0" cb="0"/><counter type="INSTRUCTION" missed="25" covered="14"/><counter type="BRANCH" missed="6" covered="0"/><counter type="LINE" missed="6" covered="2"/><counter type="COMPLEXITY" missed="4" covered="3"/><counter type="METHOD" missed="1" covered="3"/><counter type="CLASS" missed="0" covered="2"/></sourcefile><sourcefile name="SecurityEntryPointHelper.java"><line nr="14" mi="0" ci="3" mb="0" cb="0"/><line nr="20" mi="0" ci="2" mb="0" cb="0"/><line nr="21" mi="3" ci="0" mb="0" cb="0"/><line nr="22" mi="3" ci="0" mb="0" cb="0"/><line nr="23" mi="4" ci="0" mb="0" cb="0"/><line nr="24" mi="1" ci="0" mb="0" cb="0"/><line nr="31" mi="0" ci="3" mb="0" cb="0"/><line nr="32" mi="3" ci="0" mb="0" cb="0"/><line nr="33" mi="3" ci="0" mb="0" cb="0"/><line nr="34" mi="1" ci="0" mb="0" cb="0"/><counter type="INSTRUCTION" missed="18" covered="8"/><counter type="LINE" missed="7" covered="3"/><counter type="COMPLEXITY" missed="2" covered="3"/><counter type="METHOD" missed="2" covered="3"/><counter type="CLASS" missed="0" covered="1"/></sourcefile><sourcefile name="SecurityAuthorizationHelper.java"><line nr="14" mi="0" ci="3" mb="0" cb="0"/><line nr="26" mi="0" ci="12" mb="0" cb="0"/><line nr="27" mi="0" ci="11" mb="0" cb="0"/><line nr="28" mi="0" ci="37" mb="0" cb="0"/><line nr="31" mi="0" ci="2" mb="0" cb="0"/><line nr="34" mi="0" ci="2" mb="1" cb="1"/><line nr="35" mi="12" ci="0" mb="0" cb="0"/><line nr="36" mi="12" ci="0" mb="0" cb="0"/><line nr="37" mi="12" ci="0" mb="0" cb="0"/><line nr="41" mi="0" ci="12" mb="0" cb="0"/><line nr="42" mi="0" ci="12" mb="0" cb="0"/><line nr="43" mi="0" ci="12" mb="0" cb="0"/><line nr="46" mi="0" ci="12" mb="0" cb="0"/><line nr="47" mi="0" ci="13" mb="0" cb="0"/><line nr="48" mi="0" ci="13" mb="0" cb="0"/><line nr="49" mi="0" ci="13" mb="0" cb="0"/><line nr="50" mi="0" ci="13" mb="0" cb="0"/><line nr="51" mi="0" ci="13" mb="0" cb="0"/><line nr="52" mi="0" ci="13" mb="0" cb="0"/><line nr="53" mi="0" ci="13" mb="0" cb="0"/><line nr="54" mi="0" ci="13" mb="0" cb="0"/><line nr="57" mi="0" ci="11" mb="0" cb="0"/><line nr="60" mi="0" ci="5" mb="0" cb="0"/><line nr="61" mi="0" ci="1" mb="0" cb="0"/><counter type="INSTRUCTION" missed="36" covered="236"/><counter type="BRANCH" missed="1" covered="1"/><counter type="LINE" missed="3" covered="21"/><counter type="COMPLEXITY" missed="1" covered="2"/><counter type="METHOD" missed="0" covered="2"/><counter type="CLASS" missed="0" covered="1"/></sourcefile><sourcefile name="AppProperties.java"><line nr="12" mi="0" ci="2" mb="0" cb="0"/><line nr="14" mi="0" ci="3" mb="0" cb="0"/><line nr="17" mi="0" ci="6" mb="0" cb="0"/><line nr="20" mi="0" ci="3" mb="0" cb="0"/><line nr="23" mi="0" ci="4" mb="0" cb="0"/><line nr="26" mi="0" ci="3" mb="0" cb="0"/><line nr="32" mi="0" ci="2" mb="0" cb="0"/><line nr="34" mi="0" ci="3" mb="0" cb="0"/><line nr="37" mi="0" ci="4" mb="0" cb="0"/><line nr="40" mi="0" ci="3" mb="0" cb="0"/><line nr="43" mi="0" ci="4" mb="0" cb="0"/><line nr="46" mi="3" ci="0" mb="0" cb="0"/><line nr="49" mi="0" ci="4" mb="0" cb="0"/><counter type="INSTRUCTION" missed="3" covered="41"/><counter type="LINE" missed="1" covered="12"/><counter type="COMPLEXITY" missed="1" covered="8"/><counter type="METHOD" missed="1" covered="8"/><counter type="CLASS" missed="0" covered="2"/></sourcefile><sourcefile name="SecuritySpelBridgeConfig.java"><line nr="18" mi="0" ci="3" mb="0" cb="0"/><line nr="29" mi="0" ci="2" mb="0" cb="0"/><counter type="INSTRUCTION" missed="0" covered="5"/><counter type="LINE" missed="0" covered="2"/><counter type="COMPLEXITY" missed="0" covered="2"/><counter type="METHOD" missed="0" covered="2"/><counter type="CLASS" missed="0" covered="1"/></sourcefile><counter type="INSTRUCTION" missed="144" covered="517"/><counter type="BRANCH" missed="15" covered="1"/><counter type="LINE" missed="32" covered="83"/><counter type="COMPLEXITY" missed="16" covered="32"/><counter type="METHOD" missed="8" covered="32"/><counter type="CLASS" missed="0" covered="8"/></package><package na
[...]
ancialSummaryDTO$FinancialSummaryDTOBuilder" sourcefilename="FinancialSummaryDTO.java"/><class name="com/smartsupplypro/inventory/dto/DashboardSummaryDTO" sourcefilename="DashboardSummaryDTO.java"/><class name="com/smartsupplypro/inventory/dto/PriceTrendDTO" sourcefilename="PriceTrendDTO.java"><method name="&lt;init&gt;" desc="(Ljava/time/LocalDateTime;Ljava/math/BigDecimal;)V" line="27"><counter type="INSTRUCTION" missed="0" covered="11"/><counter type="LINE" missed="0" covered="4"/><counter type="COMPLEXITY" missed="0" covered="1"/><counter type="METHOD" missed="0" covered="1"/></method><counter type="INSTRUCTION" missed="0" covered="11"/><counter type="LINE" missed="0" covered="4"/><counter type="COMPLEXITY" missed="0" covered="1"/><counter type="METHOD" missed="0" covered="1"/><counter type="CLASS" missed="0" covered="1"/></class><class name="com/smartsupplypro/inventory/dto/MonthlyStockMovementDTO" sourcefilename="MonthlyStockMovementDTO.java"/><class name="com/smartsupplypro/inventory/dto/StockHistoryDTO$StockHistoryDTOBuilder" sourcefilename="StockHistoryDTO.java"/><class name="com/smartsupplypro/inventory/dto/InventoryItemDTO$Create" sourcefilename="InventoryItemDTO.java"/><class name="com/smartsupplypro/inventory/dto/SupplierDTO$SupplierDTOBuilder" sourcefilename="SupplierDTO.java"/><class name="com/smartsupplypro/inventory/dto/StockHistoryDTO" sourcefilename="StockHistoryDTO.java"/><class name="com/smartsupplypro/inventory/dto/StockUpdateResultDTO" sourcefilename="StockUpdateResultDTO.java"/><class name="com/smartsupplypro/inventory/dto/StockPerSupplierDTO" sourcefilename="StockPerSupplierDTO.java"/><class name="com/smartsupplypro/inventory/dto/StockValueOverTimeDTO" sourcefilename="StockValueOverTimeDTO.java"/><class name="com/smartsupplypro/inventory/dto/InventoryItemDTO$Update" sourcefilename="InventoryItemDTO.java"/><class name="com/smartsupplypro/inventory/dto/InventoryItemDTO$InventoryItemDTOBuilder" sourcefilename="InventoryItemDTO.java"/><class name="com/smartsupplypro/inventory/dto/StockEventRowDTO" sourcefilename="StockEventRowDTO.java"><method name="&lt;init&gt;" desc="(Ljava/lang/String;Ljava/lang/String;Ljava/time/LocalDateTime;ILjava/math/BigDecimal;Lcom/smartsupplypro/inventory/enums/StockChangeReason;)V" line="12"><counter type="INSTRUCTION" missed="0" covered="21"/><counter type="LINE" missed="0" covered="1"/><counter type="COMPLEXITY" missed="0" covered="1"/><counter type="METHOD" missed="0" covered="1"/></method><counter type="INSTRUCTION" missed="0" covered="21"/><counter type="LINE" missed="0" covered="1"/><counter type="COMPLEXITY" missed="0" covered="1"/><counter type="METHOD" missed="0" covered="1"/><counter type="CLASS" missed="0" covered="1"/></class><class name="com/smartsupplypro/inventory/dto/ItemUpdateFrequencyDTO" sourcefilename="ItemUpdateFrequencyDTO.java"/><class name="com/smartsupplypro/inventory/dto/DashboardSummaryDTO$DashboardSummaryDTOBuilder" sourcefilename="DashboardSummaryDTO.java"/><class name="com/smartsupplypro/inventory/dto/SupplierDTO" sourcefilename="SupplierDTO.java"/><class name="com/smartsupplypro/inventory/dto/InventoryItemDTO" sourcefilename="InventoryItemDTO.java"/><class name="com/smartsupplypro/inventory/dto/LowStockItemDTO" sourcefilename="LowStockItemDTO.java"/><class name="com/smartsupplypro/inventory/dto/FinancialSummaryDTO" sourcefilename="FinancialSummaryDTO.java"/><sourcefile name="MonthlyStockMovementDTO.java"/><sourcefile name="PriceTrendDTO.java"><line nr="27" mi="0" ci="2" mb="0" cb="0"/><line nr="28" mi="0" ci="5" mb="0" cb="0"/><line nr="29" mi="0" ci="3" mb="0" cb="0"/><line nr="30" mi="0" ci="1" mb="0" cb="0"/><counter type="INSTRUCTION" missed="0" covered="11"/><counter type="LINE" missed="0" covered="4"/><counter type="COMPLEXITY" missed="0" covered="1"/><counter type="METHOD" missed="0" covered="1"/><counter type="CLASS" missed="0" covered="1"/></sourcefile><sourcefile name="StockEventRowDTO.java"><line nr="12" mi="0" ci="21" mb="0" cb="0"/><counter type="INSTRUCTION" missed="0" covered="21"/><counter type="LINE" missed="0" covered="1"/><counter type="COMPLEXITY" missed="0" covered="1"/><counter type="METHOD" missed="0" covered="1"/><counter type="CLASS" missed="0" covered="1"/></sourcefile><sourcefile name="ItemUpdateFrequencyDTO.java"/><sourcefile name="StockHistoryDTO.java"/><sourcefile name="StockPerSupplierDTO.java"/><sourcefile name="StockValueOverTimeDTO.java"/><sourcefile name="StockUpdateResultDTO.java"/><sourcefile name="SupplierDTO.java"/><sourcefile name="FinancialSummaryDTO.java"/><sourcefile name="StockUpdateFilterDTO.java"/><sourcefile name="DashboardSummaryDTO.java"/><sourcefile name="LowStockItemDTO.java"/><sourcefile name="InventoryItemDTO.java"/><counter type="INSTRUCTION" missed="0" covered="32"/><counter type="LINE" missed="0" covered="5"/><counter type="COMPLEXITY" missed="0" covered="2"/><counter type="METHOD" missed="0" covered="2"/><counter type="CLASS" missed="0" covered="2"/></package><package name="com/smartsupplypro/inventory/validation"><class name="com/smartsupplypro/inventory/validation/StockHistoryValidator" sourcefilename="StockHistoryValidator.java"><method name="validate" desc="(Lcom/smartsupplypro/inventory/dto/StockHistoryDTO;)V" line="35"><counter type="INSTRUCTION" missed="16" covered="60"/><counter type="BRANCH" missed="7" covered="15"/><counter type="LINE" missed="2" covered="14"/><counter type="COMPLEXITY" missed="6" covered="6"/><counter type="METHOD" missed="0" covered="1"/></method><method name="validateEnum" desc="(Lcom/smartsupplypro/inventory/enums/StockChangeReason;)V" line="72"><counter type="INSTRUCTION" missed="0" covered="41"/><counter type="BRANCH" missed="1" covered="3"/><counter type="LINE" missed="0" covered="4"/><counter type="COMPLEXITY" missed="1" covered="2"/><counter type="METHOD" missed="0" covered="1"/></method><counter type="INSTRUCTION" missed="16" covered="101"/><counter type="BRANCH" missed="8" covered="18"/><counter type="LINE" missed="2" covered="18"/><counter type="COMPLEXITY" missed="7" covered="8"/><counter type="METHOD" missed="0" covered="2"/><counter type="CLASS" missed="0" covered="1"/></class><class name="com/smartsupplypro/inventory/validation/InventoryItemValidator" sourcefilename="InventoryItemValidator.java"><method name="validateBase" desc="(Lcom/smartsupplypro/inventory/dto/InventoryItemDTO;)V" line="42"><counter type="INSTRUCTION" missed="0" covered="61"/><counter type="BRANCH" missed="4" covered="14"/><counter type="LINE" missed="0" covered="11"/><counter type="COMPLEXITY" missed="4" covered="6"/><counter type="METHOD" missed="0" covered="1"/></method><method name="validateInventoryItemNotExists" desc="(Ljava/lang/String;Ljava/lang/String;Ljava/math/BigDecimal;Lcom/smartsupplypro/inventory/repository/InventoryItemRepository;)V" line="70"><counter type="INSTRUCTION" missed="2" covered="29"/><counter type="BRANCH" missed="3" covered="3"/><counter type="LINE" missed="2" covered="4"/><counter type="COMPLEXITY" missed="3" covered="1"/><counter type="METHOD" missed="0" covered="1"/></method><method name="validateInventoryItemNotExists" desc="(Ljava/lang/String;Ljava/math/BigDecimal;Lcom/smartsupplypro/inventory/repository/InventoryItemRepository;)V" line="90"><counter type="INSTRUCTION" missed="15" covered="11"/><counter type="BRANCH" missed="3" covered="1"/><counter type="LINE" missed="3" covered="3"/><counter type="COMPLEXITY" missed="2" covered="1"/><counter type="METHOD" missed="0" covered="1"/></method><method name="validateExists" desc="(Ljava/lang/String;Lcom/smartsupplypro/inventory/repository/InventoryItemRepository;)Lcom/smartsupplypro/inventory/model/InventoryItem;" line="109"><counter type="INSTRUCTION" missed="8" covered="0"/><counter type="LINE" missed="1" covered="0"/><counter type="COMPLEXITY" missed="1" covered="0"/><counter type="METHOD" missed="1" covered="0"/></method><method name="assertFinalQuantityNonNegative" desc="(I)V" line="121"><counter type="INSTRUCTION" missed="9" covered="0"/><counter type="BRANCH" missed="2" covered="0"/><counter type="LINE" missed="3" covered="0"/><counter type="COMPLEXITY" missed="2" covered="0"/><counter type="METHOD" missed="1" covered="0"/></method><method name="assertPriceValid" desc="(Ljava/math/BigDecimal;)V" line="136"><counter type="INSTRUCTION" missed="13" covered="0"/><counter type="BRANCH" missed="4" covered="0"/><counter type="LINE" missed="3" covered="0"/><counter type="COMPLEXITY" missed="3" covered="0"/><counter type="METHOD" missed="1" covered="0"/></method><method name="assertQuantityIsZeroForDeletion" desc="(Lcom/smartsupplypro/inventory/model/InventoryItem;)V" line="152"><counter type="INSTRUCTION" missed="0" covered="9"/><counter type="BRANCH" missed="0" covered="2"/><counter type="LINE" missed="0" covered="3"/><counter type="COMPLEXITY" missed="0" covered="2"/><counter type="METHOD" missed="0" covered="1"/></method><method name="lambda$validateExists$0" desc="(Ljava/lang/String;)Lorg/springframework/web/server/ResponseStatusException;" line="110"><counter type="INSTRUCTION" missed="7" covered="0"/><counter type="LINE" missed="1" covered="0"/><counter type="COMPLEXITY" missed="1" covered="0"/><counter type="METHOD" missed="1" covered="0"/></method><counter type="INSTRUCTION" missed="54" covered="110"/><counter type="BRANCH" missed="16" covered="20"/><counter type="LINE" missed="13" covered="21"/><counter type="COMPLEXITY" missed="16" covered="10"/><counter type="METHOD" missed="4" covered="4"/><counter type="CLASS" missed="0" covered="1"/></class><class name="com/smartsupplypro/inventory/validation/SupplierValidator" sourcefilename="SupplierValidator.java"><method name="validateBase" desc="(Lcom/smartsupplypro/inventory/dto/SupplierDTO;)V" line="36"><counter type="INSTRUCTION" missed="0" covered="17"/><counter type="BRANCH" missed="0" covered="4"/><counter type="LINE" missed="0" covered="5"/><counter type="COMPLEXITY" missed="0" covered="3"/><counter type="METHOD" missed="0" covered="1"/></method><method name="assertUniqueName" desc="(Lcom/smartsupplypro/inventory/repository/SupplierRepository;Ljava/lang/String;Ljava/lang/String;)V" line="53"><counter type="INSTRUCTION" missed="1" covered="31"/><counter type="BRANCH" missed="1" covered="5"/><counter type="LINE" missed="0" covered="9"/><counter type="COMPLEXITY" missed="1" covered="3"/><counter type="METHOD" missed="0" covered="1"/></method><method name="assertDeletable" desc="(Ljava/lang/String;Ljava/util/function/BooleanSupplier;)V" line="76"><counter type="INSTRUCTION" missed="0" covered="19"/><counter type="BRANCH" missed="1" covered="5"/><counter type="LINE" missed="0" covered="5"/><counter type="COMPLEXITY" missed="1" covered="3"/><counter type="METHOD" missed="0" covered="1"/></method><method name="isBlank" desc="(Ljava/lang/String;)Z" line="87"><counter type="INSTRUCTION" missed="0" covered="10"/><counter type="BRANCH" missed="1" covered="3"/><counter type="LINE" missed="0" covered="1"/><counter type="COMPLEXITY" missed="1" covered="2"/><counter type="METHOD" missed="0" covered="1"/></method><method name="invokeGetId" desc="(Ljava/lang/Object;)Ljava/lang/String;" line="98"><counter type="INSTRUCTION" missed="4" covered="19"/><counter type="BRANCH" missed="1" covered="1"/><counter type="LINE" missed="2" covered="3"/><counter type="COMPLEXITY" missed="1" covered="1"/><counter type="METHOD" missed="0" covered="1"/></method><method name="lambda$assertUniqueName$0" desc="(Lcom/smartsupplypro/inventory/model/Supplier;)Ljava/lang/Object;" line="56"><counter type="INSTRUCTION" missed="0" covered="2"/><counter type="LINE" missed="0" covered="1"/><counter type="COMPLEXITY" missed="0" covered="1"/><counter type="METHOD" missed="0" covered="1"/></method><counter type="INSTRUCTION" missed="5" covered="98"/><counter type="BRANCH" missed="4" covered="18"/><counter type="LINE" missed="2" covered="23"/><counter type="COMPLEXITY" missed="4" covered="13"/><counter type="METHOD" missed="0" covered="6"/><counter type="CLASS" missed="0" covered="1"/></class><class name="com/smartsupplypro/inventory/validation/InventoryItemSecurityValidator" sourcefilename="InventoryItemSecurityValidator.java"><method name="&lt;init&gt;" desc="()V" line="28"><counter type="INSTRUCTION" missed="3" covered="0"/><counter type="LINE" missed="1" covered="0"/><counter type="COMPLEXITY" missed="1" covered="0"/><counter type="METHOD" missed="1" covered="0"/></method><method name="validateUpdatePermissions" desc="(Lcom/smartsupplypro/inventory/model/InventoryItem;Lcom/smartsupplypro/inventory/dto/InventoryItemDTO;)V" line="40"><counter type="INSTRUCTION" missed="66" covered="0"/><counter type="BRANCH" missed="14" covered="0"/><counter type="LINE" missed="15" covered="0"/><counter type="COMPLEXITY" missed="8" covered="0"/><counter type="METHOD" missed="1" covered="0"/></method><method name="lambda$validateUpdatePermissions$1" desc="(Ljava/lang/String;)Z" line="48"><counter type="INSTRUCTION" missed="12" covered="0"/><counter type="BRANCH" missed="4" covered="0"/><counter type="LINE" missed="1" covered="0"/><counter type="COMPLEXITY" missed="3" covered="0"/><counter type="METHOD" missed="1" covered="0"/></method><method name="lambda$validateUpdatePermissions$0" desc="(Lorg/springframework/security/core/GrantedAuthority;)Ljava/lang/String;" line="47"><counter type="INSTRUCTION" missed="3" covered="0"/><counter type="LINE" missed="1" covered="0"/><counter type="COMPLEXITY" missed="1" covered="0"/><counter type="METHOD" missed="1" covered="0"/></method><counter type="INSTRUCTION" missed="84" covered="0"/><counter type="BRANCH" missed="18" covered="0"/><counter type="LINE" missed="16" covered="0"/><counter type="COMPLEXITY" missed="13" covered="0"/><counter type="METHOD" missed="4" covered="0"/><counter type="CLASS" missed="1" covered="0"/></class><sourcefile name="StockHistoryValidator.java"><line nr="35" mi="0" ci="7" mb="1" cb="3"/><line nr="36" mi="0" ci="5" mb="0" cb="0"/><line nr="41" mi="2" ci="7" mb="1" cb="1"/><line nr="42" mi="0" ci="1" mb="0" cb="0"/><line nr="43" mi="0" ci="7" mb="0" cb="0"/><line nr="44" mi="0" ci="1" mb="0" cb="0"/><line nr="45" mi="5" ci="2" mb="1" cb="1"/><line nr="48" mi="0" ci="6" mb="1" cb="3"/><line nr="49" mi="0" ci="5" mb="0" cb="0"/><line nr="53" mi="0" ci="7" mb="0" cb="4"/><line nr="54" mi="0" ci="5" mb="0" cb="0"/><line nr="58" mi="0" ci="4" mb="0" cb="2"/><line nr="59" mi="1" ci="2" mb="1" cb="1"/><line nr="60" mi="3" ci="0" mb="2" cb="0"/><line nr="61" mi="5" ci="0" mb="0" cb="0"/><line nr="63" mi="0" ci="1" mb="0" cb="0"/><line nr="72" mi="0" ci="31" mb="0" cb="2"/><line nr="80" mi="0" ci="2" mb="1" cb="1"/><line nr="81" mi="0" ci="7" mb="0" cb="0"/><line nr="83" mi="0" ci="1" mb="0" cb="0"/><counter type="INSTRUCTION" missed="16" covered="101"/><counter type="BRANCH" missed="8" covered="18"/><counter type="LINE" missed="2" covered="18"/><counter type="COMPLEXITY" missed="7" covered="8"/><counter type="METHOD" missed="0" covered="2"/><counter type="CLASS" missed="0" covered="1"/></sourcefile><sourcefile name="InventoryItemSecurityValidator.java"><line nr="28" mi="3" ci="0" mb="0" cb="0"/><line nr="40" mi="3" ci="0" mb="0" cb="0"/><line nr="41" mi="6" ci="0" mb="4" cb="0"/><line nr="42" mi="6" ci="0" mb="0" cb="0"/><line nr="45" mi="4" ci="0" mb="0" cb="0"/><line nr="46" mi="4" ci="0" mb="0" cb="0"/><line nr="47" mi="5" ci="0" mb="0" cb="0"/><line nr="48" mi="13" ci="0" mb="4" cb="0"/><line nr="49" mi="2" ci="0" mb="0" cb="0"/><line nr="50" mi="3" ci="0" mb="0" cb="0"/><line nr="52" mi="4" ci="0" mb="2" cb="0"/><line nr="53" mi="10" ci="0" mb="2" cb="0"/><line nr="54" mi="10" ci="0" mb="2" cb="0"/><line nr="56" mi="4" ci="0" mb="4" cb="0"/><line nr="57" mi="6" ci="0" mb="0" cb="0"/><line nr="63" mi="1" ci="0" mb="0" cb="0"/><counter type="INSTRUCTION" missed="84" covered="0"/><counter type="BRANCH" missed="18" covered="0"/><counter type="LINE" missed="16" covered="0"/><counter type="COMPLEXITY" missed="13" covered="0"/><counter type="METHOD" missed="4" covered="0"/><counter type="CLASS" missed="1" covered="0"/></sourcefile><sourcefile name="InventoryItemValidator.java"><line nr="42" mi="0" ci="8" mb="1" cb="3"/><line nr="43" mi="0" ci="5" mb="0" cb="0"/><line nr="45" mi="0" ci="3" mb="0" cb="2"/><line nr="46" mi="0" ci="5" mb="0" cb="0"/><line nr="48" mi="0" ci="8" mb="1" cb="3"/><line nr="49" mi="0" ci="5" mb="0" cb="0"/><line nr="51" mi="0" ci="8" mb="1" cb="3"/><line nr="52" mi="0" ci="5" mb="0" cb="0"/><line nr="54" mi="0" ci="8" mb="1" cb="3"/><line nr="55" mi="0" ci="5" mb="0" cb="0"/><line nr="57" mi="0" ci="1" mb="0" cb="0"/><line nr="70" mi="0" ci="4" mb="0" cb="0"/><line nr="71" mi="0" ci="10" mb="1" cb="1"/><line nr="72" mi="0" ci="10" mb="2" cb="2"/><line nr="73" mi="0" ci="5" mb="0" cb="0"/><line nr="77" mi="1" ci="0" mb="0" cb="0"/><line nr="78" mi="1" ci="0" mb="0" cb="0"/><line nr="90" mi="0" ci="4" mb="0" cb="0"/><line nr="91" mi="4" ci="6" mb="1" cb="1"/><line nr="92" mi="5" ci="0" mb="2" cb="0"/><line nr="93" mi="5" ci="0" mb="0" cb="0"/><line nr="97" mi="1" ci="0" mb="0" cb="0"/><line nr="98" mi="0" ci="1" mb="0" cb="0"/><line nr="109" mi="8" ci="0" mb="0" cb="0"/><line nr="110" mi="7" ci="0" mb="0" cb="0"/><line nr="121" mi="2" ci="0" mb="2" cb="0"/><line nr="122" mi="6" ci="0" mb="0" cb="0"/><line nr="127" mi="1" ci="0" mb="0" cb="0"/><line nr="136" mi="6" ci="0" mb="4" cb="0"/><line nr="137" mi="6" ci="0" mb="0" cb="0"/><line nr="142" mi="1" ci="0" mb="0" cb="0"/><line nr="152" mi="0" ci="3" mb="0" cb="2"/><line nr="153" mi="0" ci="5" mb="0" cb="0"/><line nr="158" mi="0" ci="1" mb="0" cb="0"/><counter type="INSTRUCTION" missed="54" covered="110"/><counter type="BRANCH" missed="16" covered="20"/><counter type="LINE" missed="13" covered="21"/><counter type="COMPLEXITY" missed="16" covered="10"/><counter type="METHOD" missed="4" covered="4"/><counter type="CLASS" missed="0" covered="1"/></sourcefile><sourcefile name="SupplierValidator.java"><line nr="36" mi="0" ci="2" mb="0" cb="2"/><line nr="37" mi="0" ci="5" mb="0" cb="0"/><line nr="39" mi="0" ci="4" mb="0" cb="2"/><line nr="40" mi="0" ci="5" mb="0" cb="0"/><line nr="42" mi="0" ci="1" mb="0" cb="0"/><line nr="53" mi="1" ci="3" mb="1" cb="1"/><line nr="54" mi="0" ci="3" mb="0" cb="0"/><line nr="56" mi="0" ci="8" mb="0" cb="0"/><line nr="57" mi="0" ci="4" mb="0" cb="0"/><line nr="58" mi="0" ci="2" mb="0" cb="2"/><line nr="59" mi="0" ci="3" mb="0" cb="0"/><line nr="60" mi="0" ci="4" mb="0" cb="2"/><line nr="61" mi="0" ci="5" mb="0" cb="0"/><line nr="64" mi="0" ci="1" mb="0" cb="0"/><line nr="76" mi="0" ci="3" mb="0" cb="2"/><line nr="77" mi="0" ci="5" mb="0" cb="0"/><line nr="79" mi="0" ci="5" mb="1" cb="3"/><line nr="80" mi="0" ci="5" mb="0" cb="0"/><line nr="82" mi="0" ci="1" mb="0" cb="0"/><line nr="87" mi="0" ci="10" mb="1" cb="3"/><line nr="98" mi="0" ci="7" mb="0" cb="0"/><line nr="99" mi="0" ci="6" mb="0" cb="0"/><line nr="100" mi="1" ci="6" mb="1" cb="1"/><line nr="101" mi="1" ci="0" mb="0" cb="0"/><line nr="102" mi="2" ci="0" mb="0" cb="0"/><counter type="INSTRUCTION" missed="5" covered="98"/><counter type="BRANCH" missed="4" covered="18"/><counter type="LINE" missed="2" covered="23"/><counter type="COMPLEXITY" missed="4" covered="13"/><counter type="METHOD" missed="0" covered="6"/><counter type="CLASS" missed="0" covered="1"/></sourcefile><counter type="INSTRUCTION" missed="159" covered="309"/><counter type="BRANCH" missed="46" covered="56"/><counter type="LINE" missed="33" covered="62"/><counter type="COMPLEXITY" missed="40" covered="31"/><counter type="METHOD" missed="8" covered="12"/><counter type="CLASS" missed="1" covered="3"/></package><counter type="INSTRUCTION" missed="2965" covered="4002"/><counter type="BRANCH" missed="451" covered="249"/><counter type="LINE" missed="639" covered="926"/><counter type="COMPLEXITY" missed="442" covered="272"/><counter type="METHOD" missed="153" covered="210"/><counter type="CLASS" missed="8" covered="53"/></report>